INFO - 2024-01-30 06:16:47 --> Session: Class initialized using 'CodeIgniter\Session\Handlers\FileHandler' driver.
INFO - 2024-01-30 06:17:01 --> CSRF token verified.
INFO - 2024-01-30 06:17:01 --> Session: Class initialized using 'CodeIgniter\Session\Handlers\FileHandler' driver.
INFO - 2024-01-30 06:17:01 --> Session: Class initialized using 'CodeIgniter\Session\Handlers\FileHandler' driver.
INFO - 2024-01-30 06:17:01 --> Session: Class initialized using 'CodeIgniter\Session\Handlers\FileHandler' driver.
INFO - 2024-01-30 06:17:08 --> Session: Class initialized using 'CodeIgniter\Session\Handlers\FileHandler' driver.
INFO - 2024-01-30 06:17:08 --> CSRF token verified.
INFO - 2024-01-30 06:17:08 --> Session: Class initialized using 'CodeIgniter\Session\Handlers\FileHandler' driver.
INFO - 2024-01-30 06:17:10 --> Session: Class initialized using 'CodeIgniter\Session\Handlers\FileHandler' driver.
WARNING - 2024-01-30 06:17:10 --> [DEPRECATED] json_decode(): Passing null to parameter #1 ($json) of type string is deprecated in APPPATH/Views/admin/fertilzerViews/_fertilzerFormItems.php on line 381.
 1 APPPATH/Views/admin/fertilzerViews/_fertilzerFormItems.php(381): json_decode(null)
 2 SYSTEMPATH/View/View.php(228): include('/Users/tonypeter/Downloads/MMMFert/app/Views/admin/fertilzerViews/_fertilzerFormItems.php')
 3 SYSTEMPATH/View/View.php(231): CodeIgniter\View\View->CodeIgniter\View\{closure}()
 4 SYSTEMPATH/Common.php(1190): CodeIgniter\View\View->render('admin/fertilzerViews/_fertilzerFormItems', [], true)
 5 APPPATH/Views/admin/fertilzerViews/viewFertilzerForm.php(17): view('admin/fertilzerViews/_fertilzerFormItems')
 6 SYSTEMPATH/View/View.php(228): include('/Users/tonypeter/Downloads/MMMFert/app/Views/admin/fertilzerViews/viewFertilzerForm.php')
 7 SYSTEMPATH/View/View.php(231): CodeIgniter\View\View->CodeIgniter\View\{closure}()
 8 SYSTEMPATH/Common.php(1190): CodeIgniter\View\View->render('admin/fertilzerViews/viewFertilzerForm', [], true)
 9 APPPATH/Controllers/GoBaseResourceController.php(170): view('admin/fertilzerViews/viewFertilzerForm', [...])
10 APPPATH/Controllers/Admin/FertilzersController.php(271): App\Controllers\GoBaseResourceController->displayForm('App\\Controllers\\Admin\\FertilzersController::edit', '1')
11 SYSTEMPATH/CodeIgniter.php(942): App\Controllers\Admin\FertilzersController->edit('1')
12 SYSTEMPATH/CodeIgniter.php(502): CodeIgniter\CodeIgniter->runController(Object(App\Controllers\Admin\FertilzersController))
13 SYSTEMPATH/CodeIgniter.php(361): CodeIgniter\CodeIgniter->handleRequest(null, Object(Config\Cache), false)
14 FCPATH/index.php(79): CodeIgniter\CodeIgniter->run()
15 SYSTEMPATH/Commands/Server/rewrite.php(47): require_once('/Users/tonypeter/Downloads/MMMFert/public/index.php')
INFO - 2024-01-30 06:17:30 --> CSRF token verified.
INFO - 2024-01-30 06:17:30 --> Session: Class initialized using 'CodeIgniter\Session\Handlers\FileHandler' driver.
WARNING - 2024-01-30 06:17:30 --> [DEPRECATED] Creation of dynamic property App\Controllers\Admin\FertilzersController::$validationErrors is deprecated in APPPATH/Controllers/GoBaseResourceController.php on line 259.
 1 APPPATH/Controllers/Admin/FertilzersController.php(220): App\Controllers\GoBaseResourceController->canValidate()
 2 SYSTEMPATH/CodeIgniter.php(942): App\Controllers\Admin\FertilzersController->edit('1')
 3 SYSTEMPATH/CodeIgniter.php(502): CodeIgniter\CodeIgniter->runController(Object(App\Controllers\Admin\FertilzersController))
 4 SYSTEMPATH/CodeIgniter.php(361): CodeIgniter\CodeIgniter->handleRequest(null, Object(Config\Cache), false)
 5 FCPATH/index.php(79): CodeIgniter\CodeIgniter->run()
 6 SYSTEMPATH/Commands/Server/rewrite.php(47): require_once('/Users/tonypeter/Downloads/MMMFert/public/index.php')
INFO - 2024-01-30 06:17:30 --> Session: Class initialized using 'CodeIgniter\Session\Handlers\FileHandler' driver.
INFO - 2024-01-30 06:17:30 --> CSRF token verified.
INFO - 2024-01-30 06:17:30 --> Session: Class initialized using 'CodeIgniter\Session\Handlers\FileHandler' driver.
INFO - 2024-01-30 06:17:33 --> Session: Class initialized using 'CodeIgniter\Session\Handlers\FileHandler' driver.
WARNING - 2024-01-30 06:17:33 --> [DEPRECATED] json_decode(): Passing null to parameter #1 ($json) of type string is deprecated in APPPATH/Views/admin/fertilzerViews/_fertilzerFormItems.php on line 381.
 1 APPPATH/Views/admin/fertilzerViews/_fertilzerFormItems.php(381): json_decode(null)
 2 SYSTEMPATH/View/View.php(228): include('/Users/tonypeter/Downloads/MMMFert/app/Views/admin/fertilzerViews/_fertilzerFormItems.php')
 3 SYSTEMPATH/View/View.php(231): CodeIgniter\View\View->CodeIgniter\View\{closure}()
 4 SYSTEMPATH/Common.php(1190): CodeIgniter\View\View->render('admin/fertilzerViews/_fertilzerFormItems', [], true)
 5 APPPATH/Views/admin/fertilzerViews/viewFertilzerForm.php(17): view('admin/fertilzerViews/_fertilzerFormItems')
 6 SYSTEMPATH/View/View.php(228): include('/Users/tonypeter/Downloads/MMMFert/app/Views/admin/fertilzerViews/viewFertilzerForm.php')
 7 SYSTEMPATH/View/View.php(231): CodeIgniter\View\View->CodeIgniter\View\{closure}()
 8 SYSTEMPATH/Common.php(1190): CodeIgniter\View\View->render('admin/fertilzerViews/viewFertilzerForm', [], true)
 9 APPPATH/Controllers/GoBaseResourceController.php(170): view('admin/fertilzerViews/viewFertilzerForm', [...])
10 APPPATH/Controllers/Admin/FertilzersController.php(271): App\Controllers\GoBaseResourceController->displayForm('App\\Controllers\\Admin\\FertilzersController::edit', '1')
11 SYSTEMPATH/CodeIgniter.php(942): App\Controllers\Admin\FertilzersController->edit('1')
12 SYSTEMPATH/CodeIgniter.php(502): CodeIgniter\CodeIgniter->runController(Object(App\Controllers\Admin\FertilzersController))
13 SYSTEMPATH/CodeIgniter.php(361): CodeIgniter\CodeIgniter->handleRequest(null, Object(Config\Cache), false)
14 FCPATH/index.php(79): CodeIgniter\CodeIgniter->run()
15 SYSTEMPATH/Commands/Server/rewrite.php(47): require_once('/Users/tonypeter/Downloads/MMMFert/public/index.php')
INFO - 2024-01-30 06:17:46 --> Session: Class initialized using 'CodeIgniter\Session\Handlers\FileHandler' driver.
INFO - 2024-01-30 06:17:46 --> Session: Class initialized using 'CodeIgniter\Session\Handlers\FileHandler' driver.
INFO - 2024-01-30 06:19:01 --> Session: Class initialized using 'CodeIgniter\Session\Handlers\FileHandler' driver.
INFO - 2024-01-30 06:19:01 --> CSRF token verified.
INFO - 2024-01-30 06:19:01 --> Session: Class initialized using 'CodeIgniter\Session\Handlers\FileHandler' driver.
INFO - 2024-01-30 06:19:04 --> Session: Class initialized using 'CodeIgniter\Session\Handlers\FileHandler' driver.
INFO - 2024-01-30 06:19:13 --> Session: Class initialized using 'CodeIgniter\Session\Handlers\FileHandler' driver.
INFO - 2024-01-30 06:19:13 --> CSRF token verified.
INFO - 2024-01-30 06:19:13 --> Session: Class initialized using 'CodeIgniter\Session\Handlers\FileHandler' driver.
INFO - 2024-01-30 06:19:15 --> Session: Class initialized using 'CodeIgniter\Session\Handlers\FileHandler' driver.
INFO - 2024-01-30 06:19:15 --> CSRF token verified.
INFO - 2024-01-30 06:19:15 --> Session: Class initialized using 'CodeIgniter\Session\Handlers\FileHandler' driver.
INFO - 2024-01-30 06:19:18 --> CSRF token verified.
INFO - 2024-01-30 06:19:18 --> Session: Class initialized using 'CodeIgniter\Session\Handlers\FileHandler' driver.
INFO - 2024-01-30 06:19:18 --> CSRF token verified.
INFO - 2024-01-30 06:19:18 --> Session: Class initialized using 'CodeIgniter\Session\Handlers\FileHandler' driver.
INFO - 2024-01-30 06:19:55 --> Session: Class initialized using 'CodeIgniter\Session\Handlers\FileHandler' driver.
INFO - 2024-01-30 06:19:55 --> CSRF token verified.
INFO - 2024-01-30 06:19:55 --> Session: Class initialized using 'CodeIgniter\Session\Handlers\FileHandler' driver.
INFO - 2024-01-30 06:19:57 --> Session: Class initialized using 'CodeIgniter\Session\Handlers\FileHandler' driver.
INFO - 2024-01-30 06:40:11 --> Session: Class initialized using 'CodeIgniter\Session\Handlers\FileHandler' driver.
INFO - 2024-01-30 06:40:11 --> Session: Class initialized using 'CodeIgniter\Session\Handlers\FileHandler' driver.
INFO - 2024-01-30 06:40:13 --> Session: Class initialized using 'CodeIgniter\Session\Handlers\FileHandler' driver.
INFO - 2024-01-30 06:40:17 --> Session: Class initialized using 'CodeIgniter\Session\Handlers\FileHandler' driver.
INFO - 2024-01-30 06:40:17 --> CSRF token verified.
INFO - 2024-01-30 06:40:17 --> Session: Class initialized using 'CodeIgniter\Session\Handlers\FileHandler' driver.
INFO - 2024-01-30 06:40:19 --> Session: Class initialized using 'CodeIgniter\Session\Handlers\FileHandler' driver.
INFO - 2024-01-30 06:40:33 --> Session: Class initialized using 'CodeIgniter\Session\Handlers\FileHandler' driver.
INFO - 2024-01-30 06:40:33 --> CSRF token verified.
INFO - 2024-01-30 06:40:33 --> Session: Class initialized using 'CodeIgniter\Session\Handlers\FileHandler' driver.
INFO - 2024-01-30 06:40:35 --> Session: Class initialized using 'CodeIgniter\Session\Handlers\FileHandler' driver.
INFO - 2024-01-30 06:43:59 --> Session: Class initialized using 'CodeIgniter\Session\Handlers\FileHandler' driver.
CRITICAL - 2024-01-30 06:43:59 --> Undefined variable $isAddPage
in APPPATH/Views/admin/categoryViews/_categoryFormItems.php on line 62.
 1 APPPATH/Views/admin/categoryViews/_categoryFormItems.php(62): CodeIgniter\Debug\Exceptions->errorHandler(2, 'Undefined variable $isAddPage', '/Users/tonypeter/Downloads/MMMFert/app/Views/admin/categoryViews/_categoryFormItems.php', 62)
 2 SYSTEMPATH/View/View.php(228): include('/Users/tonypeter/Downloads/MMMFert/app/Views/admin/categoryViews/_categoryFormItems.php')
 3 SYSTEMPATH/View/View.php(231): CodeIgniter\View\View->CodeIgniter\View\{closure}()
 4 SYSTEMPATH/Common.php(1190): CodeIgniter\View\View->render('admin/categoryViews/_categoryFormItems', [], true)
 5 APPPATH/Views/admin/categoryViews/viewCategoryForm.php(18): view('admin/categoryViews/_categoryFormItems')
 6 SYSTEMPATH/View/View.php(228): include('/Users/tonypeter/Downloads/MMMFert/app/Views/admin/categoryViews/viewCategoryForm.php')
 7 SYSTEMPATH/View/View.php(231): CodeIgniter\View\View->CodeIgniter\View\{closure}()
 8 SYSTEMPATH/Common.php(1190): CodeIgniter\View\View->render('admin/categoryViews/viewCategoryForm', [], true)
 9 APPPATH/Controllers/GoBaseResourceController.php(170): view('admin/categoryViews/viewCategoryForm', [...])
10 APPPATH/Controllers/Admin/CategoriesController.php(162): App\Controllers\GoBaseResourceController->displayForm('App\\Controllers\\Admin\\CategoriesController::add')
11 SYSTEMPATH/CodeIgniter.php(942): App\Controllers\Admin\CategoriesController->add()
12 SYSTEMPATH/CodeIgniter.php(502): CodeIgniter\CodeIgniter->runController(Object(App\Controllers\Admin\CategoriesController))
13 SYSTEMPATH/CodeIgniter.php(361): CodeIgniter\CodeIgniter->handleRequest(null, Object(Config\Cache), false)
14 FCPATH/index.php(79): CodeIgniter\CodeIgniter->run()
15 SYSTEMPATH/Commands/Server/rewrite.php(47): require_once('/Users/tonypeter/Downloads/MMMFert/public/index.php')
INFO - 2024-01-30 06:45:34 --> Session: Class initialized using 'CodeIgniter\Session\Handlers\FileHandler' driver.
WARNING - 2024-01-30 06:45:34 --> [DEPRECATED] json_decode(): Passing null to parameter #1 ($json) of type string is deprecated in APPPATH/Views/admin/categoryViews/_categoryFormItems.php on line 101.
 1 APPPATH/Views/admin/categoryViews/_categoryFormItems.php(101): json_decode(null)
 2 SYSTEMPATH/View/View.php(228): include('/Users/tonypeter/Downloads/MMMFert/app/Views/admin/categoryViews/_categoryFormItems.php')
 3 SYSTEMPATH/View/View.php(231): CodeIgniter\View\View->CodeIgniter\View\{closure}()
 4 SYSTEMPATH/Common.php(1190): CodeIgniter\View\View->render('admin/categoryViews/_categoryFormItems', [], true)
 5 APPPATH/Views/admin/categoryViews/viewCategoryForm.php(18): view('admin/categoryViews/_categoryFormItems')
 6 SYSTEMPATH/View/View.php(228): include('/Users/tonypeter/Downloads/MMMFert/app/Views/admin/categoryViews/viewCategoryForm.php')
 7 SYSTEMPATH/View/View.php(231): CodeIgniter\View\View->CodeIgniter\View\{closure}()
 8 SYSTEMPATH/Common.php(1190): CodeIgniter\View\View->render('admin/categoryViews/viewCategoryForm', [], true)
 9 APPPATH/Controllers/GoBaseResourceController.php(170): view('admin/categoryViews/viewCategoryForm', [...])
10 APPPATH/Controllers/Admin/CategoriesController.php(162): App\Controllers\GoBaseResourceController->displayForm('App\\Controllers\\Admin\\CategoriesController::add')
11 SYSTEMPATH/CodeIgniter.php(942): App\Controllers\Admin\CategoriesController->add()
12 SYSTEMPATH/CodeIgniter.php(502): CodeIgniter\CodeIgniter->runController(Object(App\Controllers\Admin\CategoriesController))
13 SYSTEMPATH/CodeIgniter.php(361): CodeIgniter\CodeIgniter->handleRequest(null, Object(Config\Cache), false)
14 FCPATH/index.php(79): CodeIgniter\CodeIgniter->run()
15 SYSTEMPATH/Commands/Server/rewrite.php(47): require_once('/Users/tonypeter/Downloads/MMMFert/public/index.php')
INFO - 2024-01-30 06:46:34 --> Session: Class initialized using 'CodeIgniter\Session\Handlers\FileHandler' driver.
WARNING - 2024-01-30 06:46:34 --> [DEPRECATED] json_decode(): Passing null to parameter #1 ($json) of type string is deprecated in APPPATH/Views/admin/categoryViews/_categoryFormItems.php on line 101.
 1 APPPATH/Views/admin/categoryViews/_categoryFormItems.php(101): json_decode(null)
 2 SYSTEMPATH/View/View.php(228): include('/Users/tonypeter/Downloads/MMMFert/app/Views/admin/categoryViews/_categoryFormItems.php')
 3 SYSTEMPATH/View/View.php(231): CodeIgniter\View\View->CodeIgniter\View\{closure}()
 4 SYSTEMPATH/Common.php(1190): CodeIgniter\View\View->render('admin/categoryViews/_categoryFormItems', [], true)
 5 APPPATH/Views/admin/categoryViews/viewCategoryForm.php(18): view('admin/categoryViews/_categoryFormItems')
 6 SYSTEMPATH/View/View.php(228): include('/Users/tonypeter/Downloads/MMMFert/app/Views/admin/categoryViews/viewCategoryForm.php')
 7 SYSTEMPATH/View/View.php(231): CodeIgniter\View\View->CodeIgniter\View\{closure}()
 8 SYSTEMPATH/Common.php(1190): CodeIgniter\View\View->render('admin/categoryViews/viewCategoryForm', [], true)
 9 APPPATH/Controllers/GoBaseResourceController.php(170): view('admin/categoryViews/viewCategoryForm', [...])
10 APPPATH/Controllers/Admin/CategoriesController.php(162): App\Controllers\GoBaseResourceController->displayForm('App\\Controllers\\Admin\\CategoriesController::add')
11 SYSTEMPATH/CodeIgniter.php(942): App\Controllers\Admin\CategoriesController->add()
12 SYSTEMPATH/CodeIgniter.php(502): CodeIgniter\CodeIgniter->runController(Object(App\Controllers\Admin\CategoriesController))
13 SYSTEMPATH/CodeIgniter.php(361): CodeIgniter\CodeIgniter->handleRequest(null, Object(Config\Cache), false)
14 FCPATH/index.php(79): CodeIgniter\CodeIgniter->run()
15 SYSTEMPATH/Commands/Server/rewrite.php(47): require_once('/Users/tonypeter/Downloads/MMMFert/public/index.php')
INFO - 2024-01-30 06:48:06 --> Session: Class initialized using 'CodeIgniter\Session\Handlers\FileHandler' driver.
WARNING - 2024-01-30 06:48:06 --> [DEPRECATED] json_decode(): Passing null to parameter #1 ($json) of type string is deprecated in APPPATH/Views/admin/categoryViews/_categoryFormItems.php on line 103.
 1 APPPATH/Views/admin/categoryViews/_categoryFormItems.php(103): json_decode(null)
 2 SYSTEMPATH/View/View.php(228): include('/Users/tonypeter/Downloads/MMMFert/app/Views/admin/categoryViews/_categoryFormItems.php')
 3 SYSTEMPATH/View/View.php(231): CodeIgniter\View\View->CodeIgniter\View\{closure}()
 4 SYSTEMPATH/Common.php(1190): CodeIgniter\View\View->render('admin/categoryViews/_categoryFormItems', [], true)
 5 APPPATH/Views/admin/categoryViews/viewCategoryForm.php(18): view('admin/categoryViews/_categoryFormItems')
 6 SYSTEMPATH/View/View.php(228): include('/Users/tonypeter/Downloads/MMMFert/app/Views/admin/categoryViews/viewCategoryForm.php')
 7 SYSTEMPATH/View/View.php(231): CodeIgniter\View\View->CodeIgniter\View\{closure}()
 8 SYSTEMPATH/Common.php(1190): CodeIgniter\View\View->render('admin/categoryViews/viewCategoryForm', [], true)
 9 APPPATH/Controllers/GoBaseResourceController.php(170): view('admin/categoryViews/viewCategoryForm', [...])
10 APPPATH/Controllers/Admin/CategoriesController.php(162): App\Controllers\GoBaseResourceController->displayForm('App\\Controllers\\Admin\\CategoriesController::add')
11 SYSTEMPATH/CodeIgniter.php(942): App\Controllers\Admin\CategoriesController->add()
12 SYSTEMPATH/CodeIgniter.php(502): CodeIgniter\CodeIgniter->runController(Object(App\Controllers\Admin\CategoriesController))
13 SYSTEMPATH/CodeIgniter.php(361): CodeIgniter\CodeIgniter->handleRequest(null, Object(Config\Cache), false)
14 FCPATH/index.php(79): CodeIgniter\CodeIgniter->run()
15 SYSTEMPATH/Commands/Server/rewrite.php(47): require_once('/Users/tonypeter/Downloads/MMMFert/public/index.php')
INFO - 2024-01-30 06:48:54 --> Session: Class initialized using 'CodeIgniter\Session\Handlers\FileHandler' driver.
WARNING - 2024-01-30 06:48:54 --> [DEPRECATED] json_decode(): Passing null to parameter #1 ($json) of type string is deprecated in APPPATH/Views/admin/categoryViews/_categoryFormItems.php on line 101.
 1 APPPATH/Views/admin/categoryViews/_categoryFormItems.php(101): json_decode(null)
 2 SYSTEMPATH/View/View.php(228): include('/Users/tonypeter/Downloads/MMMFert/app/Views/admin/categoryViews/_categoryFormItems.php')
 3 SYSTEMPATH/View/View.php(231): CodeIgniter\View\View->CodeIgniter\View\{closure}()
 4 SYSTEMPATH/Common.php(1190): CodeIgniter\View\View->render('admin/categoryViews/_categoryFormItems', [], true)
 5 APPPATH/Views/admin/categoryViews/viewCategoryForm.php(18): view('admin/categoryViews/_categoryFormItems')
 6 SYSTEMPATH/View/View.php(228): include('/Users/tonypeter/Downloads/MMMFert/app/Views/admin/categoryViews/viewCategoryForm.php')
 7 SYSTEMPATH/View/View.php(231): CodeIgniter\View\View->CodeIgniter\View\{closure}()
 8 SYSTEMPATH/Common.php(1190): CodeIgniter\View\View->render('admin/categoryViews/viewCategoryForm', [], true)
 9 APPPATH/Controllers/GoBaseResourceController.php(170): view('admin/categoryViews/viewCategoryForm', [...])
10 APPPATH/Controllers/Admin/CategoriesController.php(162): App\Controllers\GoBaseResourceController->displayForm('App\\Controllers\\Admin\\CategoriesController::add')
11 SYSTEMPATH/CodeIgniter.php(942): App\Controllers\Admin\CategoriesController->add()
12 SYSTEMPATH/CodeIgniter.php(502): CodeIgniter\CodeIgniter->runController(Object(App\Controllers\Admin\CategoriesController))
13 SYSTEMPATH/CodeIgniter.php(361): CodeIgniter\CodeIgniter->handleRequest(null, Object(Config\Cache), false)
14 FCPATH/index.php(79): CodeIgniter\CodeIgniter->run()
15 SYSTEMPATH/Commands/Server/rewrite.php(47): require_once('/Users/tonypeter/Downloads/MMMFert/public/index.php')
INFO - 2024-01-30 06:50:01 --> Session: Class initialized using 'CodeIgniter\Session\Handlers\FileHandler' driver.
WARNING - 2024-01-30 06:50:01 --> [DEPRECATED] json_decode(): Passing null to parameter #1 ($json) of type string is deprecated in APPPATH/Views/admin/categoryViews/_categoryFormItems.php on line 100.
 1 APPPATH/Views/admin/categoryViews/_categoryFormItems.php(100): json_decode(null)
 2 SYSTEMPATH/View/View.php(228): include('/Users/tonypeter/Downloads/MMMFert/app/Views/admin/categoryViews/_categoryFormItems.php')
 3 SYSTEMPATH/View/View.php(231): CodeIgniter\View\View->CodeIgniter\View\{closure}()
 4 SYSTEMPATH/Common.php(1190): CodeIgniter\View\View->render('admin/categoryViews/_categoryFormItems', [], true)
 5 APPPATH/Views/admin/categoryViews/viewCategoryForm.php(18): view('admin/categoryViews/_categoryFormItems')
 6 SYSTEMPATH/View/View.php(228): include('/Users/tonypeter/Downloads/MMMFert/app/Views/admin/categoryViews/viewCategoryForm.php')
 7 SYSTEMPATH/View/View.php(231): CodeIgniter\View\View->CodeIgniter\View\{closure}()
 8 SYSTEMPATH/Common.php(1190): CodeIgniter\View\View->render('admin/categoryViews/viewCategoryForm', [], true)
 9 APPPATH/Controllers/GoBaseResourceController.php(170): view('admin/categoryViews/viewCategoryForm', [...])
10 APPPATH/Controllers/Admin/CategoriesController.php(162): App\Controllers\GoBaseResourceController->displayForm('App\\Controllers\\Admin\\CategoriesController::add')
11 SYSTEMPATH/CodeIgniter.php(942): App\Controllers\Admin\CategoriesController->add()
12 SYSTEMPATH/CodeIgniter.php(502): CodeIgniter\CodeIgniter->runController(Object(App\Controllers\Admin\CategoriesController))
13 SYSTEMPATH/CodeIgniter.php(361): CodeIgniter\CodeIgniter->handleRequest(null, Object(Config\Cache), false)
14 FCPATH/index.php(79): CodeIgniter\CodeIgniter->run()
15 SYSTEMPATH/Commands/Server/rewrite.php(47): require_once('/Users/tonypeter/Downloads/MMMFert/public/index.php')
INFO - 2024-01-30 06:52:42 --> Session: Class initialized using 'CodeIgniter\Session\Handlers\FileHandler' driver.
WARNING - 2024-01-30 06:52:42 --> [DEPRECATED] json_decode(): Passing null to parameter #1 ($json) of type string is deprecated in APPPATH/Views/admin/categoryViews/_categoryFormItems.php on line 100.
 1 APPPATH/Views/admin/categoryViews/_categoryFormItems.php(100): json_decode(null)
 2 SYSTEMPATH/View/View.php(228): include('/Users/tonypeter/Downloads/MMMFert/app/Views/admin/categoryViews/_categoryFormItems.php')
 3 SYSTEMPATH/View/View.php(231): CodeIgniter\View\View->CodeIgniter\View\{closure}()
 4 SYSTEMPATH/Common.php(1190): CodeIgniter\View\View->render('admin/categoryViews/_categoryFormItems', [], true)
 5 APPPATH/Views/admin/categoryViews/viewCategoryForm.php(18): view('admin/categoryViews/_categoryFormItems')
 6 SYSTEMPATH/View/View.php(228): include('/Users/tonypeter/Downloads/MMMFert/app/Views/admin/categoryViews/viewCategoryForm.php')
 7 SYSTEMPATH/View/View.php(231): CodeIgniter\View\View->CodeIgniter\View\{closure}()
 8 SYSTEMPATH/Common.php(1190): CodeIgniter\View\View->render('admin/categoryViews/viewCategoryForm', [], true)
 9 APPPATH/Controllers/GoBaseResourceController.php(170): view('admin/categoryViews/viewCategoryForm', [...])
10 APPPATH/Controllers/Admin/CategoriesController.php(162): App\Controllers\GoBaseResourceController->displayForm('App\\Controllers\\Admin\\CategoriesController::add')
11 SYSTEMPATH/CodeIgniter.php(942): App\Controllers\Admin\CategoriesController->add()
12 SYSTEMPATH/CodeIgniter.php(502): CodeIgniter\CodeIgniter->runController(Object(App\Controllers\Admin\CategoriesController))
13 SYSTEMPATH/CodeIgniter.php(361): CodeIgniter\CodeIgniter->handleRequest(null, Object(Config\Cache), false)
14 FCPATH/index.php(79): CodeIgniter\CodeIgniter->run()
15 SYSTEMPATH/Commands/Server/rewrite.php(47): require_once('/Users/tonypeter/Downloads/MMMFert/public/index.php')
INFO - 2024-01-30 06:56:08 --> Session: Class initialized using 'CodeIgniter\Session\Handlers\FileHandler' driver.
WARNING - 2024-01-30 06:56:08 --> [DEPRECATED] json_decode(): Passing null to parameter #1 ($json) of type string is deprecated in APPPATH/Views/admin/categoryViews/_categoryFormItems.php on line 100.
 1 APPPATH/Views/admin/categoryViews/_categoryFormItems.php(100): json_decode(null)
 2 SYSTEMPATH/View/View.php(228): include('/Users/tonypeter/Downloads/MMMFert/app/Views/admin/categoryViews/_categoryFormItems.php')
 3 SYSTEMPATH/View/View.php(231): CodeIgniter\View\View->CodeIgniter\View\{closure}()
 4 SYSTEMPATH/Common.php(1190): CodeIgniter\View\View->render('admin/categoryViews/_categoryFormItems', [], true)
 5 APPPATH/Views/admin/categoryViews/viewCategoryForm.php(18): view('admin/categoryViews/_categoryFormItems')
 6 SYSTEMPATH/View/View.php(228): include('/Users/tonypeter/Downloads/MMMFert/app/Views/admin/categoryViews/viewCategoryForm.php')
 7 SYSTEMPATH/View/View.php(231): CodeIgniter\View\View->CodeIgniter\View\{closure}()
 8 SYSTEMPATH/Common.php(1190): CodeIgniter\View\View->render('admin/categoryViews/viewCategoryForm', [], true)
 9 APPPATH/Controllers/GoBaseResourceController.php(170): view('admin/categoryViews/viewCategoryForm', [...])
10 APPPATH/Controllers/Admin/CategoriesController.php(162): App\Controllers\GoBaseResourceController->displayForm('App\\Controllers\\Admin\\CategoriesController::add')
11 SYSTEMPATH/CodeIgniter.php(942): App\Controllers\Admin\CategoriesController->add()
12 SYSTEMPATH/CodeIgniter.php(502): CodeIgniter\CodeIgniter->runController(Object(App\Controllers\Admin\CategoriesController))
13 SYSTEMPATH/CodeIgniter.php(361): CodeIgniter\CodeIgniter->handleRequest(null, Object(Config\Cache), false)
14 FCPATH/index.php(79): CodeIgniter\CodeIgniter->run()
15 SYSTEMPATH/Commands/Server/rewrite.php(47): require_once('/Users/tonypeter/Downloads/MMMFert/public/index.php')
INFO - 2024-01-30 06:56:14 --> CSRF token verified.
INFO - 2024-01-30 06:56:14 --> Session: Class initialized using 'CodeIgniter\Session\Handlers\FileHandler' driver.
WARNING - 2024-01-30 06:56:14 --> [DEPRECATED] Creation of dynamic property App\Controllers\Admin\CategoriesController::$validationErrors is deprecated in APPPATH/Controllers/GoBaseResourceController.php on line 259.
 1 APPPATH/Controllers/Admin/CategoriesController.php(110): App\Controllers\GoBaseResourceController->canValidate()
 2 SYSTEMPATH/CodeIgniter.php(942): App\Controllers\Admin\CategoriesController->add()
 3 SYSTEMPATH/CodeIgniter.php(502): CodeIgniter\CodeIgniter->runController(Object(App\Controllers\Admin\CategoriesController))
 4 SYSTEMPATH/CodeIgniter.php(361): CodeIgniter\CodeIgniter->handleRequest(null, Object(Config\Cache), false)
 5 FCPATH/index.php(79): CodeIgniter\CodeIgniter->run()
 6 SYSTEMPATH/Commands/Server/rewrite.php(47): require_once('/Users/tonypeter/Downloads/MMMFert/public/index.php')
INFO - 2024-01-30 06:56:14 --> Session: Class initialized using 'CodeIgniter\Session\Handlers\FileHandler' driver.
INFO - 2024-01-30 06:56:14 --> CSRF token verified.
INFO - 2024-01-30 06:56:14 --> Session: Class initialized using 'CodeIgniter\Session\Handlers\FileHandler' driver.
INFO - 2024-01-30 06:56:16 --> Session: Class initialized using 'CodeIgniter\Session\Handlers\FileHandler' driver.
WARNING - 2024-01-30 06:56:16 --> [DEPRECATED] json_decode(): Passing null to parameter #1 ($json) of type string is deprecated in APPPATH/Views/admin/categoryViews/_categoryFormItems.php on line 100.
 1 APPPATH/Views/admin/categoryViews/_categoryFormItems.php(100): json_decode(null)
 2 SYSTEMPATH/View/View.php(228): include('/Users/tonypeter/Downloads/MMMFert/app/Views/admin/categoryViews/_categoryFormItems.php')
 3 SYSTEMPATH/View/View.php(231): CodeIgniter\View\View->CodeIgniter\View\{closure}()
 4 SYSTEMPATH/Common.php(1190): CodeIgniter\View\View->render('admin/categoryViews/_categoryFormItems', [], true)
 5 APPPATH/Views/admin/categoryViews/viewCategoryForm.php(18): view('admin/categoryViews/_categoryFormItems')
 6 SYSTEMPATH/View/View.php(228): include('/Users/tonypeter/Downloads/MMMFert/app/Views/admin/categoryViews/viewCategoryForm.php')
 7 SYSTEMPATH/View/View.php(231): CodeIgniter\View\View->CodeIgniter\View\{closure}()
 8 SYSTEMPATH/Common.php(1190): CodeIgniter\View\View->render('admin/categoryViews/viewCategoryForm', [], true)
 9 APPPATH/Controllers/GoBaseResourceController.php(170): view('admin/categoryViews/viewCategoryForm', [...])
10 APPPATH/Controllers/Admin/CategoriesController.php(246): App\Controllers\GoBaseResourceController->displayForm('App\\Controllers\\Admin\\CategoriesController::edit', '1')
11 SYSTEMPATH/CodeIgniter.php(942): App\Controllers\Admin\CategoriesController->edit('1')
12 SYSTEMPATH/CodeIgniter.php(502): CodeIgniter\CodeIgniter->runController(Object(App\Controllers\Admin\CategoriesController))
13 SYSTEMPATH/CodeIgniter.php(361): CodeIgniter\CodeIgniter->handleRequest(null, Object(Config\Cache), false)
14 FCPATH/index.php(79): CodeIgniter\CodeIgniter->run()
15 SYSTEMPATH/Commands/Server/rewrite.php(47): require_once('/Users/tonypeter/Downloads/MMMFert/public/index.php')
INFO - 2024-01-30 06:56:58 --> Session: Class initialized using 'CodeIgniter\Session\Handlers\FileHandler' driver.
WARNING - 2024-01-30 06:56:58 --> [DEPRECATED] json_decode(): Passing null to parameter #1 ($json) of type string is deprecated in APPPATH/Views/admin/categoryViews/_categoryFormItems.php on line 100.
 1 APPPATH/Views/admin/categoryViews/_categoryFormItems.php(100): json_decode(null)
 2 SYSTEMPATH/View/View.php(228): include('/Users/tonypeter/Downloads/MMMFert/app/Views/admin/categoryViews/_categoryFormItems.php')
 3 SYSTEMPATH/View/View.php(231): CodeIgniter\View\View->CodeIgniter\View\{closure}()
 4 SYSTEMPATH/Common.php(1190): CodeIgniter\View\View->render('admin/categoryViews/_categoryFormItems', [], true)
 5 APPPATH/Views/admin/categoryViews/viewCategoryForm.php(18): view('admin/categoryViews/_categoryFormItems')
 6 SYSTEMPATH/View/View.php(228): include('/Users/tonypeter/Downloads/MMMFert/app/Views/admin/categoryViews/viewCategoryForm.php')
 7 SYSTEMPATH/View/View.php(231): CodeIgniter\View\View->CodeIgniter\View\{closure}()
 8 SYSTEMPATH/Common.php(1190): CodeIgniter\View\View->render('admin/categoryViews/viewCategoryForm', [], true)
 9 APPPATH/Controllers/GoBaseResourceController.php(170): view('admin/categoryViews/viewCategoryForm', [...])
10 APPPATH/Controllers/Admin/CategoriesController.php(246): App\Controllers\GoBaseResourceController->displayForm('App\\Controllers\\Admin\\CategoriesController::edit', '1')
11 SYSTEMPATH/CodeIgniter.php(942): App\Controllers\Admin\CategoriesController->edit('1')
12 SYSTEMPATH/CodeIgniter.php(502): CodeIgniter\CodeIgniter->runController(Object(App\Controllers\Admin\CategoriesController))
13 SYSTEMPATH/CodeIgniter.php(361): CodeIgniter\CodeIgniter->handleRequest(null, Object(Config\Cache), false)
14 FCPATH/index.php(79): CodeIgniter\CodeIgniter->run()
15 SYSTEMPATH/Commands/Server/rewrite.php(47): require_once('/Users/tonypeter/Downloads/MMMFert/public/index.php')
INFO - 2024-01-30 06:57:30 --> Session: Class initialized using 'CodeIgniter\Session\Handlers\FileHandler' driver.
WARNING - 2024-01-30 06:57:30 --> [DEPRECATED] json_decode(): Passing null to parameter #1 ($json) of type string is deprecated in APPPATH/Views/admin/categoryViews/_categoryFormItems.php on line 100.
 1 APPPATH/Views/admin/categoryViews/_categoryFormItems.php(100): json_decode(null)
 2 SYSTEMPATH/View/View.php(228): include('/Users/tonypeter/Downloads/MMMFert/app/Views/admin/categoryViews/_categoryFormItems.php')
 3 SYSTEMPATH/View/View.php(231): CodeIgniter\View\View->CodeIgniter\View\{closure}()
 4 SYSTEMPATH/Common.php(1190): CodeIgniter\View\View->render('admin/categoryViews/_categoryFormItems', [], true)
 5 APPPATH/Views/admin/categoryViews/viewCategoryForm.php(18): view('admin/categoryViews/_categoryFormItems')
 6 SYSTEMPATH/View/View.php(228): include('/Users/tonypeter/Downloads/MMMFert/app/Views/admin/categoryViews/viewCategoryForm.php')
 7 SYSTEMPATH/View/View.php(231): CodeIgniter\View\View->CodeIgniter\View\{closure}()
 8 SYSTEMPATH/Common.php(1190): CodeIgniter\View\View->render('admin/categoryViews/viewCategoryForm', [], true)
 9 APPPATH/Controllers/GoBaseResourceController.php(170): view('admin/categoryViews/viewCategoryForm', [...])
10 APPPATH/Controllers/Admin/CategoriesController.php(246): App\Controllers\GoBaseResourceController->displayForm('App\\Controllers\\Admin\\CategoriesController::edit', '1')
11 SYSTEMPATH/CodeIgniter.php(942): App\Controllers\Admin\CategoriesController->edit('1')
12 SYSTEMPATH/CodeIgniter.php(502): CodeIgniter\CodeIgniter->runController(Object(App\Controllers\Admin\CategoriesController))
13 SYSTEMPATH/CodeIgniter.php(361): CodeIgniter\CodeIgniter->handleRequest(null, Object(Config\Cache), false)
14 FCPATH/index.php(79): CodeIgniter\CodeIgniter->run()
15 SYSTEMPATH/Commands/Server/rewrite.php(47): require_once('/Users/tonypeter/Downloads/MMMFert/public/index.php')
INFO - 2024-01-30 06:59:49 --> Session: Class initialized using 'CodeIgniter\Session\Handlers\FileHandler' driver.
WARNING - 2024-01-30 06:59:49 --> [DEPRECATED] json_decode(): Passing null to parameter #1 ($json) of type string is deprecated in APPPATH/Views/admin/categoryViews/_categoryFormItems.php on line 100.
 1 APPPATH/Views/admin/categoryViews/_categoryFormItems.php(100): json_decode(null)
 2 SYSTEMPATH/View/View.php(228): include('/Users/tonypeter/Downloads/MMMFert/app/Views/admin/categoryViews/_categoryFormItems.php')
 3 SYSTEMPATH/View/View.php(231): CodeIgniter\View\View->CodeIgniter\View\{closure}()
 4 SYSTEMPATH/Common.php(1190): CodeIgniter\View\View->render('admin/categoryViews/_categoryFormItems', [], true)
 5 APPPATH/Views/admin/categoryViews/viewCategoryForm.php(18): view('admin/categoryViews/_categoryFormItems')
 6 SYSTEMPATH/View/View.php(228): include('/Users/tonypeter/Downloads/MMMFert/app/Views/admin/categoryViews/viewCategoryForm.php')
 7 SYSTEMPATH/View/View.php(231): CodeIgniter\View\View->CodeIgniter\View\{closure}()
 8 SYSTEMPATH/Common.php(1190): CodeIgniter\View\View->render('admin/categoryViews/viewCategoryForm', [], true)
 9 APPPATH/Controllers/GoBaseResourceController.php(170): view('admin/categoryViews/viewCategoryForm', [...])
10 APPPATH/Controllers/Admin/CategoriesController.php(246): App\Controllers\GoBaseResourceController->displayForm('App\\Controllers\\Admin\\CategoriesController::edit', '1')
11 SYSTEMPATH/CodeIgniter.php(942): App\Controllers\Admin\CategoriesController->edit('1')
12 SYSTEMPATH/CodeIgniter.php(502): CodeIgniter\CodeIgniter->runController(Object(App\Controllers\Admin\CategoriesController))
13 SYSTEMPATH/CodeIgniter.php(361): CodeIgniter\CodeIgniter->handleRequest(null, Object(Config\Cache), false)
14 FCPATH/index.php(79): CodeIgniter\CodeIgniter->run()
15 SYSTEMPATH/Commands/Server/rewrite.php(47): require_once('/Users/tonypeter/Downloads/MMMFert/public/index.php')
INFO - 2024-01-30 06:59:58 --> Session: Class initialized using 'CodeIgniter\Session\Handlers\FileHandler' driver.
INFO - 2024-01-30 06:59:58 --> CSRF token verified.
INFO - 2024-01-30 06:59:58 --> Session: Class initialized using 'CodeIgniter\Session\Handlers\FileHandler' driver.
INFO - 2024-01-30 06:59:59 --> Session: Class initialized using 'CodeIgniter\Session\Handlers\FileHandler' driver.
WARNING - 2024-01-30 06:59:59 --> [DEPRECATED] json_decode(): Passing null to parameter #1 ($json) of type string is deprecated in APPPATH/Views/admin/categoryViews/_categoryFormItems.php on line 100.
 1 APPPATH/Views/admin/categoryViews/_categoryFormItems.php(100): json_decode(null)
 2 SYSTEMPATH/View/View.php(228): include('/Users/tonypeter/Downloads/MMMFert/app/Views/admin/categoryViews/_categoryFormItems.php')
 3 SYSTEMPATH/View/View.php(231): CodeIgniter\View\View->CodeIgniter\View\{closure}()
 4 SYSTEMPATH/Common.php(1190): CodeIgniter\View\View->render('admin/categoryViews/_categoryFormItems', [], true)
 5 APPPATH/Views/admin/categoryViews/viewCategoryForm.php(18): view('admin/categoryViews/_categoryFormItems')
 6 SYSTEMPATH/View/View.php(228): include('/Users/tonypeter/Downloads/MMMFert/app/Views/admin/categoryViews/viewCategoryForm.php')
 7 SYSTEMPATH/View/View.php(231): CodeIgniter\View\View->CodeIgniter\View\{closure}()
 8 SYSTEMPATH/Common.php(1190): CodeIgniter\View\View->render('admin/categoryViews/viewCategoryForm', [], true)
 9 APPPATH/Controllers/GoBaseResourceController.php(170): view('admin/categoryViews/viewCategoryForm', [...])
10 APPPATH/Controllers/Admin/CategoriesController.php(162): App\Controllers\GoBaseResourceController->displayForm('App\\Controllers\\Admin\\CategoriesController::add')
11 SYSTEMPATH/CodeIgniter.php(942): App\Controllers\Admin\CategoriesController->add()
12 SYSTEMPATH/CodeIgniter.php(502): CodeIgniter\CodeIgniter->runController(Object(App\Controllers\Admin\CategoriesController))
13 SYSTEMPATH/CodeIgniter.php(361): CodeIgniter\CodeIgniter->handleRequest(null, Object(Config\Cache), false)
14 FCPATH/index.php(79): CodeIgniter\CodeIgniter->run()
15 SYSTEMPATH/Commands/Server/rewrite.php(47): require_once('/Users/tonypeter/Downloads/MMMFert/public/index.php')
INFO - 2024-01-30 07:00:10 --> Session: Class initialized using 'CodeIgniter\Session\Handlers\FileHandler' driver.
INFO - 2024-01-30 07:00:10 --> CSRF token verified.
INFO - 2024-01-30 07:00:10 --> Session: Class initialized using 'CodeIgniter\Session\Handlers\FileHandler' driver.
INFO - 2024-01-30 07:11:00 --> Session: Class initialized using 'CodeIgniter\Session\Handlers\FileHandler' driver.
INFO - 2024-01-30 07:11:00 --> CSRF token verified.
INFO - 2024-01-30 07:11:00 --> Session: Class initialized using 'CodeIgniter\Session\Handlers\FileHandler' driver.
INFO - 2024-01-30 07:11:02 --> Session: Class initialized using 'CodeIgniter\Session\Handlers\FileHandler' driver.
WARNING - 2024-01-30 07:11:02 --> [DEPRECATED] json_decode(): Passing null to parameter #1 ($json) of type string is deprecated in APPPATH/Views/admin/categoryViews/_categoryFormItems.php on line 100.
 1 APPPATH/Views/admin/categoryViews/_categoryFormItems.php(100): json_decode(null)
 2 SYSTEMPATH/View/View.php(228): include('/Users/tonypeter/Downloads/MMMFert/app/Views/admin/categoryViews/_categoryFormItems.php')
 3 SYSTEMPATH/View/View.php(231): CodeIgniter\View\View->CodeIgniter\View\{closure}()
 4 SYSTEMPATH/Common.php(1190): CodeIgniter\View\View->render('admin/categoryViews/_categoryFormItems', [], true)
 5 APPPATH/Views/admin/categoryViews/viewCategoryForm.php(18): view('admin/categoryViews/_categoryFormItems')
 6 SYSTEMPATH/View/View.php(228): include('/Users/tonypeter/Downloads/MMMFert/app/Views/admin/categoryViews/viewCategoryForm.php')
 7 SYSTEMPATH/View/View.php(231): CodeIgniter\View\View->CodeIgniter\View\{closure}()
 8 SYSTEMPATH/Common.php(1190): CodeIgniter\View\View->render('admin/categoryViews/viewCategoryForm', [], true)
 9 APPPATH/Controllers/GoBaseResourceController.php(170): view('admin/categoryViews/viewCategoryForm', [...])
10 APPPATH/Controllers/Admin/CategoriesController.php(260): App\Controllers\GoBaseResourceController->displayForm('App\\Controllers\\Admin\\CategoriesController::edit', '1')
11 SYSTEMPATH/CodeIgniter.php(942): App\Controllers\Admin\CategoriesController->edit('1')
12 SYSTEMPATH/CodeIgniter.php(502): CodeIgniter\CodeIgniter->runController(Object(App\Controllers\Admin\CategoriesController))
13 SYSTEMPATH/CodeIgniter.php(361): CodeIgniter\CodeIgniter->handleRequest(null, Object(Config\Cache), false)
14 FCPATH/index.php(79): CodeIgniter\CodeIgniter->run()
15 SYSTEMPATH/Commands/Server/rewrite.php(47): require_once('/Users/tonypeter/Downloads/MMMFert/public/index.php')
INFO - 2024-01-30 07:11:08 --> CSRF token verified.
INFO - 2024-01-30 07:11:08 --> Session: Class initialized using 'CodeIgniter\Session\Handlers\FileHandler' driver.
WARNING - 2024-01-30 07:11:08 --> [DEPRECATED] Creation of dynamic property App\Controllers\Admin\CategoriesController::$validationErrors is deprecated in APPPATH/Controllers/GoBaseResourceController.php on line 259.
 1 APPPATH/Controllers/Admin/CategoriesController.php(110): App\Controllers\GoBaseResourceController->canValidate()
 2 SYSTEMPATH/CodeIgniter.php(942): App\Controllers\Admin\CategoriesController->add()
 3 SYSTEMPATH/CodeIgniter.php(502): CodeIgniter\CodeIgniter->runController(Object(App\Controllers\Admin\CategoriesController))
 4 SYSTEMPATH/CodeIgniter.php(361): CodeIgniter\CodeIgniter->handleRequest(null, Object(Config\Cache), false)
 5 FCPATH/index.php(79): CodeIgniter\CodeIgniter->run()
 6 SYSTEMPATH/Commands/Server/rewrite.php(47): require_once('/Users/tonypeter/Downloads/MMMFert/public/index.php')
INFO - 2024-01-30 07:11:08 --> Session: Class initialized using 'CodeIgniter\Session\Handlers\FileHandler' driver.
INFO - 2024-01-30 07:11:08 --> CSRF token verified.
INFO - 2024-01-30 07:11:08 --> Session: Class initialized using 'CodeIgniter\Session\Handlers\FileHandler' driver.
INFO - 2024-01-30 07:11:11 --> Session: Class initialized using 'CodeIgniter\Session\Handlers\FileHandler' driver.
WARNING - 2024-01-30 07:11:11 --> [DEPRECATED] json_decode(): Passing null to parameter #1 ($json) of type string is deprecated in APPPATH/Views/admin/categoryViews/_categoryFormItems.php on line 100.
 1 APPPATH/Views/admin/categoryViews/_categoryFormItems.php(100): json_decode(null)
 2 SYSTEMPATH/View/View.php(228): include('/Users/tonypeter/Downloads/MMMFert/app/Views/admin/categoryViews/_categoryFormItems.php')
 3 SYSTEMPATH/View/View.php(231): CodeIgniter\View\View->CodeIgniter\View\{closure}()
 4 SYSTEMPATH/Common.php(1190): CodeIgniter\View\View->render('admin/categoryViews/_categoryFormItems', [], true)
 5 APPPATH/Views/admin/categoryViews/viewCategoryForm.php(18): view('admin/categoryViews/_categoryFormItems')
 6 SYSTEMPATH/View/View.php(228): include('/Users/tonypeter/Downloads/MMMFert/app/Views/admin/categoryViews/viewCategoryForm.php')
 7 SYSTEMPATH/View/View.php(231): CodeIgniter\View\View->CodeIgniter\View\{closure}()
 8 SYSTEMPATH/Common.php(1190): CodeIgniter\View\View->render('admin/categoryViews/viewCategoryForm', [], true)
 9 APPPATH/Controllers/GoBaseResourceController.php(170): view('admin/categoryViews/viewCategoryForm', [...])
10 APPPATH/Controllers/Admin/CategoriesController.php(162): App\Controllers\GoBaseResourceController->displayForm('App\\Controllers\\Admin\\CategoriesController::add')
11 SYSTEMPATH/CodeIgniter.php(942): App\Controllers\Admin\CategoriesController->add()
12 SYSTEMPATH/CodeIgniter.php(502): CodeIgniter\CodeIgniter->runController(Object(App\Controllers\Admin\CategoriesController))
13 SYSTEMPATH/CodeIgniter.php(361): CodeIgniter\CodeIgniter->handleRequest(null, Object(Config\Cache), false)
14 FCPATH/index.php(79): CodeIgniter\CodeIgniter->run()
15 SYSTEMPATH/Commands/Server/rewrite.php(47): require_once('/Users/tonypeter/Downloads/MMMFert/public/index.php')
INFO - 2024-01-30 07:11:17 --> CSRF token verified.
INFO - 2024-01-30 07:11:17 --> Session: Class initialized using 'CodeIgniter\Session\Handlers\FileHandler' driver.
WARNING - 2024-01-30 07:11:17 --> [DEPRECATED] Creation of dynamic property App\Controllers\Admin\CategoriesController::$validationErrors is deprecated in APPPATH/Controllers/GoBaseResourceController.php on line 259.
 1 APPPATH/Controllers/Admin/CategoriesController.php(110): App\Controllers\GoBaseResourceController->canValidate()
 2 SYSTEMPATH/CodeIgniter.php(942): App\Controllers\Admin\CategoriesController->add()
 3 SYSTEMPATH/CodeIgniter.php(502): CodeIgniter\CodeIgniter->runController(Object(App\Controllers\Admin\CategoriesController))
 4 SYSTEMPATH/CodeIgniter.php(361): CodeIgniter\CodeIgniter->handleRequest(null, Object(Config\Cache), false)
 5 FCPATH/index.php(79): CodeIgniter\CodeIgniter->run()
 6 SYSTEMPATH/Commands/Server/rewrite.php(47): require_once('/Users/tonypeter/Downloads/MMMFert/public/index.php')
INFO - 2024-01-30 07:11:17 --> Session: Class initialized using 'CodeIgniter\Session\Handlers\FileHandler' driver.
INFO - 2024-01-30 07:11:18 --> CSRF token verified.
INFO - 2024-01-30 07:11:18 --> Session: Class initialized using 'CodeIgniter\Session\Handlers\FileHandler' driver.
INFO - 2024-01-30 07:11:22 --> Session: Class initialized using 'CodeIgniter\Session\Handlers\FileHandler' driver.
WARNING - 2024-01-30 07:11:22 --> [DEPRECATED] json_decode(): Passing null to parameter #1 ($json) of type string is deprecated in APPPATH/Views/admin/categoryViews/_categoryFormItems.php on line 100.
 1 APPPATH/Views/admin/categoryViews/_categoryFormItems.php(100): json_decode(null)
 2 SYSTEMPATH/View/View.php(228): include('/Users/tonypeter/Downloads/MMMFert/app/Views/admin/categoryViews/_categoryFormItems.php')
 3 SYSTEMPATH/View/View.php(231): CodeIgniter\View\View->CodeIgniter\View\{closure}()
 4 SYSTEMPATH/Common.php(1190): CodeIgniter\View\View->render('admin/categoryViews/_categoryFormItems', [], true)
 5 APPPATH/Views/admin/categoryViews/viewCategoryForm.php(18): view('admin/categoryViews/_categoryFormItems')
 6 SYSTEMPATH/View/View.php(228): include('/Users/tonypeter/Downloads/MMMFert/app/Views/admin/categoryViews/viewCategoryForm.php')
 7 SYSTEMPATH/View/View.php(231): CodeIgniter\View\View->CodeIgniter\View\{closure}()
 8 SYSTEMPATH/Common.php(1190): CodeIgniter\View\View->render('admin/categoryViews/viewCategoryForm', [], true)
 9 APPPATH/Controllers/GoBaseResourceController.php(170): view('admin/categoryViews/viewCategoryForm', [...])
10 APPPATH/Controllers/Admin/CategoriesController.php(260): App\Controllers\GoBaseResourceController->displayForm('App\\Controllers\\Admin\\CategoriesController::edit', '3')
11 SYSTEMPATH/CodeIgniter.php(942): App\Controllers\Admin\CategoriesController->edit('3')
12 SYSTEMPATH/CodeIgniter.php(502): CodeIgniter\CodeIgniter->runController(Object(App\Controllers\Admin\CategoriesController))
13 SYSTEMPATH/CodeIgniter.php(361): CodeIgniter\CodeIgniter->handleRequest(null, Object(Config\Cache), false)
14 FCPATH/index.php(79): CodeIgniter\CodeIgniter->run()
15 SYSTEMPATH/Commands/Server/rewrite.php(47): require_once('/Users/tonypeter/Downloads/MMMFert/public/index.php')
INFO - 2024-01-30 07:11:24 --> Session: Class initialized using 'CodeIgniter\Session\Handlers\FileHandler' driver.
INFO - 2024-01-30 07:11:25 --> CSRF token verified.
INFO - 2024-01-30 07:11:25 --> Session: Class initialized using 'CodeIgniter\Session\Handlers\FileHandler' driver.
INFO - 2024-01-30 07:11:26 --> Session: Class initialized using 'CodeIgniter\Session\Handlers\FileHandler' driver.
WARNING - 2024-01-30 07:11:26 --> [DEPRECATED] json_decode(): Passing null to parameter #1 ($json) of type string is deprecated in APPPATH/Views/admin/categoryViews/_categoryFormItems.php on line 100.
 1 APPPATH/Views/admin/categoryViews/_categoryFormItems.php(100): json_decode(null)
 2 SYSTEMPATH/View/View.php(228): include('/Users/tonypeter/Downloads/MMMFert/app/Views/admin/categoryViews/_categoryFormItems.php')
 3 SYSTEMPATH/View/View.php(231): CodeIgniter\View\View->CodeIgniter\View\{closure}()
 4 SYSTEMPATH/Common.php(1190): CodeIgniter\View\View->render('admin/categoryViews/_categoryFormItems', [], true)
 5 APPPATH/Views/admin/categoryViews/viewCategoryForm.php(18): view('admin/categoryViews/_categoryFormItems')
 6 SYSTEMPATH/View/View.php(228): include('/Users/tonypeter/Downloads/MMMFert/app/Views/admin/categoryViews/viewCategoryForm.php')
 7 SYSTEMPATH/View/View.php(231): CodeIgniter\View\View->CodeIgniter\View\{closure}()
 8 SYSTEMPATH/Common.php(1190): CodeIgniter\View\View->render('admin/categoryViews/viewCategoryForm', [], true)
 9 APPPATH/Controllers/GoBaseResourceController.php(170): view('admin/categoryViews/viewCategoryForm', [...])
10 APPPATH/Controllers/Admin/CategoriesController.php(162): App\Controllers\GoBaseResourceController->displayForm('App\\Controllers\\Admin\\CategoriesController::add')
11 SYSTEMPATH/CodeIgniter.php(942): App\Controllers\Admin\CategoriesController->add()
12 SYSTEMPATH/CodeIgniter.php(502): CodeIgniter\CodeIgniter->runController(Object(App\Controllers\Admin\CategoriesController))
13 SYSTEMPATH/CodeIgniter.php(361): CodeIgniter\CodeIgniter->handleRequest(null, Object(Config\Cache), false)
14 FCPATH/index.php(79): CodeIgniter\CodeIgniter->run()
15 SYSTEMPATH/Commands/Server/rewrite.php(47): require_once('/Users/tonypeter/Downloads/MMMFert/public/index.php')
INFO - 2024-01-30 07:11:30 --> CSRF token verified.
INFO - 2024-01-30 07:11:30 --> Session: Class initialized using 'CodeIgniter\Session\Handlers\FileHandler' driver.
WARNING - 2024-01-30 07:11:30 --> [DEPRECATED] Creation of dynamic property App\Controllers\Admin\CategoriesController::$validationErrors is deprecated in APPPATH/Controllers/GoBaseResourceController.php on line 259.
 1 APPPATH/Controllers/Admin/CategoriesController.php(110): App\Controllers\GoBaseResourceController->canValidate()
 2 SYSTEMPATH/CodeIgniter.php(942): App\Controllers\Admin\CategoriesController->add()
 3 SYSTEMPATH/CodeIgniter.php(502): CodeIgniter\CodeIgniter->runController(Object(App\Controllers\Admin\CategoriesController))
 4 SYSTEMPATH/CodeIgniter.php(361): CodeIgniter\CodeIgniter->handleRequest(null, Object(Config\Cache), false)
 5 FCPATH/index.php(79): CodeIgniter\CodeIgniter->run()
 6 SYSTEMPATH/Commands/Server/rewrite.php(47): require_once('/Users/tonypeter/Downloads/MMMFert/public/index.php')
INFO - 2024-01-30 07:11:30 --> Session: Class initialized using 'CodeIgniter\Session\Handlers\FileHandler' driver.
INFO - 2024-01-30 07:11:30 --> CSRF token verified.
INFO - 2024-01-30 07:11:30 --> Session: Class initialized using 'CodeIgniter\Session\Handlers\FileHandler' driver.
INFO - 2024-01-30 07:11:36 --> Session: Class initialized using 'CodeIgniter\Session\Handlers\FileHandler' driver.
WARNING - 2024-01-30 07:11:36 --> [DEPRECATED] json_decode(): Passing null to parameter #1 ($json) of type string is deprecated in APPPATH/Views/admin/categoryViews/_categoryFormItems.php on line 100.
 1 APPPATH/Views/admin/categoryViews/_categoryFormItems.php(100): json_decode(null)
 2 SYSTEMPATH/View/View.php(228): include('/Users/tonypeter/Downloads/MMMFert/app/Views/admin/categoryViews/_categoryFormItems.php')
 3 SYSTEMPATH/View/View.php(231): CodeIgniter\View\View->CodeIgniter\View\{closure}()
 4 SYSTEMPATH/Common.php(1190): CodeIgniter\View\View->render('admin/categoryViews/_categoryFormItems', [], true)
 5 APPPATH/Views/admin/categoryViews/viewCategoryForm.php(18): view('admin/categoryViews/_categoryFormItems')
 6 SYSTEMPATH/View/View.php(228): include('/Users/tonypeter/Downloads/MMMFert/app/Views/admin/categoryViews/viewCategoryForm.php')
 7 SYSTEMPATH/View/View.php(231): CodeIgniter\View\View->CodeIgniter\View\{closure}()
 8 SYSTEMPATH/Common.php(1190): CodeIgniter\View\View->render('admin/categoryViews/viewCategoryForm', [], true)
 9 APPPATH/Controllers/GoBaseResourceController.php(170): view('admin/categoryViews/viewCategoryForm', [...])
10 APPPATH/Controllers/Admin/CategoriesController.php(260): App\Controllers\GoBaseResourceController->displayForm('App\\Controllers\\Admin\\CategoriesController::edit', '2')
11 SYSTEMPATH/CodeIgniter.php(942): App\Controllers\Admin\CategoriesController->edit('2')
12 SYSTEMPATH/CodeIgniter.php(502): CodeIgniter\CodeIgniter->runController(Object(App\Controllers\Admin\CategoriesController))
13 SYSTEMPATH/CodeIgniter.php(361): CodeIgniter\CodeIgniter->handleRequest(null, Object(Config\Cache), false)
14 FCPATH/index.php(79): CodeIgniter\CodeIgniter->run()
15 SYSTEMPATH/Commands/Server/rewrite.php(47): require_once('/Users/tonypeter/Downloads/MMMFert/public/index.php')
INFO - 2024-01-30 07:11:39 --> Session: Class initialized using 'CodeIgniter\Session\Handlers\FileHandler' driver.
INFO - 2024-01-30 07:11:39 --> CSRF token verified.
INFO - 2024-01-30 07:11:39 --> Session: Class initialized using 'CodeIgniter\Session\Handlers\FileHandler' driver.
INFO - 2024-01-30 07:11:42 --> CSRF token verified.
INFO - 2024-01-30 07:11:42 --> Session: Class initialized using 'CodeIgniter\Session\Handlers\FileHandler' driver.
INFO - 2024-01-30 07:11:42 --> CSRF token verified.
INFO - 2024-01-30 07:11:42 --> Session: Class initialized using 'CodeIgniter\Session\Handlers\FileHandler' driver.
INFO - 2024-01-30 07:11:47 --> CSRF token verified.
INFO - 2024-01-30 07:11:47 --> Session: Class initialized using 'CodeIgniter\Session\Handlers\FileHandler' driver.
INFO - 2024-01-30 07:11:47 --> CSRF token verified.
INFO - 2024-01-30 07:11:47 --> Session: Class initialized using 'CodeIgniter\Session\Handlers\FileHandler' driver.
INFO - 2024-01-30 07:11:50 --> CSRF token verified.
INFO - 2024-01-30 07:11:50 --> Session: Class initialized using 'CodeIgniter\Session\Handlers\FileHandler' driver.
INFO - 2024-01-30 07:11:50 --> CSRF token verified.
INFO - 2024-01-30 07:11:50 --> Session: Class initialized using 'CodeIgniter\Session\Handlers\FileHandler' driver.
INFO - 2024-01-30 07:12:02 --> Session: Class initialized using 'CodeIgniter\Session\Handlers\FileHandler' driver.
WARNING - 2024-01-30 07:12:02 --> [DEPRECATED] json_decode(): Passing null to parameter #1 ($json) of type string is deprecated in APPPATH/Views/admin/categoryViews/_categoryFormItems.php on line 100.
 1 APPPATH/Views/admin/categoryViews/_categoryFormItems.php(100): json_decode(null)
 2 SYSTEMPATH/View/View.php(228): include('/Users/tonypeter/Downloads/MMMFert/app/Views/admin/categoryViews/_categoryFormItems.php')
 3 SYSTEMPATH/View/View.php(231): CodeIgniter\View\View->CodeIgniter\View\{closure}()
 4 SYSTEMPATH/Common.php(1190): CodeIgniter\View\View->render('admin/categoryViews/_categoryFormItems', [], true)
 5 APPPATH/Views/admin/categoryViews/viewCategoryForm.php(18): view('admin/categoryViews/_categoryFormItems')
 6 SYSTEMPATH/View/View.php(228): include('/Users/tonypeter/Downloads/MMMFert/app/Views/admin/categoryViews/viewCategoryForm.php')
 7 SYSTEMPATH/View/View.php(231): CodeIgniter\View\View->CodeIgniter\View\{closure}()
 8 SYSTEMPATH/Common.php(1190): CodeIgniter\View\View->render('admin/categoryViews/viewCategoryForm', [], true)
 9 APPPATH/Controllers/GoBaseResourceController.php(170): view('admin/categoryViews/viewCategoryForm', [...])
10 APPPATH/Controllers/Admin/CategoriesController.php(260): App\Controllers\GoBaseResourceController->displayForm('App\\Controllers\\Admin\\CategoriesController::edit', '1')
11 SYSTEMPATH/CodeIgniter.php(942): App\Controllers\Admin\CategoriesController->edit('1')
12 SYSTEMPATH/CodeIgniter.php(502): CodeIgniter\CodeIgniter->runController(Object(App\Controllers\Admin\CategoriesController))
13 SYSTEMPATH/CodeIgniter.php(361): CodeIgniter\CodeIgniter->handleRequest(null, Object(Config\Cache), false)
14 FCPATH/index.php(79): CodeIgniter\CodeIgniter->run()
15 SYSTEMPATH/Commands/Server/rewrite.php(47): require_once('/Users/tonypeter/Downloads/MMMFert/public/index.php')
INFO - 2024-01-30 07:12:05 --> CSRF token verified.
INFO - 2024-01-30 07:12:05 --> Session: Class initialized using 'CodeIgniter\Session\Handlers\FileHandler' driver.
WARNING - 2024-01-30 07:12:05 --> [DEPRECATED] Creation of dynamic property App\Controllers\Admin\CategoriesController::$validationErrors is deprecated in APPPATH/Controllers/GoBaseResourceController.php on line 259.
 1 APPPATH/Controllers/Admin/CategoriesController.php(110): App\Controllers\GoBaseResourceController->canValidate()
 2 SYSTEMPATH/CodeIgniter.php(942): App\Controllers\Admin\CategoriesController->add()
 3 SYSTEMPATH/CodeIgniter.php(502): CodeIgniter\CodeIgniter->runController(Object(App\Controllers\Admin\CategoriesController))
 4 SYSTEMPATH/CodeIgniter.php(361): CodeIgniter\CodeIgniter->handleRequest(null, Object(Config\Cache), false)
 5 FCPATH/index.php(79): CodeIgniter\CodeIgniter->run()
 6 SYSTEMPATH/Commands/Server/rewrite.php(47): require_once('/Users/tonypeter/Downloads/MMMFert/public/index.php')
INFO - 2024-01-30 07:12:06 --> Session: Class initialized using 'CodeIgniter\Session\Handlers\FileHandler' driver.
INFO - 2024-01-30 07:12:06 --> CSRF token verified.
INFO - 2024-01-30 07:12:06 --> Session: Class initialized using 'CodeIgniter\Session\Handlers\FileHandler' driver.
INFO - 2024-01-30 07:12:18 --> Session: Class initialized using 'CodeIgniter\Session\Handlers\FileHandler' driver.
WARNING - 2024-01-30 07:12:18 --> [DEPRECATED] json_decode(): Passing null to parameter #1 ($json) of type string is deprecated in APPPATH/Views/admin/categoryViews/_categoryFormItems.php on line 100.
 1 APPPATH/Views/admin/categoryViews/_categoryFormItems.php(100): json_decode(null)
 2 SYSTEMPATH/View/View.php(228): include('/Users/tonypeter/Downloads/MMMFert/app/Views/admin/categoryViews/_categoryFormItems.php')
 3 SYSTEMPATH/View/View.php(231): CodeIgniter\View\View->CodeIgniter\View\{closure}()
 4 SYSTEMPATH/Common.php(1190): CodeIgniter\View\View->render('admin/categoryViews/_categoryFormItems', [], true)
 5 APPPATH/Views/admin/categoryViews/viewCategoryForm.php(18): view('admin/categoryViews/_categoryFormItems')
 6 SYSTEMPATH/View/View.php(228): include('/Users/tonypeter/Downloads/MMMFert/app/Views/admin/categoryViews/viewCategoryForm.php')
 7 SYSTEMPATH/View/View.php(231): CodeIgniter\View\View->CodeIgniter\View\{closure}()
 8 SYSTEMPATH/Common.php(1190): CodeIgniter\View\View->render('admin/categoryViews/viewCategoryForm', [], true)
 9 APPPATH/Controllers/GoBaseResourceController.php(170): view('admin/categoryViews/viewCategoryForm', [...])
10 APPPATH/Controllers/Admin/CategoriesController.php(260): App\Controllers\GoBaseResourceController->displayForm('App\\Controllers\\Admin\\CategoriesController::edit', '1')
11 SYSTEMPATH/CodeIgniter.php(942): App\Controllers\Admin\CategoriesController->edit('1')
12 SYSTEMPATH/CodeIgniter.php(502): CodeIgniter\CodeIgniter->runController(Object(App\Controllers\Admin\CategoriesController))
13 SYSTEMPATH/CodeIgniter.php(361): CodeIgniter\CodeIgniter->handleRequest(null, Object(Config\Cache), false)
14 FCPATH/index.php(79): CodeIgniter\CodeIgniter->run()
15 SYSTEMPATH/Commands/Server/rewrite.php(47): require_once('/Users/tonypeter/Downloads/MMMFert/public/index.php')
INFO - 2024-01-30 07:12:22 --> CSRF token verified.
INFO - 2024-01-30 07:12:22 --> Session: Class initialized using 'CodeIgniter\Session\Handlers\FileHandler' driver.
WARNING - 2024-01-30 07:12:22 --> [DEPRECATED] Creation of dynamic property App\Controllers\Admin\CategoriesController::$validationErrors is deprecated in APPPATH/Controllers/GoBaseResourceController.php on line 259.
 1 APPPATH/Controllers/Admin/CategoriesController.php(110): App\Controllers\GoBaseResourceController->canValidate()
 2 SYSTEMPATH/CodeIgniter.php(942): App\Controllers\Admin\CategoriesController->add()
 3 SYSTEMPATH/CodeIgniter.php(502): CodeIgniter\CodeIgniter->runController(Object(App\Controllers\Admin\CategoriesController))
 4 SYSTEMPATH/CodeIgniter.php(361): CodeIgniter\CodeIgniter->handleRequest(null, Object(Config\Cache), false)
 5 FCPATH/index.php(79): CodeIgniter\CodeIgniter->run()
 6 SYSTEMPATH/Commands/Server/rewrite.php(47): require_once('/Users/tonypeter/Downloads/MMMFert/public/index.php')
INFO - 2024-01-30 07:12:22 --> Session: Class initialized using 'CodeIgniter\Session\Handlers\FileHandler' driver.
INFO - 2024-01-30 07:12:22 --> CSRF token verified.
INFO - 2024-01-30 07:12:22 --> Session: Class initialized using 'CodeIgniter\Session\Handlers\FileHandler' driver.
INFO - 2024-01-30 07:15:01 --> Session: Class initialized using 'CodeIgniter\Session\Handlers\FileHandler' driver.
WARNING - 2024-01-30 07:15:01 --> [DEPRECATED] json_decode(): Passing null to parameter #1 ($json) of type string is deprecated in APPPATH/Views/admin/categoryViews/_categoryFormItems.php on line 100.
 1 APPPATH/Views/admin/categoryViews/_categoryFormItems.php(100): json_decode(null)
 2 SYSTEMPATH/View/View.php(228): include('/Users/tonypeter/Downloads/MMMFert/app/Views/admin/categoryViews/_categoryFormItems.php')
 3 SYSTEMPATH/View/View.php(231): CodeIgniter\View\View->CodeIgniter\View\{closure}()
 4 SYSTEMPATH/Common.php(1190): CodeIgniter\View\View->render('admin/categoryViews/_categoryFormItems', [], true)
 5 APPPATH/Views/admin/categoryViews/viewCategoryForm.php(18): view('admin/categoryViews/_categoryFormItems')
 6 SYSTEMPATH/View/View.php(228): include('/Users/tonypeter/Downloads/MMMFert/app/Views/admin/categoryViews/viewCategoryForm.php')
 7 SYSTEMPATH/View/View.php(231): CodeIgniter\View\View->CodeIgniter\View\{closure}()
 8 SYSTEMPATH/Common.php(1190): CodeIgniter\View\View->render('admin/categoryViews/viewCategoryForm', [], true)
 9 APPPATH/Controllers/GoBaseResourceController.php(170): view('admin/categoryViews/viewCategoryForm', [...])
10 APPPATH/Controllers/Admin/CategoriesController.php(258): App\Controllers\GoBaseResourceController->displayForm('App\\Controllers\\Admin\\CategoriesController::edit', '1')
11 SYSTEMPATH/CodeIgniter.php(942): App\Controllers\Admin\CategoriesController->edit('1')
12 SYSTEMPATH/CodeIgniter.php(502): CodeIgniter\CodeIgniter->runController(Object(App\Controllers\Admin\CategoriesController))
13 SYSTEMPATH/CodeIgniter.php(361): CodeIgniter\CodeIgniter->handleRequest(null, Object(Config\Cache), false)
14 FCPATH/index.php(79): CodeIgniter\CodeIgniter->run()
15 SYSTEMPATH/Commands/Server/rewrite.php(47): require_once('/Users/tonypeter/Downloads/MMMFert/public/index.php')
INFO - 2024-01-30 07:15:05 --> Session: Class initialized using 'CodeIgniter\Session\Handlers\FileHandler' driver.
INFO - 2024-01-30 07:15:05 --> CSRF token verified.
INFO - 2024-01-30 07:15:05 --> Session: Class initialized using 'CodeIgniter\Session\Handlers\FileHandler' driver.
INFO - 2024-01-30 07:15:07 --> Session: Class initialized using 'CodeIgniter\Session\Handlers\FileHandler' driver.
WARNING - 2024-01-30 07:15:07 --> [DEPRECATED] json_decode(): Passing null to parameter #1 ($json) of type string is deprecated in APPPATH/Views/admin/categoryViews/_categoryFormItems.php on line 100.
 1 APPPATH/Views/admin/categoryViews/_categoryFormItems.php(100): json_decode(null)
 2 SYSTEMPATH/View/View.php(228): include('/Users/tonypeter/Downloads/MMMFert/app/Views/admin/categoryViews/_categoryFormItems.php')
 3 SYSTEMPATH/View/View.php(231): CodeIgniter\View\View->CodeIgniter\View\{closure}()
 4 SYSTEMPATH/Common.php(1190): CodeIgniter\View\View->render('admin/categoryViews/_categoryFormItems', [], true)
 5 APPPATH/Views/admin/categoryViews/viewCategoryForm.php(18): view('admin/categoryViews/_categoryFormItems')
 6 SYSTEMPATH/View/View.php(228): include('/Users/tonypeter/Downloads/MMMFert/app/Views/admin/categoryViews/viewCategoryForm.php')
 7 SYSTEMPATH/View/View.php(231): CodeIgniter\View\View->CodeIgniter\View\{closure}()
 8 SYSTEMPATH/Common.php(1190): CodeIgniter\View\View->render('admin/categoryViews/viewCategoryForm', [], true)
 9 APPPATH/Controllers/GoBaseResourceController.php(170): view('admin/categoryViews/viewCategoryForm', [...])
10 APPPATH/Controllers/Admin/CategoriesController.php(258): App\Controllers\GoBaseResourceController->displayForm('App\\Controllers\\Admin\\CategoriesController::edit', '5')
11 SYSTEMPATH/CodeIgniter.php(942): App\Controllers\Admin\CategoriesController->edit('5')
12 SYSTEMPATH/CodeIgniter.php(502): CodeIgniter\CodeIgniter->runController(Object(App\Controllers\Admin\CategoriesController))
13 SYSTEMPATH/CodeIgniter.php(361): CodeIgniter\CodeIgniter->handleRequest(null, Object(Config\Cache), false)
14 FCPATH/index.php(79): CodeIgniter\CodeIgniter->run()
15 SYSTEMPATH/Commands/Server/rewrite.php(47): require_once('/Users/tonypeter/Downloads/MMMFert/public/index.php')
INFO - 2024-01-30 07:15:17 --> Session: Class initialized using 'CodeIgniter\Session\Handlers\FileHandler' driver.
WARNING - 2024-01-30 07:15:17 --> [DEPRECATED] json_decode(): Passing null to parameter #1 ($json) of type string is deprecated in APPPATH/Views/admin/categoryViews/_categoryFormItems.php on line 100.
 1 APPPATH/Views/admin/categoryViews/_categoryFormItems.php(100): json_decode(null)
 2 SYSTEMPATH/View/View.php(228): include('/Users/tonypeter/Downloads/MMMFert/app/Views/admin/categoryViews/_categoryFormItems.php')
 3 SYSTEMPATH/View/View.php(231): CodeIgniter\View\View->CodeIgniter\View\{closure}()
 4 SYSTEMPATH/Common.php(1190): CodeIgniter\View\View->render('admin/categoryViews/_categoryFormItems', [], true)
 5 APPPATH/Views/admin/categoryViews/viewCategoryForm.php(18): view('admin/categoryViews/_categoryFormItems')
 6 SYSTEMPATH/View/View.php(228): include('/Users/tonypeter/Downloads/MMMFert/app/Views/admin/categoryViews/viewCategoryForm.php')
 7 SYSTEMPATH/View/View.php(231): CodeIgniter\View\View->CodeIgniter\View\{closure}()
 8 SYSTEMPATH/Common.php(1190): CodeIgniter\View\View->render('admin/categoryViews/viewCategoryForm', [], true)
 9 APPPATH/Controllers/GoBaseResourceController.php(170): view('admin/categoryViews/viewCategoryForm', [...])
10 APPPATH/Controllers/Admin/CategoriesController.php(258): App\Controllers\GoBaseResourceController->displayForm('App\\Controllers\\Admin\\CategoriesController::edit', '5')
11 SYSTEMPATH/CodeIgniter.php(942): App\Controllers\Admin\CategoriesController->edit('5')
12 SYSTEMPATH/CodeIgniter.php(502): CodeIgniter\CodeIgniter->runController(Object(App\Controllers\Admin\CategoriesController))
13 SYSTEMPATH/CodeIgniter.php(361): CodeIgniter\CodeIgniter->handleRequest(null, Object(Config\Cache), false)
14 FCPATH/index.php(79): CodeIgniter\CodeIgniter->run()
15 SYSTEMPATH/Commands/Server/rewrite.php(47): require_once('/Users/tonypeter/Downloads/MMMFert/public/index.php')
INFO - 2024-01-30 07:15:21 --> CSRF token verified.
INFO - 2024-01-30 07:15:21 --> Session: Class initialized using 'CodeIgniter\Session\Handlers\FileHandler' driver.
WARNING - 2024-01-30 07:15:21 --> [DEPRECATED] Creation of dynamic property App\Controllers\Admin\CategoriesController::$validationErrors is deprecated in APPPATH/Controllers/GoBaseResourceController.php on line 259.
 1 APPPATH/Controllers/Admin/CategoriesController.php(110): App\Controllers\GoBaseResourceController->canValidate()
 2 SYSTEMPATH/CodeIgniter.php(942): App\Controllers\Admin\CategoriesController->add()
 3 SYSTEMPATH/CodeIgniter.php(502): CodeIgniter\CodeIgniter->runController(Object(App\Controllers\Admin\CategoriesController))
 4 SYSTEMPATH/CodeIgniter.php(361): CodeIgniter\CodeIgniter->handleRequest(null, Object(Config\Cache), false)
 5 FCPATH/index.php(79): CodeIgniter\CodeIgniter->run()
 6 SYSTEMPATH/Commands/Server/rewrite.php(47): require_once('/Users/tonypeter/Downloads/MMMFert/public/index.php')
INFO - 2024-01-30 07:15:21 --> Session: Class initialized using 'CodeIgniter\Session\Handlers\FileHandler' driver.
INFO - 2024-01-30 07:15:21 --> CSRF token verified.
INFO - 2024-01-30 07:15:21 --> Session: Class initialized using 'CodeIgniter\Session\Handlers\FileHandler' driver.
INFO - 2024-01-30 07:22:36 --> Session: Class initialized using 'CodeIgniter\Session\Handlers\FileHandler' driver.
INFO - 2024-01-30 07:22:36 --> CSRF token verified.
INFO - 2024-01-30 07:22:36 --> Session: Class initialized using 'CodeIgniter\Session\Handlers\FileHandler' driver.
INFO - 2024-01-30 07:22:37 --> Session: Class initialized using 'CodeIgniter\Session\Handlers\FileHandler' driver.
CRITICAL - 2024-01-30 07:22:37 --> Undefined variable $category
in APPPATH/Views/admin/categoryViews/_categoryFormItems.php on line 19.
 1 APPPATH/Views/admin/categoryViews/_categoryFormItems.php(19): CodeIgniter\Debug\Exceptions->errorHandler(2, 'Undefined variable $category', '/Users/tonypeter/Downloads/MMMFert/app/Views/admin/categoryViews/_categoryFormItems.php', 19)
 2 SYSTEMPATH/View/View.php(228): include('/Users/tonypeter/Downloads/MMMFert/app/Views/admin/categoryViews/_categoryFormItems.php')
 3 SYSTEMPATH/View/View.php(231): CodeIgniter\View\View->CodeIgniter\View\{closure}()
 4 SYSTEMPATH/Common.php(1190): CodeIgniter\View\View->render('admin/categoryViews/_categoryFormItems', [], true)
 5 APPPATH/Views/admin/categoryViews/viewCategoryForm.php(18): view('admin/categoryViews/_categoryFormItems')
 6 SYSTEMPATH/View/View.php(228): include('/Users/tonypeter/Downloads/MMMFert/app/Views/admin/categoryViews/viewCategoryForm.php')
 7 SYSTEMPATH/View/View.php(231): CodeIgniter\View\View->CodeIgniter\View\{closure}()
 8 SYSTEMPATH/Common.php(1190): CodeIgniter\View\View->render('admin/categoryViews/viewCategoryForm', [], true)
 9 APPPATH/Controllers/GoBaseResourceController.php(170): view('admin/categoryViews/viewCategoryForm', [...])
10 APPPATH/Controllers/Admin/CategoriesController.php(257): App\Controllers\GoBaseResourceController->displayForm('App\\Controllers\\Admin\\CategoriesController::edit', '7')
11 SYSTEMPATH/CodeIgniter.php(942): App\Controllers\Admin\CategoriesController->edit('7')
12 SYSTEMPATH/CodeIgniter.php(502): CodeIgniter\CodeIgniter->runController(Object(App\Controllers\Admin\CategoriesController))
13 SYSTEMPATH/CodeIgniter.php(361): CodeIgniter\CodeIgniter->handleRequest(null, Object(Config\Cache), false)
14 FCPATH/index.php(79): CodeIgniter\CodeIgniter->run()
15 SYSTEMPATH/Commands/Server/rewrite.php(47): require_once('/Users/tonypeter/Downloads/MMMFert/public/index.php')
INFO - 2024-01-30 07:25:43 --> Session: Class initialized using 'CodeIgniter\Session\Handlers\FileHandler' driver.
INFO - 2024-01-30 07:25:43 --> CSRF token verified.
INFO - 2024-01-30 07:25:43 --> Session: Class initialized using 'CodeIgniter\Session\Handlers\FileHandler' driver.
INFO - 2024-01-30 07:25:45 --> Session: Class initialized using 'CodeIgniter\Session\Handlers\FileHandler' driver.
WARNING - 2024-01-30 07:25:45 --> [DEPRECATED] json_decode(): Passing null to parameter #1 ($json) of type string is deprecated in APPPATH/Views/admin/categoryViews/_categoryFormItems.php on line 100.
 1 APPPATH/Views/admin/categoryViews/_categoryFormItems.php(100): json_decode(null)
 2 SYSTEMPATH/View/View.php(228): include('/Users/tonypeter/Downloads/MMMFert/app/Views/admin/categoryViews/_categoryFormItems.php')
 3 SYSTEMPATH/View/View.php(231): CodeIgniter\View\View->CodeIgniter\View\{closure}()
 4 SYSTEMPATH/Common.php(1190): CodeIgniter\View\View->render('admin/categoryViews/_categoryFormItems', [], true)
 5 APPPATH/Views/admin/categoryViews/viewCategoryForm.php(18): view('admin/categoryViews/_categoryFormItems')
 6 SYSTEMPATH/View/View.php(228): include('/Users/tonypeter/Downloads/MMMFert/app/Views/admin/categoryViews/viewCategoryForm.php')
 7 SYSTEMPATH/View/View.php(231): CodeIgniter\View\View->CodeIgniter\View\{closure}()
 8 SYSTEMPATH/Common.php(1190): CodeIgniter\View\View->render('admin/categoryViews/viewCategoryForm', [], true)
 9 APPPATH/Controllers/GoBaseResourceController.php(170): view('admin/categoryViews/viewCategoryForm', [...])
10 APPPATH/Controllers/Admin/CategoriesController.php(254): App\Controllers\GoBaseResourceController->displayForm('App\\Controllers\\Admin\\CategoriesController::edit', '7')
11 SYSTEMPATH/CodeIgniter.php(942): App\Controllers\Admin\CategoriesController->edit('7')
12 SYSTEMPATH/CodeIgniter.php(502): CodeIgniter\CodeIgniter->runController(Object(App\Controllers\Admin\CategoriesController))
13 SYSTEMPATH/CodeIgniter.php(361): CodeIgniter\CodeIgniter->handleRequest(null, Object(Config\Cache), false)
14 FCPATH/index.php(79): CodeIgniter\CodeIgniter->run()
15 SYSTEMPATH/Commands/Server/rewrite.php(47): require_once('/Users/tonypeter/Downloads/MMMFert/public/index.php')
INFO - 2024-01-30 07:25:49 --> CSRF token verified.
INFO - 2024-01-30 07:25:49 --> Session: Class initialized using 'CodeIgniter\Session\Handlers\FileHandler' driver.
WARNING - 2024-01-30 07:25:49 --> [DEPRECATED] Creation of dynamic property App\Controllers\Admin\CategoriesController::$validationErrors is deprecated in APPPATH/Controllers/GoBaseResourceController.php on line 259.
 1 APPPATH/Controllers/Admin/CategoriesController.php(208): App\Controllers\GoBaseResourceController->canValidate()
 2 SYSTEMPATH/CodeIgniter.php(942): App\Controllers\Admin\CategoriesController->edit('7')
 3 SYSTEMPATH/CodeIgniter.php(502): CodeIgniter\CodeIgniter->runController(Object(App\Controllers\Admin\CategoriesController))
 4 SYSTEMPATH/CodeIgniter.php(361): CodeIgniter\CodeIgniter->handleRequest(null, Object(Config\Cache), false)
 5 FCPATH/index.php(79): CodeIgniter\CodeIgniter->run()
 6 SYSTEMPATH/Commands/Server/rewrite.php(47): require_once('/Users/tonypeter/Downloads/MMMFert/public/index.php')
INFO - 2024-01-30 07:25:49 --> Session: Class initialized using 'CodeIgniter\Session\Handlers\FileHandler' driver.
INFO - 2024-01-30 07:25:50 --> CSRF token verified.
INFO - 2024-01-30 07:25:50 --> Session: Class initialized using 'CodeIgniter\Session\Handlers\FileHandler' driver.
INFO - 2024-01-30 07:25:54 --> CSRF token verified.
INFO - 2024-01-30 07:25:54 --> Session: Class initialized using 'CodeIgniter\Session\Handlers\FileHandler' driver.
INFO - 2024-01-30 07:25:54 --> CSRF token verified.
INFO - 2024-01-30 07:25:54 --> Session: Class initialized using 'CodeIgniter\Session\Handlers\FileHandler' driver.
INFO - 2024-01-30 07:25:56 --> CSRF token verified.
INFO - 2024-01-30 07:25:56 --> Session: Class initialized using 'CodeIgniter\Session\Handlers\FileHandler' driver.
INFO - 2024-01-30 07:25:56 --> CSRF token verified.
INFO - 2024-01-30 07:25:56 --> Session: Class initialized using 'CodeIgniter\Session\Handlers\FileHandler' driver.
INFO - 2024-01-30 07:25:59 --> CSRF token verified.
INFO - 2024-01-30 07:25:59 --> Session: Class initialized using 'CodeIgniter\Session\Handlers\FileHandler' driver.
INFO - 2024-01-30 07:25:59 --> CSRF token verified.
INFO - 2024-01-30 07:25:59 --> Session: Class initialized using 'CodeIgniter\Session\Handlers\FileHandler' driver.
INFO - 2024-01-30 07:26:01 --> Session: Class initialized using 'CodeIgniter\Session\Handlers\FileHandler' driver.
WARNING - 2024-01-30 07:26:01 --> [DEPRECATED] json_decode(): Passing null to parameter #1 ($json) of type string is deprecated in APPPATH/Views/admin/categoryViews/_categoryFormItems.php on line 100.
 1 APPPATH/Views/admin/categoryViews/_categoryFormItems.php(100): json_decode(null)
 2 SYSTEMPATH/View/View.php(228): include('/Users/tonypeter/Downloads/MMMFert/app/Views/admin/categoryViews/_categoryFormItems.php')
 3 SYSTEMPATH/View/View.php(231): CodeIgniter\View\View->CodeIgniter\View\{closure}()
 4 SYSTEMPATH/Common.php(1190): CodeIgniter\View\View->render('admin/categoryViews/_categoryFormItems', [], true)
 5 APPPATH/Views/admin/categoryViews/viewCategoryForm.php(18): view('admin/categoryViews/_categoryFormItems')
 6 SYSTEMPATH/View/View.php(228): include('/Users/tonypeter/Downloads/MMMFert/app/Views/admin/categoryViews/viewCategoryForm.php')
 7 SYSTEMPATH/View/View.php(231): CodeIgniter\View\View->CodeIgniter\View\{closure}()
 8 SYSTEMPATH/Common.php(1190): CodeIgniter\View\View->render('admin/categoryViews/viewCategoryForm', [], true)
 9 APPPATH/Controllers/GoBaseResourceController.php(170): view('admin/categoryViews/viewCategoryForm', [...])
10 APPPATH/Controllers/Admin/CategoriesController.php(254): App\Controllers\GoBaseResourceController->displayForm('App\\Controllers\\Admin\\CategoriesController::edit', '1')
11 SYSTEMPATH/CodeIgniter.php(942): App\Controllers\Admin\CategoriesController->edit('1')
12 SYSTEMPATH/CodeIgniter.php(502): CodeIgniter\CodeIgniter->runController(Object(App\Controllers\Admin\CategoriesController))
13 SYSTEMPATH/CodeIgniter.php(361): CodeIgniter\CodeIgniter->handleRequest(null, Object(Config\Cache), false)
14 FCPATH/index.php(79): CodeIgniter\CodeIgniter->run()
15 SYSTEMPATH/Commands/Server/rewrite.php(47): require_once('/Users/tonypeter/Downloads/MMMFert/public/index.php')
INFO - 2024-01-30 07:26:04 --> CSRF token verified.
INFO - 2024-01-30 07:26:04 --> Session: Class initialized using 'CodeIgniter\Session\Handlers\FileHandler' driver.
WARNING - 2024-01-30 07:26:04 --> [DEPRECATED] Creation of dynamic property App\Controllers\Admin\CategoriesController::$validationErrors is deprecated in APPPATH/Controllers/GoBaseResourceController.php on line 259.
 1 APPPATH/Controllers/Admin/CategoriesController.php(208): App\Controllers\GoBaseResourceController->canValidate()
 2 SYSTEMPATH/CodeIgniter.php(942): App\Controllers\Admin\CategoriesController->edit('1')
 3 SYSTEMPATH/CodeIgniter.php(502): CodeIgniter\CodeIgniter->runController(Object(App\Controllers\Admin\CategoriesController))
 4 SYSTEMPATH/CodeIgniter.php(361): CodeIgniter\CodeIgniter->handleRequest(null, Object(Config\Cache), false)
 5 FCPATH/index.php(79): CodeIgniter\CodeIgniter->run()
 6 SYSTEMPATH/Commands/Server/rewrite.php(47): require_once('/Users/tonypeter/Downloads/MMMFert/public/index.php')
INFO - 2024-01-30 07:26:04 --> Session: Class initialized using 'CodeIgniter\Session\Handlers\FileHandler' driver.
INFO - 2024-01-30 07:26:04 --> CSRF token verified.
INFO - 2024-01-30 07:26:04 --> Session: Class initialized using 'CodeIgniter\Session\Handlers\FileHandler' driver.
INFO - 2024-01-30 07:26:07 --> Session: Class initialized using 'CodeIgniter\Session\Handlers\FileHandler' driver.
WARNING - 2024-01-30 07:26:07 --> [DEPRECATED] json_decode(): Passing null to parameter #1 ($json) of type string is deprecated in APPPATH/Views/admin/categoryViews/_categoryFormItems.php on line 100.
 1 APPPATH/Views/admin/categoryViews/_categoryFormItems.php(100): json_decode(null)
 2 SYSTEMPATH/View/View.php(228): include('/Users/tonypeter/Downloads/MMMFert/app/Views/admin/categoryViews/_categoryFormItems.php')
 3 SYSTEMPATH/View/View.php(231): CodeIgniter\View\View->CodeIgniter\View\{closure}()
 4 SYSTEMPATH/Common.php(1190): CodeIgniter\View\View->render('admin/categoryViews/_categoryFormItems', [], true)
 5 APPPATH/Views/admin/categoryViews/viewCategoryForm.php(18): view('admin/categoryViews/_categoryFormItems')
 6 SYSTEMPATH/View/View.php(228): include('/Users/tonypeter/Downloads/MMMFert/app/Views/admin/categoryViews/viewCategoryForm.php')
 7 SYSTEMPATH/View/View.php(231): CodeIgniter\View\View->CodeIgniter\View\{closure}()
 8 SYSTEMPATH/Common.php(1190): CodeIgniter\View\View->render('admin/categoryViews/viewCategoryForm', [], true)
 9 APPPATH/Controllers/GoBaseResourceController.php(170): view('admin/categoryViews/viewCategoryForm', [...])
10 APPPATH/Controllers/Admin/CategoriesController.php(162): App\Controllers\GoBaseResourceController->displayForm('App\\Controllers\\Admin\\CategoriesController::add')
11 SYSTEMPATH/CodeIgniter.php(942): App\Controllers\Admin\CategoriesController->add()
12 SYSTEMPATH/CodeIgniter.php(502): CodeIgniter\CodeIgniter->runController(Object(App\Controllers\Admin\CategoriesController))
13 SYSTEMPATH/CodeIgniter.php(361): CodeIgniter\CodeIgniter->handleRequest(null, Object(Config\Cache), false)
14 FCPATH/index.php(79): CodeIgniter\CodeIgniter->run()
15 SYSTEMPATH/Commands/Server/rewrite.php(47): require_once('/Users/tonypeter/Downloads/MMMFert/public/index.php')
INFO - 2024-01-30 07:26:12 --> CSRF token verified.
INFO - 2024-01-30 07:26:12 --> Session: Class initialized using 'CodeIgniter\Session\Handlers\FileHandler' driver.
WARNING - 2024-01-30 07:26:12 --> [DEPRECATED] Creation of dynamic property App\Controllers\Admin\CategoriesController::$validationErrors is deprecated in APPPATH/Controllers/GoBaseResourceController.php on line 259.
 1 APPPATH/Controllers/Admin/CategoriesController.php(110): App\Controllers\GoBaseResourceController->canValidate()
 2 SYSTEMPATH/CodeIgniter.php(942): App\Controllers\Admin\CategoriesController->add()
 3 SYSTEMPATH/CodeIgniter.php(502): CodeIgniter\CodeIgniter->runController(Object(App\Controllers\Admin\CategoriesController))
 4 SYSTEMPATH/CodeIgniter.php(361): CodeIgniter\CodeIgniter->handleRequest(null, Object(Config\Cache), false)
 5 FCPATH/index.php(79): CodeIgniter\CodeIgniter->run()
 6 SYSTEMPATH/Commands/Server/rewrite.php(47): require_once('/Users/tonypeter/Downloads/MMMFert/public/index.php')
INFO - 2024-01-30 07:26:12 --> Session: Class initialized using 'CodeIgniter\Session\Handlers\FileHandler' driver.
INFO - 2024-01-30 07:26:12 --> CSRF token verified.
INFO - 2024-01-30 07:26:12 --> Session: Class initialized using 'CodeIgniter\Session\Handlers\FileHandler' driver.
INFO - 2024-01-30 07:26:14 --> Session: Class initialized using 'CodeIgniter\Session\Handlers\FileHandler' driver.
WARNING - 2024-01-30 07:26:14 --> [DEPRECATED] json_decode(): Passing null to parameter #1 ($json) of type string is deprecated in APPPATH/Views/admin/categoryViews/_categoryFormItems.php on line 100.
 1 APPPATH/Views/admin/categoryViews/_categoryFormItems.php(100): json_decode(null)
 2 SYSTEMPATH/View/View.php(228): include('/Users/tonypeter/Downloads/MMMFert/app/Views/admin/categoryViews/_categoryFormItems.php')
 3 SYSTEMPATH/View/View.php(231): CodeIgniter\View\View->CodeIgniter\View\{closure}()
 4 SYSTEMPATH/Common.php(1190): CodeIgniter\View\View->render('admin/categoryViews/_categoryFormItems', [], true)
 5 APPPATH/Views/admin/categoryViews/viewCategoryForm.php(18): view('admin/categoryViews/_categoryFormItems')
 6 SYSTEMPATH/View/View.php(228): include('/Users/tonypeter/Downloads/MMMFert/app/Views/admin/categoryViews/viewCategoryForm.php')
 7 SYSTEMPATH/View/View.php(231): CodeIgniter\View\View->CodeIgniter\View\{closure}()
 8 SYSTEMPATH/Common.php(1190): CodeIgniter\View\View->render('admin/categoryViews/viewCategoryForm', [], true)
 9 APPPATH/Controllers/GoBaseResourceController.php(170): view('admin/categoryViews/viewCategoryForm', [...])
10 APPPATH/Controllers/Admin/CategoriesController.php(254): App\Controllers\GoBaseResourceController->displayForm('App\\Controllers\\Admin\\CategoriesController::edit', '8')
11 SYSTEMPATH/CodeIgniter.php(942): App\Controllers\Admin\CategoriesController->edit('8')
12 SYSTEMPATH/CodeIgniter.php(502): CodeIgniter\CodeIgniter->runController(Object(App\Controllers\Admin\CategoriesController))
13 SYSTEMPATH/CodeIgniter.php(361): CodeIgniter\CodeIgniter->handleRequest(null, Object(Config\Cache), false)
14 FCPATH/index.php(79): CodeIgniter\CodeIgniter->run()
15 SYSTEMPATH/Commands/Server/rewrite.php(47): require_once('/Users/tonypeter/Downloads/MMMFert/public/index.php')
INFO - 2024-01-30 07:26:19 --> CSRF token verified.
INFO - 2024-01-30 07:26:19 --> Session: Class initialized using 'CodeIgniter\Session\Handlers\FileHandler' driver.
WARNING - 2024-01-30 07:26:19 --> [DEPRECATED] Creation of dynamic property App\Controllers\Admin\CategoriesController::$validationErrors is deprecated in APPPATH/Controllers/GoBaseResourceController.php on line 259.
 1 APPPATH/Controllers/Admin/CategoriesController.php(208): App\Controllers\GoBaseResourceController->canValidate()
 2 SYSTEMPATH/CodeIgniter.php(942): App\Controllers\Admin\CategoriesController->edit('8')
 3 SYSTEMPATH/CodeIgniter.php(502): CodeIgniter\CodeIgniter->runController(Object(App\Controllers\Admin\CategoriesController))
 4 SYSTEMPATH/CodeIgniter.php(361): CodeIgniter\CodeIgniter->handleRequest(null, Object(Config\Cache), false)
 5 FCPATH/index.php(79): CodeIgniter\CodeIgniter->run()
 6 SYSTEMPATH/Commands/Server/rewrite.php(47): require_once('/Users/tonypeter/Downloads/MMMFert/public/index.php')
INFO - 2024-01-30 07:26:19 --> Session: Class initialized using 'CodeIgniter\Session\Handlers\FileHandler' driver.
INFO - 2024-01-30 07:26:19 --> CSRF token verified.
INFO - 2024-01-30 07:26:19 --> Session: Class initialized using 'CodeIgniter\Session\Handlers\FileHandler' driver.
INFO - 2024-01-30 07:26:22 --> Session: Class initialized using 'CodeIgniter\Session\Handlers\FileHandler' driver.
WARNING - 2024-01-30 07:26:22 --> [DEPRECATED] json_decode(): Passing null to parameter #1 ($json) of type string is deprecated in APPPATH/Views/admin/categoryViews/_categoryFormItems.php on line 100.
 1 APPPATH/Views/admin/categoryViews/_categoryFormItems.php(100): json_decode(null)
 2 SYSTEMPATH/View/View.php(228): include('/Users/tonypeter/Downloads/MMMFert/app/Views/admin/categoryViews/_categoryFormItems.php')
 3 SYSTEMPATH/View/View.php(231): CodeIgniter\View\View->CodeIgniter\View\{closure}()
 4 SYSTEMPATH/Common.php(1190): CodeIgniter\View\View->render('admin/categoryViews/_categoryFormItems', [], true)
 5 APPPATH/Views/admin/categoryViews/viewCategoryForm.php(18): view('admin/categoryViews/_categoryFormItems')
 6 SYSTEMPATH/View/View.php(228): include('/Users/tonypeter/Downloads/MMMFert/app/Views/admin/categoryViews/viewCategoryForm.php')
 7 SYSTEMPATH/View/View.php(231): CodeIgniter\View\View->CodeIgniter\View\{closure}()
 8 SYSTEMPATH/Common.php(1190): CodeIgniter\View\View->render('admin/categoryViews/viewCategoryForm', [], true)
 9 APPPATH/Controllers/GoBaseResourceController.php(170): view('admin/categoryViews/viewCategoryForm', [...])
10 APPPATH/Controllers/Admin/CategoriesController.php(254): App\Controllers\GoBaseResourceController->displayForm('App\\Controllers\\Admin\\CategoriesController::edit', '8')
11 SYSTEMPATH/CodeIgniter.php(942): App\Controllers\Admin\CategoriesController->edit('8')
12 SYSTEMPATH/CodeIgniter.php(502): CodeIgniter\CodeIgniter->runController(Object(App\Controllers\Admin\CategoriesController))
13 SYSTEMPATH/CodeIgniter.php(361): CodeIgniter\CodeIgniter->handleRequest(null, Object(Config\Cache), false)
14 FCPATH/index.php(79): CodeIgniter\CodeIgniter->run()
15 SYSTEMPATH/Commands/Server/rewrite.php(47): require_once('/Users/tonypeter/Downloads/MMMFert/public/index.php')
INFO - 2024-01-30 07:26:24 --> Session: Class initialized using 'CodeIgniter\Session\Handlers\FileHandler' driver.
INFO - 2024-01-30 07:26:24 --> CSRF token verified.
INFO - 2024-01-30 07:26:24 --> Session: Class initialized using 'CodeIgniter\Session\Handlers\FileHandler' driver.
INFO - 2024-01-30 07:26:26 --> CSRF token verified.
INFO - 2024-01-30 07:26:26 --> Session: Class initialized using 'CodeIgniter\Session\Handlers\FileHandler' driver.
INFO - 2024-01-30 07:26:26 --> CSRF token verified.
INFO - 2024-01-30 07:26:26 --> Session: Class initialized using 'CodeIgniter\Session\Handlers\FileHandler' driver.
INFO - 2024-01-30 07:26:29 --> CSRF token verified.
INFO - 2024-01-30 07:26:29 --> Session: Class initialized using 'CodeIgniter\Session\Handlers\FileHandler' driver.
INFO - 2024-01-30 07:26:29 --> CSRF token verified.
INFO - 2024-01-30 07:26:29 --> Session: Class initialized using 'CodeIgniter\Session\Handlers\FileHandler' driver.
INFO - 2024-01-30 07:29:30 --> Session: Class initialized using 'CodeIgniter\Session\Handlers\FileHandler' driver.
