INFO - 2023-12-25 01:06:40 --> Session: Class initialized using 'CodeIgniter\Session\Handlers\FileHandler' driver.
INFO - 2023-12-25 01:06:45 --> Session: Class initialized using 'CodeIgniter\Session\Handlers\FileHandler' driver.
INFO - 2023-12-25 01:06:45 --> Session: Class initialized using 'CodeIgniter\Session\Handlers\FileHandler' driver.
INFO - 2023-12-25 01:06:53 --> Session: Class initialized using 'CodeIgniter\Session\Handlers\FileHandler' driver.
INFO - 2023-12-25 01:06:59 --> Session: Class initialized using 'CodeIgniter\Session\Handlers\FileHandler' driver.
INFO - 2023-12-25 01:09:23 --> Session: Class initialized using 'CodeIgniter\Session\Handlers\FileHandler' driver.
INFO - 2023-12-25 01:09:38 --> CSRF token verified.
INFO - 2023-12-25 01:09:38 --> Session: Class initialized using 'CodeIgniter\Session\Handlers\FileHandler' driver.
INFO - 2023-12-25 01:09:38 --> Session: Class initialized using 'CodeIgniter\Session\Handlers\FileHandler' driver.
INFO - 2023-12-25 01:09:38 --> Session: Class initialized using 'CodeIgniter\Session\Handlers\FileHandler' driver.
INFO - 2023-12-25 01:09:40 --> Session: Class initialized using 'CodeIgniter\Session\Handlers\FileHandler' driver.
INFO - 2023-12-25 01:09:44 --> Session: Class initialized using 'CodeIgniter\Session\Handlers\FileHandler' driver.
INFO - 2023-12-25 01:09:57 --> Session: Class initialized using 'CodeIgniter\Session\Handlers\FileHandler' driver.
INFO - 2023-12-25 01:10:06 --> CSRF token verified.
INFO - 2023-12-25 01:10:06 --> Session: Class initialized using 'CodeIgniter\Session\Handlers\FileHandler' driver.
INFO - 2023-12-25 01:10:09 --> CSRF token verified.
INFO - 2023-12-25 01:10:09 --> Session: Class initialized using 'CodeIgniter\Session\Handlers\FileHandler' driver.
INFO - 2023-12-25 01:10:12 --> CSRF token verified.
INFO - 2023-12-25 01:10:12 --> Session: Class initialized using 'CodeIgniter\Session\Handlers\FileHandler' driver.
INFO - 2023-12-25 01:10:16 --> CSRF token verified.
INFO - 2023-12-25 01:10:16 --> Session: Class initialized using 'CodeIgniter\Session\Handlers\FileHandler' driver.
INFO - 2023-12-25 01:10:19 --> CSRF token verified.
INFO - 2023-12-25 01:10:19 --> Session: Class initialized using 'CodeIgniter\Session\Handlers\FileHandler' driver.
INFO - 2023-12-25 01:37:07 --> Session: Class initialized using 'CodeIgniter\Session\Handlers\FileHandler' driver.
INFO - 2023-12-25 01:37:09 --> Session: Class initialized using 'CodeIgniter\Session\Handlers\FileHandler' driver.
INFO - 2023-12-25 01:37:10 --> CSRF token verified.
INFO - 2023-12-25 01:37:10 --> Session: Class initialized using 'CodeIgniter\Session\Handlers\FileHandler' driver.
INFO - 2023-12-25 01:37:13 --> CSRF token verified.
INFO - 2023-12-25 01:37:13 --> Session: Class initialized using 'CodeIgniter\Session\Handlers\FileHandler' driver.
INFO - 2023-12-25 01:37:16 --> CSRF token verified.
INFO - 2023-12-25 01:37:16 --> Session: Class initialized using 'CodeIgniter\Session\Handlers\FileHandler' driver.
INFO - 2023-12-25 01:40:43 --> Session: Class initialized using 'CodeIgniter\Session\Handlers\FileHandler' driver.
INFO - 2023-12-25 01:40:43 --> Session: Class initialized using 'CodeIgniter\Session\Handlers\FileHandler' driver.
INFO - 2023-12-25 01:40:44 --> Session: Class initialized using 'CodeIgniter\Session\Handlers\FileHandler' driver.
INFO - 2023-12-25 01:40:45 --> Session: Class initialized using 'CodeIgniter\Session\Handlers\FileHandler' driver.
INFO - 2023-12-25 01:40:47 --> CSRF token verified.
INFO - 2023-12-25 01:40:47 --> Session: Class initialized using 'CodeIgniter\Session\Handlers\FileHandler' driver.
INFO - 2023-12-25 01:40:51 --> Session: Class initialized using 'CodeIgniter\Session\Handlers\FileHandler' driver.
INFO - 2023-12-25 01:40:51 --> Session: Class initialized using 'CodeIgniter\Session\Handlers\FileHandler' driver.
INFO - 2023-12-25 01:40:52 --> Session: Class initialized using 'CodeIgniter\Session\Handlers\FileHandler' driver.
INFO - 2023-12-25 01:40:54 --> Session: Class initialized using 'CodeIgniter\Session\Handlers\FileHandler' driver.
INFO - 2023-12-25 01:40:56 --> CSRF token verified.
INFO - 2023-12-25 01:40:56 --> Session: Class initialized using 'CodeIgniter\Session\Handlers\FileHandler' driver.
INFO - 2023-12-25 01:43:40 --> Session: Class initialized using 'CodeIgniter\Session\Handlers\FileHandler' driver.
INFO - 2023-12-25 01:43:40 --> Session: Class initialized using 'CodeIgniter\Session\Handlers\FileHandler' driver.
INFO - 2023-12-25 01:43:42 --> Session: Class initialized using 'CodeIgniter\Session\Handlers\FileHandler' driver.
CRITICAL - 2023-12-25 01:43:42 --> Call to a member function getDistinctStatesWithSuburbs() on null
in APPPATH/Controllers/Admin/CompaniesController.php on line 122.
 1 SYSTEMPATH/CodeIgniter.php(942): App\Controllers\Admin\CompaniesController->add()
 2 SYSTEMPATH/CodeIgniter.php(502): CodeIgniter\CodeIgniter->runController(Object(App\Controllers\Admin\CompaniesController))
 3 SYSTEMPATH/CodeIgniter.php(361): CodeIgniter\CodeIgniter->handleRequest(null, Object(Config\Cache), false)
 4 FCPATH/index.php(79): CodeIgniter\CodeIgniter->run()
 5 SYSTEMPATH/Commands/Server/rewrite.php(47): require_once('/Users/tonypeter/Downloads/MMMFret/public/index.php')
INFO - 2023-12-25 01:52:27 --> Session: Class initialized using 'CodeIgniter\Session\Handlers\FileHandler' driver.
CRITICAL - 2023-12-25 01:52:27 --> Call to undefined method App\Libraries\PostcodeDbLib::getDistinctStatesWithSuburbs()
in APPPATH/Controllers/Admin/CompaniesController.php on line 129.
 1 SYSTEMPATH/CodeIgniter.php(942): App\Controllers\Admin\CompaniesController->add()
 2 SYSTEMPATH/CodeIgniter.php(502): CodeIgniter\CodeIgniter->runController(Object(App\Controllers\Admin\CompaniesController))
 3 SYSTEMPATH/CodeIgniter.php(361): CodeIgniter\CodeIgniter->handleRequest(null, Object(Config\Cache), false)
 4 FCPATH/index.php(79): CodeIgniter\CodeIgniter->run()
 5 SYSTEMPATH/Commands/Server/rewrite.php(47): require_once('/Users/tonypeter/Downloads/MMMFret/public/index.php')
INFO - 2023-12-25 01:54:55 --> Session: Class initialized using 'CodeIgniter\Session\Handlers\FileHandler' driver.
ERROR - 2023-12-25 01:54:55 --> mysqli_sql_exception: Expression #1 of SELECT list is not in GROUP BY clause and contains nonaggregated column 'mmmfert.postcode_db.suburb' which is not functionally dependent on columns in GROUP BY clause; this is incompatible with sql_mode=only_full_group_by in /Users/tonypeter/Downloads/MMMFret/vendor/codeigniter4/framework/system/Database/MySQLi/Connection.php:306
Stack trace:
#0 /Users/tonypeter/Downloads/MMMFret/vendor/codeigniter4/framework/system/Database/MySQLi/Connection.php(306): mysqli->query('SELECT DISTINCT...', 0)
#1 /Users/tonypeter/Downloads/MMMFret/vendor/codeigniter4/framework/system/Database/BaseConnection.php(693): CodeIgniter\Database\MySQLi\Connection->execute('SELECT DISTINCT...')
#2 /Users/tonypeter/Downloads/MMMFret/vendor/codeigniter4/framework/system/Database/BaseConnection.php(607): CodeIgniter\Database\BaseConnection->simpleQuery('SELECT DISTINCT...')
#3 /Users/tonypeter/Downloads/MMMFret/vendor/codeigniter4/framework/system/Database/BaseBuilder.php(1615): CodeIgniter\Database\BaseConnection->query('SELECT DISTINCT...', Array, false)
#4 /Users/tonypeter/Downloads/MMMFret/app/Libraries/PostcodeDbLib.php(19): CodeIgniter\Database\BaseBuilder->get()
#5 /Users/tonypeter/Downloads/MMMFret/app/Controllers/Admin/CompaniesController.php(129): App\Libraries\PostcodeDbLib->getDistinctStatesWithSuburbs()
#6 /Users/tonypeter/Downloads/MMMFret/vendor/codeigniter4/framework/system/CodeIgniter.php(942): App\Controllers\Admin\CompaniesController->add()
#7 /Users/tonypeter/Downloads/MMMFret/vendor/codeigniter4/framework/system/CodeIgniter.php(502): CodeIgniter\CodeIgniter->runController(Object(App\Controllers\Admin\CompaniesController))
#8 /Users/tonypeter/Downloads/MMMFret/vendor/codeigniter4/framework/system/CodeIgniter.php(361): CodeIgniter\CodeIgniter->handleRequest(NULL, Object(Config\Cache), false)
#9 /Users/tonypeter/Downloads/MMMFret/public/index.php(79): CodeIgniter\CodeIgniter->run()
#10 /Users/tonypeter/Downloads/MMMFret/vendor/codeigniter4/framework/system/Commands/Server/rewrite.php(47): require_once('/Users/tonypete...')
#11 {main}
CRITICAL - 2023-12-25 01:54:55 --> Expression #1 of SELECT list is not in GROUP BY clause and contains nonaggregated column 'mmmfert.postcode_db.suburb' which is not functionally dependent on columns in GROUP BY clause; this is incompatible with sql_mode=only_full_group_by
in SYSTEMPATH/Database/BaseConnection.php on line 647.
 1 SYSTEMPATH/Database/BaseBuilder.php(1615): CodeIgniter\Database\BaseConnection->query('SELECT DISTINCT `suburb`, `state`
FROM `postcode_db`
GROUP BY `state`', [], false)
 2 APPPATH/Libraries/PostcodeDbLib.php(19): CodeIgniter\Database\BaseBuilder->get()
 3 APPPATH/Controllers/Admin/CompaniesController.php(129): App\Libraries\PostcodeDbLib->getDistinctStatesWithSuburbs()
 4 SYSTEMPATH/CodeIgniter.php(942): App\Controllers\Admin\CompaniesController->add()
 5 SYSTEMPATH/CodeIgniter.php(502): CodeIgniter\CodeIgniter->runController(Object(App\Controllers\Admin\CompaniesController))
 6 SYSTEMPATH/CodeIgniter.php(361): CodeIgniter\CodeIgniter->handleRequest(null, Object(Config\Cache), false)
 7 FCPATH/index.php(79): CodeIgniter\CodeIgniter->run()
 8 SYSTEMPATH/Commands/Server/rewrite.php(47): require_once('/Users/tonypeter/Downloads/MMMFret/public/index.php')
INFO - 2023-12-25 01:56:43 --> Session: Class initialized using 'CodeIgniter\Session\Handlers\FileHandler' driver.
ERROR - 2023-12-25 01:56:43 --> mysqli_sql_exception: Expression #1 of SELECT list is not in GROUP BY clause and contains nonaggregated column 'mmmfert.postcode_db.suburb' which is not functionally dependent on columns in GROUP BY clause; this is incompatible with sql_mode=only_full_group_by in /Users/tonypeter/Downloads/MMMFret/vendor/codeigniter4/framework/system/Database/MySQLi/Connection.php:306
Stack trace:
#0 /Users/tonypeter/Downloads/MMMFret/vendor/codeigniter4/framework/system/Database/MySQLi/Connection.php(306): mysqli->query('SELECT DISTINCT...', 0)
#1 /Users/tonypeter/Downloads/MMMFret/vendor/codeigniter4/framework/system/Database/BaseConnection.php(693): CodeIgniter\Database\MySQLi\Connection->execute('SELECT DISTINCT...')
#2 /Users/tonypeter/Downloads/MMMFret/vendor/codeigniter4/framework/system/Database/BaseConnection.php(607): CodeIgniter\Database\BaseConnection->simpleQuery('SELECT DISTINCT...')
#3 /Users/tonypeter/Downloads/MMMFret/vendor/codeigniter4/framework/system/Database/BaseBuilder.php(1615): CodeIgniter\Database\BaseConnection->query('SELECT DISTINCT...', Array, false)
#4 /Users/tonypeter/Downloads/MMMFret/app/Libraries/PostcodeDbLib.php(19): CodeIgniter\Database\BaseBuilder->get()
#5 /Users/tonypeter/Downloads/MMMFret/app/Controllers/Admin/CompaniesController.php(129): App\Libraries\PostcodeDbLib->SuburbState()
#6 /Users/tonypeter/Downloads/MMMFret/vendor/codeigniter4/framework/system/CodeIgniter.php(942): App\Controllers\Admin\CompaniesController->add()
#7 /Users/tonypeter/Downloads/MMMFret/vendor/codeigniter4/framework/system/CodeIgniter.php(502): CodeIgniter\CodeIgniter->runController(Object(App\Controllers\Admin\CompaniesController))
#8 /Users/tonypeter/Downloads/MMMFret/vendor/codeigniter4/framework/system/CodeIgniter.php(361): CodeIgniter\CodeIgniter->handleRequest(NULL, Object(Config\Cache), false)
#9 /Users/tonypeter/Downloads/MMMFret/public/index.php(79): CodeIgniter\CodeIgniter->run()
#10 /Users/tonypeter/Downloads/MMMFret/vendor/codeigniter4/framework/system/Commands/Server/rewrite.php(47): require_once('/Users/tonypete...')
#11 {main}
CRITICAL - 2023-12-25 01:56:43 --> Expression #1 of SELECT list is not in GROUP BY clause and contains nonaggregated column 'mmmfert.postcode_db.suburb' which is not functionally dependent on columns in GROUP BY clause; this is incompatible with sql_mode=only_full_group_by
in SYSTEMPATH/Database/BaseConnection.php on line 647.
 1 SYSTEMPATH/Database/BaseBuilder.php(1615): CodeIgniter\Database\BaseConnection->query('SELECT DISTINCT `suburb`, `state`
FROM `postcode_db`
GROUP BY `state`', [], false)
 2 APPPATH/Libraries/PostcodeDbLib.php(19): CodeIgniter\Database\BaseBuilder->get()
 3 APPPATH/Controllers/Admin/CompaniesController.php(129): App\Libraries\PostcodeDbLib->SuburbState()
 4 SYSTEMPATH/CodeIgniter.php(942): App\Controllers\Admin\CompaniesController->add()
 5 SYSTEMPATH/CodeIgniter.php(502): CodeIgniter\CodeIgniter->runController(Object(App\Controllers\Admin\CompaniesController))
 6 SYSTEMPATH/CodeIgniter.php(361): CodeIgniter\CodeIgniter->handleRequest(null, Object(Config\Cache), false)
 7 FCPATH/index.php(79): CodeIgniter\CodeIgniter->run()
 8 SYSTEMPATH/Commands/Server/rewrite.php(47): require_once('/Users/tonypeter/Downloads/MMMFret/public/index.php')
INFO - 2023-12-25 01:56:50 --> Session: Class initialized using 'CodeIgniter\Session\Handlers\FileHandler' driver.
INFO - 2023-12-25 01:56:50 --> Session: Class initialized using 'CodeIgniter\Session\Handlers\FileHandler' driver.
INFO - 2023-12-25 01:56:53 --> Session: Class initialized using 'CodeIgniter\Session\Handlers\FileHandler' driver.
INFO - 2023-12-25 01:56:54 --> Session: Class initialized using 'CodeIgniter\Session\Handlers\FileHandler' driver.
ERROR - 2023-12-25 01:56:54 --> mysqli_sql_exception: Expression #1 of SELECT list is not in GROUP BY clause and contains nonaggregated column 'mmmfert.postcode_db.suburb' which is not functionally dependent on columns in GROUP BY clause; this is incompatible with sql_mode=only_full_group_by in /Users/tonypeter/Downloads/MMMFret/vendor/codeigniter4/framework/system/Database/MySQLi/Connection.php:306
Stack trace:
#0 /Users/tonypeter/Downloads/MMMFret/vendor/codeigniter4/framework/system/Database/MySQLi/Connection.php(306): mysqli->query('SELECT DISTINCT...', 0)
#1 /Users/tonypeter/Downloads/MMMFret/vendor/codeigniter4/framework/system/Database/BaseConnection.php(693): CodeIgniter\Database\MySQLi\Connection->execute('SELECT DISTINCT...')
#2 /Users/tonypeter/Downloads/MMMFret/vendor/codeigniter4/framework/system/Database/BaseConnection.php(607): CodeIgniter\Database\BaseConnection->simpleQuery('SELECT DISTINCT...')
#3 /Users/tonypeter/Downloads/MMMFret/vendor/codeigniter4/framework/system/Database/BaseBuilder.php(1615): CodeIgniter\Database\BaseConnection->query('SELECT DISTINCT...', Array, false)
#4 /Users/tonypeter/Downloads/MMMFret/app/Libraries/PostcodeDbLib.php(19): CodeIgniter\Database\BaseBuilder->get()
#5 /Users/tonypeter/Downloads/MMMFret/app/Controllers/Admin/CompaniesController.php(129): App\Libraries\PostcodeDbLib->SuburbState()
#6 /Users/tonypeter/Downloads/MMMFret/vendor/codeigniter4/framework/system/CodeIgniter.php(942): App\Controllers\Admin\CompaniesController->add()
#7 /Users/tonypeter/Downloads/MMMFret/vendor/codeigniter4/framework/system/CodeIgniter.php(502): CodeIgniter\CodeIgniter->runController(Object(App\Controllers\Admin\CompaniesController))
#8 /Users/tonypeter/Downloads/MMMFret/vendor/codeigniter4/framework/system/CodeIgniter.php(361): CodeIgniter\CodeIgniter->handleRequest(NULL, Object(Config\Cache), false)
#9 /Users/tonypeter/Downloads/MMMFret/public/index.php(79): CodeIgniter\CodeIgniter->run()
#10 /Users/tonypeter/Downloads/MMMFret/vendor/codeigniter4/framework/system/Commands/Server/rewrite.php(47): require_once('/Users/tonypete...')
#11 {main}
CRITICAL - 2023-12-25 01:56:54 --> Expression #1 of SELECT list is not in GROUP BY clause and contains nonaggregated column 'mmmfert.postcode_db.suburb' which is not functionally dependent on columns in GROUP BY clause; this is incompatible with sql_mode=only_full_group_by
in SYSTEMPATH/Database/BaseConnection.php on line 647.
 1 SYSTEMPATH/Database/BaseBuilder.php(1615): CodeIgniter\Database\BaseConnection->query('SELECT DISTINCT `suburb`, `state`
FROM `postcode_db`
GROUP BY `state`', [], false)
 2 APPPATH/Libraries/PostcodeDbLib.php(19): CodeIgniter\Database\BaseBuilder->get()
 3 APPPATH/Controllers/Admin/CompaniesController.php(129): App\Libraries\PostcodeDbLib->SuburbState()
 4 SYSTEMPATH/CodeIgniter.php(942): App\Controllers\Admin\CompaniesController->add()
 5 SYSTEMPATH/CodeIgniter.php(502): CodeIgniter\CodeIgniter->runController(Object(App\Controllers\Admin\CompaniesController))
 6 SYSTEMPATH/CodeIgniter.php(361): CodeIgniter\CodeIgniter->handleRequest(null, Object(Config\Cache), false)
 7 FCPATH/index.php(79): CodeIgniter\CodeIgniter->run()
 8 SYSTEMPATH/Commands/Server/rewrite.php(47): require_once('/Users/tonypeter/Downloads/MMMFret/public/index.php')
INFO - 2023-12-25 01:58:11 --> Session: Class initialized using 'CodeIgniter\Session\Handlers\FileHandler' driver.
CRITICAL - 2023-12-25 01:58:11 --> Array to string conversion
in APPPATH/Views/admin/companyViews/_companyFormItems.php on line 24.
 1 APPPATH/Views/admin/companyViews/_companyFormItems.php(24): CodeIgniter\Debug\Exceptions->errorHandler(2, 'Array to string conversion', '/Users/tonypeter/Downloads/MMMFret/app/Views/admin/companyViews/_companyFormItems.php', 24)
 2 SYSTEMPATH/View/View.php(228): include('/Users/tonypeter/Downloads/MMMFret/app/Views/admin/companyViews/_companyFormItems.php')
 3 SYSTEMPATH/View/View.php(231): CodeIgniter\View\View->CodeIgniter\View\{closure}()
 4 SYSTEMPATH/Common.php(1190): CodeIgniter\View\View->render('admin/companyViews/_companyFormItems', [], true)
 5 APPPATH/Views/admin/companyViews/viewCompanyForm.php(16): view('admin/companyViews/_companyFormItems')
 6 SYSTEMPATH/View/View.php(228): include('/Users/tonypeter/Downloads/MMMFret/app/Views/admin/companyViews/viewCompanyForm.php')
 7 SYSTEMPATH/View/View.php(231): CodeIgniter\View\View->CodeIgniter\View\{closure}()
 8 SYSTEMPATH/Common.php(1190): CodeIgniter\View\View->render('admin/companyViews/viewCompanyForm', [], true)
 9 APPPATH/Controllers/GoBaseController.php(277): view('admin/companyViews/viewCompanyForm', [...])
10 APPPATH/Controllers/Admin/CompaniesController.php(139): App\Controllers\GoBaseController->displayForm('App\\Controllers\\Admin\\CompaniesController::add')
11 SYSTEMPATH/CodeIgniter.php(942): App\Controllers\Admin\CompaniesController->add()
12 SYSTEMPATH/CodeIgniter.php(502): CodeIgniter\CodeIgniter->runController(Object(App\Controllers\Admin\CompaniesController))
13 SYSTEMPATH/CodeIgniter.php(361): CodeIgniter\CodeIgniter->handleRequest(null, Object(Config\Cache), false)
14 FCPATH/index.php(79): CodeIgniter\CodeIgniter->run()
15 SYSTEMPATH/Commands/Server/rewrite.php(47): require_once('/Users/tonypeter/Downloads/MMMFret/public/index.php')
INFO - 2023-12-25 02:01:44 --> Session: Class initialized using 'CodeIgniter\Session\Handlers\FileHandler' driver.
INFO - 2023-12-25 02:01:47 --> CSRF token verified.
INFO - 2023-12-25 02:01:47 --> Session: Class initialized using 'CodeIgniter\Session\Handlers\FileHandler' driver.
INFO - 2023-12-25 02:01:52 --> CSRF token verified.
INFO - 2023-12-25 02:01:52 --> Session: Class initialized using 'CodeIgniter\Session\Handlers\FileHandler' driver.
INFO - 2023-12-25 02:01:52 --> CSRF token verified.
INFO - 2023-12-25 02:01:52 --> Session: Class initialized using 'CodeIgniter\Session\Handlers\FileHandler' driver.
INFO - 2023-12-25 02:01:52 --> CSRF token verified.
INFO - 2023-12-25 02:01:52 --> Session: Class initialized using 'CodeIgniter\Session\Handlers\FileHandler' driver.
INFO - 2023-12-25 02:01:52 --> CSRF token verified.
INFO - 2023-12-25 02:01:52 --> Session: Class initialized using 'CodeIgniter\Session\Handlers\FileHandler' driver.
INFO - 2023-12-25 02:01:52 --> CSRF token verified.
INFO - 2023-12-25 02:01:52 --> Session: Class initialized using 'CodeIgniter\Session\Handlers\FileHandler' driver.
INFO - 2023-12-25 02:01:53 --> CSRF token verified.
INFO - 2023-12-25 02:01:53 --> Session: Class initialized using 'CodeIgniter\Session\Handlers\FileHandler' driver.
INFO - 2023-12-25 02:01:53 --> CSRF token verified.
INFO - 2023-12-25 02:01:53 --> Session: Class initialized using 'CodeIgniter\Session\Handlers\FileHandler' driver.
INFO - 2023-12-25 02:01:57 --> CSRF token verified.
INFO - 2023-12-25 02:01:57 --> Session: Class initialized using 'CodeIgniter\Session\Handlers\FileHandler' driver.
INFO - 2023-12-25 02:02:04 --> CSRF token verified.
INFO - 2023-12-25 02:02:04 --> Session: Class initialized using 'CodeIgniter\Session\Handlers\FileHandler' driver.
INFO - 2023-12-25 02:02:04 --> CSRF token verified.
INFO - 2023-12-25 02:02:04 --> Session: Class initialized using 'CodeIgniter\Session\Handlers\FileHandler' driver.
INFO - 2023-12-25 02:03:25 --> Session: Class initialized using 'CodeIgniter\Session\Handlers\FileHandler' driver.
INFO - 2023-12-25 02:03:26 --> Session: Class initialized using 'CodeIgniter\Session\Handlers\FileHandler' driver.
INFO - 2023-12-25 02:03:28 --> CSRF token verified.
INFO - 2023-12-25 02:03:28 --> Session: Class initialized using 'CodeIgniter\Session\Handlers\FileHandler' driver.
INFO - 2023-12-25 02:03:32 --> CSRF token verified.
INFO - 2023-12-25 02:03:32 --> Session: Class initialized using 'CodeIgniter\Session\Handlers\FileHandler' driver.
INFO - 2023-12-25 02:03:34 --> CSRF token verified.
INFO - 2023-12-25 02:03:34 --> Session: Class initialized using 'CodeIgniter\Session\Handlers\FileHandler' driver.
INFO - 2023-12-25 02:03:34 --> CSRF token verified.
INFO - 2023-12-25 02:03:34 --> Session: Class initialized using 'CodeIgniter\Session\Handlers\FileHandler' driver.
INFO - 2023-12-25 02:03:35 --> CSRF token verified.
INFO - 2023-12-25 02:03:35 --> Session: Class initialized using 'CodeIgniter\Session\Handlers\FileHandler' driver.
INFO - 2023-12-25 02:03:35 --> CSRF token verified.
INFO - 2023-12-25 02:03:35 --> Session: Class initialized using 'CodeIgniter\Session\Handlers\FileHandler' driver.
INFO - 2023-12-25 02:03:35 --> CSRF token verified.
INFO - 2023-12-25 02:03:35 --> Session: Class initialized using 'CodeIgniter\Session\Handlers\FileHandler' driver.
INFO - 2023-12-25 02:03:35 --> CSRF token verified.
INFO - 2023-12-25 02:03:35 --> Session: Class initialized using 'CodeIgniter\Session\Handlers\FileHandler' driver.
INFO - 2023-12-25 02:03:35 --> CSRF token verified.
INFO - 2023-12-25 02:03:35 --> Session: Class initialized using 'CodeIgniter\Session\Handlers\FileHandler' driver.
INFO - 2023-12-25 02:03:37 --> CSRF token verified.
INFO - 2023-12-25 02:03:37 --> Session: Class initialized using 'CodeIgniter\Session\Handlers\FileHandler' driver.
INFO - 2023-12-25 02:03:37 --> CSRF token verified.
INFO - 2023-12-25 02:03:37 --> Session: Class initialized using 'CodeIgniter\Session\Handlers\FileHandler' driver.
INFO - 2023-12-25 02:03:37 --> CSRF token verified.
INFO - 2023-12-25 02:03:37 --> Session: Class initialized using 'CodeIgniter\Session\Handlers\FileHandler' driver.
INFO - 2023-12-25 02:03:37 --> CSRF token verified.
INFO - 2023-12-25 02:03:37 --> Session: Class initialized using 'CodeIgniter\Session\Handlers\FileHandler' driver.
INFO - 2023-12-25 02:03:37 --> CSRF token verified.
INFO - 2023-12-25 02:03:37 --> Session: Class initialized using 'CodeIgniter\Session\Handlers\FileHandler' driver.
INFO - 2023-12-25 02:03:37 --> CSRF token verified.
INFO - 2023-12-25 02:03:37 --> Session: Class initialized using 'CodeIgniter\Session\Handlers\FileHandler' driver.
INFO - 2023-12-25 02:03:38 --> CSRF token verified.
INFO - 2023-12-25 02:03:38 --> Session: Class initialized using 'CodeIgniter\Session\Handlers\FileHandler' driver.
INFO - 2023-12-25 02:03:42 --> Session: Class initialized using 'CodeIgniter\Session\Handlers\FileHandler' driver.
INFO - 2023-12-25 02:03:43 --> Session: Class initialized using 'CodeIgniter\Session\Handlers\FileHandler' driver.
INFO - 2023-12-25 02:03:45 --> CSRF token verified.
INFO - 2023-12-25 02:03:45 --> Session: Class initialized using 'CodeIgniter\Session\Handlers\FileHandler' driver.
INFO - 2023-12-25 02:03:49 --> CSRF token verified.
INFO - 2023-12-25 02:03:49 --> Session: Class initialized using 'CodeIgniter\Session\Handlers\FileHandler' driver.
INFO - 2023-12-25 02:03:49 --> CSRF token verified.
INFO - 2023-12-25 02:03:49 --> Session: Class initialized using 'CodeIgniter\Session\Handlers\FileHandler' driver.
INFO - 2023-12-25 02:03:52 --> CSRF token verified.
INFO - 2023-12-25 02:03:52 --> Session: Class initialized using 'CodeIgniter\Session\Handlers\FileHandler' driver.
INFO - 2023-12-25 02:03:53 --> CSRF token verified.
INFO - 2023-12-25 02:03:53 --> Session: Class initialized using 'CodeIgniter\Session\Handlers\FileHandler' driver.
INFO - 2023-12-25 02:03:53 --> CSRF token verified.
INFO - 2023-12-25 02:03:53 --> Session: Class initialized using 'CodeIgniter\Session\Handlers\FileHandler' driver.
INFO - 2023-12-25 02:03:53 --> CSRF token verified.
INFO - 2023-12-25 02:03:53 --> Session: Class initialized using 'CodeIgniter\Session\Handlers\FileHandler' driver.
INFO - 2023-12-25 02:03:53 --> CSRF token verified.
INFO - 2023-12-25 02:03:53 --> Session: Class initialized using 'CodeIgniter\Session\Handlers\FileHandler' driver.
INFO - 2023-12-25 02:03:53 --> CSRF token verified.
INFO - 2023-12-25 02:03:53 --> Session: Class initialized using 'CodeIgniter\Session\Handlers\FileHandler' driver.
INFO - 2023-12-25 02:03:54 --> CSRF token verified.
INFO - 2023-12-25 02:03:54 --> Session: Class initialized using 'CodeIgniter\Session\Handlers\FileHandler' driver.
INFO - 2023-12-25 02:03:55 --> CSRF token verified.
INFO - 2023-12-25 02:03:55 --> Session: Class initialized using 'CodeIgniter\Session\Handlers\FileHandler' driver.
INFO - 2023-12-25 02:03:55 --> CSRF token verified.
INFO - 2023-12-25 02:03:55 --> Session: Class initialized using 'CodeIgniter\Session\Handlers\FileHandler' driver.
INFO - 2023-12-25 02:03:55 --> CSRF token verified.
INFO - 2023-12-25 02:03:55 --> Session: Class initialized using 'CodeIgniter\Session\Handlers\FileHandler' driver.
INFO - 2023-12-25 02:03:56 --> CSRF token verified.
INFO - 2023-12-25 02:03:56 --> Session: Class initialized using 'CodeIgniter\Session\Handlers\FileHandler' driver.
INFO - 2023-12-25 02:03:56 --> CSRF token verified.
INFO - 2023-12-25 02:03:56 --> Session: Class initialized using 'CodeIgniter\Session\Handlers\FileHandler' driver.
INFO - 2023-12-25 02:03:56 --> CSRF token verified.
INFO - 2023-12-25 02:03:56 --> Session: Class initialized using 'CodeIgniter\Session\Handlers\FileHandler' driver.
INFO - 2023-12-25 02:03:56 --> CSRF token verified.
INFO - 2023-12-25 02:03:56 --> Session: Class initialized using 'CodeIgniter\Session\Handlers\FileHandler' driver.
INFO - 2023-12-25 02:03:57 --> CSRF token verified.
INFO - 2023-12-25 02:03:57 --> Session: Class initialized using 'CodeIgniter\Session\Handlers\FileHandler' driver.
INFO - 2023-12-25 02:03:57 --> CSRF token verified.
INFO - 2023-12-25 02:03:57 --> Session: Class initialized using 'CodeIgniter\Session\Handlers\FileHandler' driver.
INFO - 2023-12-25 02:03:57 --> CSRF token verified.
INFO - 2023-12-25 02:03:57 --> Session: Class initialized using 'CodeIgniter\Session\Handlers\FileHandler' driver.
INFO - 2023-12-25 02:03:57 --> CSRF token verified.
INFO - 2023-12-25 02:03:57 --> Session: Class initialized using 'CodeIgniter\Session\Handlers\FileHandler' driver.
INFO - 2023-12-25 02:03:58 --> CSRF token verified.
INFO - 2023-12-25 02:03:58 --> Session: Class initialized using 'CodeIgniter\Session\Handlers\FileHandler' driver.
INFO - 2023-12-25 02:03:58 --> CSRF token verified.
INFO - 2023-12-25 02:03:58 --> Session: Class initialized using 'CodeIgniter\Session\Handlers\FileHandler' driver.
INFO - 2023-12-25 02:03:58 --> CSRF token verified.
INFO - 2023-12-25 02:03:58 --> Session: Class initialized using 'CodeIgniter\Session\Handlers\FileHandler' driver.
INFO - 2023-12-25 02:03:58 --> CSRF token verified.
INFO - 2023-12-25 02:03:58 --> Session: Class initialized using 'CodeIgniter\Session\Handlers\FileHandler' driver.
INFO - 2023-12-25 02:03:59 --> CSRF token verified.
INFO - 2023-12-25 02:03:59 --> Session: Class initialized using 'CodeIgniter\Session\Handlers\FileHandler' driver.
INFO - 2023-12-25 02:03:59 --> CSRF token verified.
INFO - 2023-12-25 02:03:59 --> Session: Class initialized using 'CodeIgniter\Session\Handlers\FileHandler' driver.
INFO - 2023-12-25 02:04:00 --> CSRF token verified.
INFO - 2023-12-25 02:04:00 --> Session: Class initialized using 'CodeIgniter\Session\Handlers\FileHandler' driver.
INFO - 2023-12-25 02:04:01 --> CSRF token verified.
INFO - 2023-12-25 02:04:01 --> Session: Class initialized using 'CodeIgniter\Session\Handlers\FileHandler' driver.
INFO - 2023-12-25 02:04:01 --> CSRF token verified.
INFO - 2023-12-25 02:04:01 --> Session: Class initialized using 'CodeIgniter\Session\Handlers\FileHandler' driver.
INFO - 2023-12-25 02:04:01 --> CSRF token verified.
INFO - 2023-12-25 02:04:01 --> Session: Class initialized using 'CodeIgniter\Session\Handlers\FileHandler' driver.
INFO - 2023-12-25 02:04:01 --> CSRF token verified.
INFO - 2023-12-25 02:04:01 --> Session: Class initialized using 'CodeIgniter\Session\Handlers\FileHandler' driver.
INFO - 2023-12-25 02:04:01 --> CSRF token verified.
INFO - 2023-12-25 02:04:01 --> Session: Class initialized using 'CodeIgniter\Session\Handlers\FileHandler' driver.
INFO - 2023-12-25 02:04:01 --> CSRF token verified.
INFO - 2023-12-25 02:04:01 --> Session: Class initialized using 'CodeIgniter\Session\Handlers\FileHandler' driver.
INFO - 2023-12-25 02:04:02 --> CSRF token verified.
INFO - 2023-12-25 02:04:02 --> Session: Class initialized using 'CodeIgniter\Session\Handlers\FileHandler' driver.
INFO - 2023-12-25 02:04:02 --> CSRF token verified.
INFO - 2023-12-25 02:04:02 --> Session: Class initialized using 'CodeIgniter\Session\Handlers\FileHandler' driver.
INFO - 2023-12-25 02:04:02 --> CSRF token verified.
INFO - 2023-12-25 02:04:02 --> Session: Class initialized using 'CodeIgniter\Session\Handlers\FileHandler' driver.
INFO - 2023-12-25 02:04:04 --> Session: Class initialized using 'CodeIgniter\Session\Handlers\FileHandler' driver.
INFO - 2023-12-25 02:04:04 --> Session: Class initialized using 'CodeIgniter\Session\Handlers\FileHandler' driver.
INFO - 2023-12-25 02:04:06 --> Session: Class initialized using 'CodeIgniter\Session\Handlers\FileHandler' driver.
INFO - 2023-12-25 02:04:18 --> CSRF token verified.
INFO - 2023-12-25 02:04:18 --> Session: Class initialized using 'CodeIgniter\Session\Handlers\FileHandler' driver.
INFO - 2023-12-25 02:04:20 --> CSRF token verified.
INFO - 2023-12-25 02:04:20 --> Session: Class initialized using 'CodeIgniter\Session\Handlers\FileHandler' driver.
INFO - 2023-12-25 02:04:20 --> CSRF token verified.
INFO - 2023-12-25 02:04:20 --> Session: Class initialized using 'CodeIgniter\Session\Handlers\FileHandler' driver.
INFO - 2023-12-25 02:04:21 --> CSRF token verified.
INFO - 2023-12-25 02:04:21 --> Session: Class initialized using 'CodeIgniter\Session\Handlers\FileHandler' driver.
INFO - 2023-12-25 02:04:21 --> CSRF token verified.
INFO - 2023-12-25 02:04:21 --> Session: Class initialized using 'CodeIgniter\Session\Handlers\FileHandler' driver.
INFO - 2023-12-25 02:04:21 --> CSRF token verified.
INFO - 2023-12-25 02:04:21 --> Session: Class initialized using 'CodeIgniter\Session\Handlers\FileHandler' driver.
INFO - 2023-12-25 02:04:21 --> CSRF token verified.
INFO - 2023-12-25 02:04:21 --> Session: Class initialized using 'CodeIgniter\Session\Handlers\FileHandler' driver.
INFO - 2023-12-25 02:04:22 --> CSRF token verified.
INFO - 2023-12-25 02:04:22 --> Session: Class initialized using 'CodeIgniter\Session\Handlers\FileHandler' driver.
INFO - 2023-12-25 02:04:22 --> CSRF token verified.
INFO - 2023-12-25 02:04:22 --> Session: Class initialized using 'CodeIgniter\Session\Handlers\FileHandler' driver.
INFO - 2023-12-25 02:04:22 --> CSRF token verified.
INFO - 2023-12-25 02:04:22 --> Session: Class initialized using 'CodeIgniter\Session\Handlers\FileHandler' driver.
INFO - 2023-12-25 02:04:23 --> CSRF token verified.
INFO - 2023-12-25 02:04:23 --> Session: Class initialized using 'CodeIgniter\Session\Handlers\FileHandler' driver.
INFO - 2023-12-25 02:04:23 --> CSRF token verified.
INFO - 2023-12-25 02:04:23 --> Session: Class initialized using 'CodeIgniter\Session\Handlers\FileHandler' driver.
INFO - 2023-12-25 02:04:23 --> CSRF token verified.
INFO - 2023-12-25 02:04:23 --> Session: Class initialized using 'CodeIgniter\Session\Handlers\FileHandler' driver.
INFO - 2023-12-25 02:04:28 --> Session: Class initialized using 'CodeIgniter\Session\Handlers\FileHandler' driver.
INFO - 2023-12-25 02:04:29 --> Session: Class initialized using 'CodeIgniter\Session\Handlers\FileHandler' driver.
INFO - 2023-12-25 02:04:31 --> Session: Class initialized using 'CodeIgniter\Session\Handlers\FileHandler' driver.
INFO - 2023-12-25 02:04:35 --> CSRF token verified.
INFO - 2023-12-25 02:04:35 --> Session: Class initialized using 'CodeIgniter\Session\Handlers\FileHandler' driver.
INFO - 2023-12-25 02:06:58 --> Session: Class initialized using 'CodeIgniter\Session\Handlers\FileHandler' driver.
INFO - 2023-12-25 02:06:58 --> Session: Class initialized using 'CodeIgniter\Session\Handlers\FileHandler' driver.
INFO - 2023-12-25 02:07:00 --> Session: Class initialized using 'CodeIgniter\Session\Handlers\FileHandler' driver.
CRITICAL - 2023-12-25 02:07:00 --> Array to string conversion
in APPPATH/Views/admin/companyViews/_companyFormItems.php on line 22.
 1 APPPATH/Views/admin/companyViews/_companyFormItems.php(22): CodeIgniter\Debug\Exceptions->errorHandler(2, 'Array to string conversion', '/Users/tonypeter/Downloads/MMMFret/app/Views/admin/companyViews/_companyFormItems.php', 22)
 2 SYSTEMPATH/View/View.php(228): include('/Users/tonypeter/Downloads/MMMFret/app/Views/admin/companyViews/_companyFormItems.php')
 3 SYSTEMPATH/View/View.php(231): CodeIgniter\View\View->CodeIgniter\View\{closure}()
 4 SYSTEMPATH/Common.php(1190): CodeIgniter\View\View->render('admin/companyViews/_companyFormItems', [], true)
 5 APPPATH/Views/admin/companyViews/viewCompanyForm.php(16): view('admin/companyViews/_companyFormItems')
 6 SYSTEMPATH/View/View.php(228): include('/Users/tonypeter/Downloads/MMMFret/app/Views/admin/companyViews/viewCompanyForm.php')
 7 SYSTEMPATH/View/View.php(231): CodeIgniter\View\View->CodeIgniter\View\{closure}()
 8 SYSTEMPATH/Common.php(1190): CodeIgniter\View\View->render('admin/companyViews/viewCompanyForm', [], true)
 9 APPPATH/Controllers/GoBaseController.php(277): view('admin/companyViews/viewCompanyForm', [...])
10 APPPATH/Controllers/Admin/CompaniesController.php(139): App\Controllers\GoBaseController->displayForm('App\\Controllers\\Admin\\CompaniesController::add')
11 SYSTEMPATH/CodeIgniter.php(942): App\Controllers\Admin\CompaniesController->add()
12 SYSTEMPATH/CodeIgniter.php(502): CodeIgniter\CodeIgniter->runController(Object(App\Controllers\Admin\CompaniesController))
13 SYSTEMPATH/CodeIgniter.php(361): CodeIgniter\CodeIgniter->handleRequest(null, Object(Config\Cache), false)
14 FCPATH/index.php(79): CodeIgniter\CodeIgniter->run()
15 SYSTEMPATH/Commands/Server/rewrite.php(47): require_once('/Users/tonypeter/Downloads/MMMFret/public/index.php')
INFO - 2023-12-25 02:08:14 --> Session: Class initialized using 'CodeIgniter\Session\Handlers\FileHandler' driver.
INFO - 2023-12-25 02:08:16 --> CSRF token verified.
INFO - 2023-12-25 02:08:16 --> Session: Class initialized using 'CodeIgniter\Session\Handlers\FileHandler' driver.
INFO - 2023-12-25 02:08:20 --> CSRF token verified.
INFO - 2023-12-25 02:08:20 --> Session: Class initialized using 'CodeIgniter\Session\Handlers\FileHandler' driver.
INFO - 2023-12-25 02:08:20 --> CSRF token verified.
INFO - 2023-12-25 02:08:20 --> Session: Class initialized using 'CodeIgniter\Session\Handlers\FileHandler' driver.
INFO - 2023-12-25 02:08:20 --> CSRF token verified.
INFO - 2023-12-25 02:08:20 --> Session: Class initialized using 'CodeIgniter\Session\Handlers\FileHandler' driver.
INFO - 2023-12-25 02:08:21 --> CSRF token verified.
INFO - 2023-12-25 02:08:21 --> Session: Class initialized using 'CodeIgniter\Session\Handlers\FileHandler' driver.
INFO - 2023-12-25 02:08:21 --> CSRF token verified.
INFO - 2023-12-25 02:08:21 --> Session: Class initialized using 'CodeIgniter\Session\Handlers\FileHandler' driver.
INFO - 2023-12-25 02:08:21 --> CSRF token verified.
INFO - 2023-12-25 02:08:21 --> Session: Class initialized using 'CodeIgniter\Session\Handlers\FileHandler' driver.
INFO - 2023-12-25 02:08:21 --> CSRF token verified.
INFO - 2023-12-25 02:08:21 --> Session: Class initialized using 'CodeIgniter\Session\Handlers\FileHandler' driver.
INFO - 2023-12-25 02:08:25 --> CSRF token verified.
INFO - 2023-12-25 02:08:25 --> Session: Class initialized using 'CodeIgniter\Session\Handlers\FileHandler' driver.
INFO - 2023-12-25 02:08:26 --> CSRF token verified.
INFO - 2023-12-25 02:08:26 --> Session: Class initialized using 'CodeIgniter\Session\Handlers\FileHandler' driver.
INFO - 2023-12-25 02:08:29 --> CSRF token verified.
INFO - 2023-12-25 02:08:29 --> Session: Class initialized using 'CodeIgniter\Session\Handlers\FileHandler' driver.
INFO - 2023-12-25 02:08:30 --> CSRF token verified.
INFO - 2023-12-25 02:08:30 --> Session: Class initialized using 'CodeIgniter\Session\Handlers\FileHandler' driver.
INFO - 2023-12-25 02:08:30 --> CSRF token verified.
INFO - 2023-12-25 02:08:30 --> Session: Class initialized using 'CodeIgniter\Session\Handlers\FileHandler' driver.
INFO - 2023-12-25 02:08:30 --> CSRF token verified.
INFO - 2023-12-25 02:08:30 --> Session: Class initialized using 'CodeIgniter\Session\Handlers\FileHandler' driver.
INFO - 2023-12-25 02:08:30 --> CSRF token verified.
INFO - 2023-12-25 02:08:30 --> Session: Class initialized using 'CodeIgniter\Session\Handlers\FileHandler' driver.
INFO - 2023-12-25 02:08:30 --> CSRF token verified.
INFO - 2023-12-25 02:08:30 --> Session: Class initialized using 'CodeIgniter\Session\Handlers\FileHandler' driver.
INFO - 2023-12-25 02:08:30 --> CSRF token verified.
INFO - 2023-12-25 02:08:30 --> Session: Class initialized using 'CodeIgniter\Session\Handlers\FileHandler' driver.
INFO - 2023-12-25 02:09:33 --> Session: Class initialized using 'CodeIgniter\Session\Handlers\FileHandler' driver.
INFO - 2023-12-25 02:09:35 --> CSRF token verified.
INFO - 2023-12-25 02:09:35 --> Session: Class initialized using 'CodeIgniter\Session\Handlers\FileHandler' driver.
INFO - 2023-12-25 02:09:37 --> Session: Class initialized using 'CodeIgniter\Session\Handlers\FileHandler' driver.
INFO - 2023-12-25 02:09:38 --> Session: Class initialized using 'CodeIgniter\Session\Handlers\FileHandler' driver.
INFO - 2023-12-25 02:09:40 --> Session: Class initialized using 'CodeIgniter\Session\Handlers\FileHandler' driver.
INFO - 2023-12-25 02:09:41 --> CSRF token verified.
INFO - 2023-12-25 02:09:41 --> Session: Class initialized using 'CodeIgniter\Session\Handlers\FileHandler' driver.
INFO - 2023-12-25 02:09:43 --> CSRF token verified.
INFO - 2023-12-25 02:09:43 --> Session: Class initialized using 'CodeIgniter\Session\Handlers\FileHandler' driver.
INFO - 2023-12-25 02:09:43 --> CSRF token verified.
INFO - 2023-12-25 02:09:43 --> Session: Class initialized using 'CodeIgniter\Session\Handlers\FileHandler' driver.
INFO - 2023-12-25 02:09:43 --> CSRF token verified.
INFO - 2023-12-25 02:09:43 --> Session: Class initialized using 'CodeIgniter\Session\Handlers\FileHandler' driver.
INFO - 2023-12-25 02:09:43 --> CSRF token verified.
INFO - 2023-12-25 02:09:43 --> Session: Class initialized using 'CodeIgniter\Session\Handlers\FileHandler' driver.
INFO - 2023-12-25 02:09:43 --> CSRF token verified.
INFO - 2023-12-25 02:09:43 --> Session: Class initialized using 'CodeIgniter\Session\Handlers\FileHandler' driver.
INFO - 2023-12-25 02:09:43 --> CSRF token verified.
INFO - 2023-12-25 02:09:43 --> Session: Class initialized using 'CodeIgniter\Session\Handlers\FileHandler' driver.
INFO - 2023-12-25 02:09:44 --> CSRF token verified.
INFO - 2023-12-25 02:09:44 --> Session: Class initialized using 'CodeIgniter\Session\Handlers\FileHandler' driver.
INFO - 2023-12-25 02:09:48 --> CSRF token verified.
INFO - 2023-12-25 02:09:48 --> Session: Class initialized using 'CodeIgniter\Session\Handlers\FileHandler' driver.
INFO - 2023-12-25 02:10:23 --> Session: Class initialized using 'CodeIgniter\Session\Handlers\FileHandler' driver.
INFO - 2023-12-25 02:10:24 --> Session: Class initialized using 'CodeIgniter\Session\Handlers\FileHandler' driver.
INFO - 2023-12-25 02:10:25 --> Session: Class initialized using 'CodeIgniter\Session\Handlers\FileHandler' driver.
INFO - 2023-12-25 02:10:27 --> CSRF token verified.
INFO - 2023-12-25 02:10:27 --> Session: Class initialized using 'CodeIgniter\Session\Handlers\FileHandler' driver.
INFO - 2023-12-25 02:10:29 --> CSRF token verified.
INFO - 2023-12-25 02:10:29 --> Session: Class initialized using 'CodeIgniter\Session\Handlers\FileHandler' driver.
INFO - 2023-12-25 02:10:29 --> CSRF token verified.
INFO - 2023-12-25 02:10:29 --> Session: Class initialized using 'CodeIgniter\Session\Handlers\FileHandler' driver.
INFO - 2023-12-25 02:10:29 --> CSRF token verified.
INFO - 2023-12-25 02:10:29 --> Session: Class initialized using 'CodeIgniter\Session\Handlers\FileHandler' driver.
INFO - 2023-12-25 02:10:30 --> CSRF token verified.
INFO - 2023-12-25 02:10:30 --> Session: Class initialized using 'CodeIgniter\Session\Handlers\FileHandler' driver.
INFO - 2023-12-25 02:10:30 --> CSRF token verified.
INFO - 2023-12-25 02:10:30 --> Session: Class initialized using 'CodeIgniter\Session\Handlers\FileHandler' driver.
INFO - 2023-12-25 02:10:30 --> CSRF token verified.
INFO - 2023-12-25 02:10:30 --> Session: Class initialized using 'CodeIgniter\Session\Handlers\FileHandler' driver.
INFO - 2023-12-25 02:10:30 --> CSRF token verified.
INFO - 2023-12-25 02:10:30 --> Session: Class initialized using 'CodeIgniter\Session\Handlers\FileHandler' driver.
INFO - 2023-12-25 02:10:31 --> CSRF token verified.
INFO - 2023-12-25 02:10:31 --> Session: Class initialized using 'CodeIgniter\Session\Handlers\FileHandler' driver.
INFO - 2023-12-25 02:10:31 --> CSRF token verified.
INFO - 2023-12-25 02:10:31 --> Session: Class initialized using 'CodeIgniter\Session\Handlers\FileHandler' driver.
INFO - 2023-12-25 02:10:31 --> CSRF token verified.
INFO - 2023-12-25 02:10:31 --> Session: Class initialized using 'CodeIgniter\Session\Handlers\FileHandler' driver.
INFO - 2023-12-25 02:10:31 --> CSRF token verified.
INFO - 2023-12-25 02:10:31 --> Session: Class initialized using 'CodeIgniter\Session\Handlers\FileHandler' driver.
INFO - 2023-12-25 02:10:32 --> CSRF token verified.
INFO - 2023-12-25 02:10:32 --> Session: Class initialized using 'CodeIgniter\Session\Handlers\FileHandler' driver.
INFO - 2023-12-25 02:10:32 --> CSRF token verified.
INFO - 2023-12-25 02:10:32 --> Session: Class initialized using 'CodeIgniter\Session\Handlers\FileHandler' driver.
INFO - 2023-12-25 02:10:32 --> CSRF token verified.
INFO - 2023-12-25 02:10:32 --> Session: Class initialized using 'CodeIgniter\Session\Handlers\FileHandler' driver.
INFO - 2023-12-25 02:10:34 --> CSRF token verified.
INFO - 2023-12-25 02:10:34 --> Session: Class initialized using 'CodeIgniter\Session\Handlers\FileHandler' driver.
INFO - 2023-12-25 02:10:34 --> CSRF token verified.
INFO - 2023-12-25 02:10:34 --> Session: Class initialized using 'CodeIgniter\Session\Handlers\FileHandler' driver.
INFO - 2023-12-25 02:10:34 --> CSRF token verified.
INFO - 2023-12-25 02:10:34 --> Session: Class initialized using 'CodeIgniter\Session\Handlers\FileHandler' driver.
INFO - 2023-12-25 02:10:35 --> CSRF token verified.
INFO - 2023-12-25 02:10:35 --> Session: Class initialized using 'CodeIgniter\Session\Handlers\FileHandler' driver.
INFO - 2023-12-25 02:10:35 --> CSRF token verified.
INFO - 2023-12-25 02:10:35 --> Session: Class initialized using 'CodeIgniter\Session\Handlers\FileHandler' driver.
INFO - 2023-12-25 02:10:35 --> CSRF token verified.
INFO - 2023-12-25 02:10:35 --> Session: Class initialized using 'CodeIgniter\Session\Handlers\FileHandler' driver.
INFO - 2023-12-25 02:10:35 --> CSRF token verified.
INFO - 2023-12-25 02:10:35 --> Session: Class initialized using 'CodeIgniter\Session\Handlers\FileHandler' driver.
INFO - 2023-12-25 02:10:39 --> CSRF token verified.
INFO - 2023-12-25 02:10:39 --> Session: Class initialized using 'CodeIgniter\Session\Handlers\FileHandler' driver.
INFO - 2023-12-25 02:10:44 --> Session: Class initialized using 'CodeIgniter\Session\Handlers\FileHandler' driver.
INFO - 2023-12-25 02:10:45 --> Session: Class initialized using 'CodeIgniter\Session\Handlers\FileHandler' driver.
INFO - 2023-12-25 02:10:47 --> Session: Class initialized using 'CodeIgniter\Session\Handlers\FileHandler' driver.
INFO - 2023-12-25 02:10:48 --> CSRF token verified.
INFO - 2023-12-25 02:10:48 --> Session: Class initialized using 'CodeIgniter\Session\Handlers\FileHandler' driver.
INFO - 2023-12-25 02:15:37 --> Session: Class initialized using 'CodeIgniter\Session\Handlers\FileHandler' driver.
INFO - 2023-12-25 02:15:38 --> Session: Class initialized using 'CodeIgniter\Session\Handlers\FileHandler' driver.
INFO - 2023-12-25 02:15:40 --> Session: Class initialized using 'CodeIgniter\Session\Handlers\FileHandler' driver.
INFO - 2023-12-25 02:17:52 --> Session: Class initialized using 'CodeIgniter\Session\Handlers\FileHandler' driver.
INFO - 2023-12-25 02:17:53 --> Session: Class initialized using 'CodeIgniter\Session\Handlers\FileHandler' driver.
INFO - 2023-12-25 02:17:54 --> Session: Class initialized using 'CodeIgniter\Session\Handlers\FileHandler' driver.
CRITICAL - 2023-12-25 02:17:54 --> Undefined variable $loggedInUsername
in APPPATH/Controllers/Admin/CompaniesController.php on line 132.
 1 APPPATH/Controllers/Admin/CompaniesController.php(132): CodeIgniter\Debug\Exceptions->errorHandler(2, 'Undefined variable $loggedInUsername', '/Users/tonypeter/Downloads/MMMFret/app/Controllers/Admin/CompaniesController.php', 132)
 2 SYSTEMPATH/CodeIgniter.php(942): App\Controllers\Admin\CompaniesController->add()
 3 SYSTEMPATH/CodeIgniter.php(502): CodeIgniter\CodeIgniter->runController(Object(App\Controllers\Admin\CompaniesController))
 4 SYSTEMPATH/CodeIgniter.php(361): CodeIgniter\CodeIgniter->handleRequest(null, Object(Config\Cache), false)
 5 FCPATH/index.php(79): CodeIgniter\CodeIgniter->run()
 6 SYSTEMPATH/Commands/Server/rewrite.php(47): require_once('/Users/tonypeter/Downloads/MMMFret/public/index.php')
INFO - 2023-12-25 02:24:16 --> Session: Class initialized using 'CodeIgniter\Session\Handlers\FileHandler' driver.
INFO - 2023-12-25 02:24:18 --> CSRF token verified.
INFO - 2023-12-25 02:24:18 --> Session: Class initialized using 'CodeIgniter\Session\Handlers\FileHandler' driver.
INFO - 2023-12-25 02:25:58 --> Session: Class initialized using 'CodeIgniter\Session\Handlers\FileHandler' driver.
INFO - 2023-12-25 02:26:00 --> Session: Class initialized using 'CodeIgniter\Session\Handlers\FileHandler' driver.
INFO - 2023-12-25 02:26:01 --> Session: Class initialized using 'CodeIgniter\Session\Handlers\FileHandler' driver.
INFO - 2023-12-25 02:26:02 --> Session: Class initialized using 'CodeIgniter\Session\Handlers\FileHandler' driver.
INFO - 2023-12-25 02:26:06 --> CSRF token verified.
INFO - 2023-12-25 02:26:06 --> Session: Class initialized using 'CodeIgniter\Session\Handlers\FileHandler' driver.
INFO - 2023-12-25 02:26:09 --> CSRF token verified.
INFO - 2023-12-25 02:26:09 --> Session: Class initialized using 'CodeIgniter\Session\Handlers\FileHandler' driver.
INFO - 2023-12-25 02:26:09 --> CSRF token verified.
INFO - 2023-12-25 02:26:09 --> Session: Class initialized using 'CodeIgniter\Session\Handlers\FileHandler' driver.
INFO - 2023-12-25 02:26:09 --> CSRF token verified.
INFO - 2023-12-25 02:26:09 --> Session: Class initialized using 'CodeIgniter\Session\Handlers\FileHandler' driver.
INFO - 2023-12-25 02:26:09 --> CSRF token verified.
INFO - 2023-12-25 02:26:09 --> Session: Class initialized using 'CodeIgniter\Session\Handlers\FileHandler' driver.
INFO - 2023-12-25 02:26:10 --> CSRF token verified.
INFO - 2023-12-25 02:26:10 --> Session: Class initialized using 'CodeIgniter\Session\Handlers\FileHandler' driver.
INFO - 2023-12-25 02:26:10 --> CSRF token verified.
INFO - 2023-12-25 02:26:10 --> Session: Class initialized using 'CodeIgniter\Session\Handlers\FileHandler' driver.
INFO - 2023-12-25 02:26:10 --> CSRF token verified.
INFO - 2023-12-25 02:26:10 --> Session: Class initialized using 'CodeIgniter\Session\Handlers\FileHandler' driver.
INFO - 2023-12-25 02:30:24 --> Session: Class initialized using 'CodeIgniter\Session\Handlers\FileHandler' driver.
INFO - 2023-12-25 02:30:26 --> Session: Class initialized using 'CodeIgniter\Session\Handlers\FileHandler' driver.
INFO - 2023-12-25 02:30:27 --> Session: Class initialized using 'CodeIgniter\Session\Handlers\FileHandler' driver.
INFO - 2023-12-25 02:30:28 --> Session: Class initialized using 'CodeIgniter\Session\Handlers\FileHandler' driver.
INFO - 2023-12-25 02:30:30 --> CSRF token verified.
INFO - 2023-12-25 02:30:30 --> Session: Class initialized using 'CodeIgniter\Session\Handlers\FileHandler' driver.
INFO - 2023-12-25 02:30:33 --> CSRF token verified.
INFO - 2023-12-25 02:30:33 --> Session: Class initialized using 'CodeIgniter\Session\Handlers\FileHandler' driver.
INFO - 2023-12-25 02:30:33 --> CSRF token verified.
INFO - 2023-12-25 02:30:33 --> Session: Class initialized using 'CodeIgniter\Session\Handlers\FileHandler' driver.
INFO - 2023-12-25 02:30:33 --> CSRF token verified.
INFO - 2023-12-25 02:30:33 --> Session: Class initialized using 'CodeIgniter\Session\Handlers\FileHandler' driver.
INFO - 2023-12-25 02:30:33 --> CSRF token verified.
INFO - 2023-12-25 02:30:33 --> Session: Class initialized using 'CodeIgniter\Session\Handlers\FileHandler' driver.
INFO - 2023-12-25 02:30:34 --> CSRF token verified.
INFO - 2023-12-25 02:30:34 --> Session: Class initialized using 'CodeIgniter\Session\Handlers\FileHandler' driver.
INFO - 2023-12-25 02:30:34 --> CSRF token verified.
INFO - 2023-12-25 02:30:34 --> Session: Class initialized using 'CodeIgniter\Session\Handlers\FileHandler' driver.
INFO - 2023-12-25 02:30:34 --> CSRF token verified.
INFO - 2023-12-25 02:30:34 --> Session: Class initialized using 'CodeIgniter\Session\Handlers\FileHandler' driver.
INFO - 2023-12-25 02:30:35 --> CSRF token verified.
INFO - 2023-12-25 02:30:35 --> Session: Class initialized using 'CodeIgniter\Session\Handlers\FileHandler' driver.
INFO - 2023-12-25 02:30:35 --> CSRF token verified.
INFO - 2023-12-25 02:30:35 --> Session: Class initialized using 'CodeIgniter\Session\Handlers\FileHandler' driver.
INFO - 2023-12-25 02:30:35 --> CSRF token verified.
INFO - 2023-12-25 02:30:35 --> Session: Class initialized using 'CodeIgniter\Session\Handlers\FileHandler' driver.
INFO - 2023-12-25 02:30:36 --> CSRF token verified.
INFO - 2023-12-25 02:30:36 --> Session: Class initialized using 'CodeIgniter\Session\Handlers\FileHandler' driver.
INFO - 2023-12-25 02:30:36 --> CSRF token verified.
INFO - 2023-12-25 02:30:36 --> Session: Class initialized using 'CodeIgniter\Session\Handlers\FileHandler' driver.
INFO - 2023-12-25 02:30:36 --> CSRF token verified.
INFO - 2023-12-25 02:30:36 --> Session: Class initialized using 'CodeIgniter\Session\Handlers\FileHandler' driver.
INFO - 2023-12-25 02:30:37 --> CSRF token verified.
INFO - 2023-12-25 02:30:37 --> Session: Class initialized using 'CodeIgniter\Session\Handlers\FileHandler' driver.
INFO - 2023-12-25 02:30:37 --> CSRF token verified.
INFO - 2023-12-25 02:30:37 --> Session: Class initialized using 'CodeIgniter\Session\Handlers\FileHandler' driver.
INFO - 2023-12-25 02:30:37 --> CSRF token verified.
INFO - 2023-12-25 02:30:37 --> Session: Class initialized using 'CodeIgniter\Session\Handlers\FileHandler' driver.
INFO - 2023-12-25 02:30:37 --> CSRF token verified.
INFO - 2023-12-25 02:30:37 --> Session: Class initialized using 'CodeIgniter\Session\Handlers\FileHandler' driver.
INFO - 2023-12-25 02:35:39 --> Session: Class initialized using 'CodeIgniter\Session\Handlers\FileHandler' driver.
INFO - 2023-12-25 02:35:41 --> Session: Class initialized using 'CodeIgniter\Session\Handlers\FileHandler' driver.
INFO - 2023-12-25 02:35:41 --> Session: Class initialized using 'CodeIgniter\Session\Handlers\FileHandler' driver.
INFO - 2023-12-25 02:35:43 --> Session: Class initialized using 'CodeIgniter\Session\Handlers\FileHandler' driver.
INFO - 2023-12-25 02:35:55 --> CSRF token verified.
INFO - 2023-12-25 02:35:55 --> Session: Class initialized using 'CodeIgniter\Session\Handlers\FileHandler' driver.
INFO - 2023-12-25 02:38:32 --> Session: Class initialized using 'CodeIgniter\Session\Handlers\FileHandler' driver.
INFO - 2023-12-25 02:38:33 --> Session: Class initialized using 'CodeIgniter\Session\Handlers\FileHandler' driver.
INFO - 2023-12-25 02:38:34 --> Session: Class initialized using 'CodeIgniter\Session\Handlers\FileHandler' driver.
CRITICAL - 2023-12-25 02:38:34 --> Undefined variable $isAddPage
in APPPATH/Views/admin/companyViews/_companyFormItems.php on line 204.
 1 APPPATH/Views/admin/companyViews/_companyFormItems.php(204): CodeIgniter\Debug\Exceptions->errorHandler(2, 'Undefined variable $isAddPage', '/Users/tonypeter/Downloads/MMMFret/app/Views/admin/companyViews/_companyFormItems.php', 204)
 2 SYSTEMPATH/View/View.php(228): include('/Users/tonypeter/Downloads/MMMFret/app/Views/admin/companyViews/_companyFormItems.php')
 3 SYSTEMPATH/View/View.php(231): CodeIgniter\View\View->CodeIgniter\View\{closure}()
 4 SYSTEMPATH/Common.php(1190): CodeIgniter\View\View->render('admin/companyViews/_companyFormItems', [], true)
 5 APPPATH/Views/admin/companyViews/viewCompanyForm.php(16): view('admin/companyViews/_companyFormItems')
 6 SYSTEMPATH/View/View.php(228): include('/Users/tonypeter/Downloads/MMMFret/app/Views/admin/companyViews/viewCompanyForm.php')
 7 SYSTEMPATH/View/View.php(231): CodeIgniter\View\View->CodeIgniter\View\{closure}()
 8 SYSTEMPATH/Common.php(1190): CodeIgniter\View\View->render('admin/companyViews/viewCompanyForm', [], true)
 9 APPPATH/Controllers/GoBaseController.php(277): view('admin/companyViews/viewCompanyForm', [...])
10 APPPATH/Controllers/Admin/CompaniesController.php(157): App\Controllers\GoBaseController->displayForm('App\\Controllers\\Admin\\CompaniesController::add')
11 SYSTEMPATH/CodeIgniter.php(942): App\Controllers\Admin\CompaniesController->add()
12 SYSTEMPATH/CodeIgniter.php(502): CodeIgniter\CodeIgniter->runController(Object(App\Controllers\Admin\CompaniesController))
13 SYSTEMPATH/CodeIgniter.php(361): CodeIgniter\CodeIgniter->handleRequest(null, Object(Config\Cache), false)
14 FCPATH/index.php(79): CodeIgniter\CodeIgniter->run()
15 SYSTEMPATH/Commands/Server/rewrite.php(47): require_once('/Users/tonypeter/Downloads/MMMFret/public/index.php')
INFO - 2023-12-25 02:39:29 --> Session: Class initialized using 'CodeIgniter\Session\Handlers\FileHandler' driver.
CRITICAL - 2023-12-25 02:39:29 --> Attempt to assign property "created_at" on null
in APPPATH/Views/admin/companyViews/_companyFormItems.php on line 211.
 1 SYSTEMPATH/View/View.php(228): include()
 2 SYSTEMPATH/View/View.php(231): CodeIgniter\View\View->CodeIgniter\View\{closure}()
 3 SYSTEMPATH/Common.php(1190): CodeIgniter\View\View->render('admin/companyViews/_companyFormItems', [], true)
 4 APPPATH/Views/admin/companyViews/viewCompanyForm.php(16): view('admin/companyViews/_companyFormItems')
 5 SYSTEMPATH/View/View.php(228): include('/Users/tonypeter/Downloads/MMMFret/app/Views/admin/companyViews/viewCompanyForm.php')
 6 SYSTEMPATH/View/View.php(231): CodeIgniter\View\View->CodeIgniter\View\{closure}()
 7 SYSTEMPATH/Common.php(1190): CodeIgniter\View\View->render('admin/companyViews/viewCompanyForm', [], true)
 8 APPPATH/Controllers/GoBaseController.php(277): view('admin/companyViews/viewCompanyForm', [...])
 9 APPPATH/Controllers/Admin/CompaniesController.php(157): App\Controllers\GoBaseController->displayForm('App\\Controllers\\Admin\\CompaniesController::add')
10 SYSTEMPATH/CodeIgniter.php(942): App\Controllers\Admin\CompaniesController->add()
11 SYSTEMPATH/CodeIgniter.php(502): CodeIgniter\CodeIgniter->runController(Object(App\Controllers\Admin\CompaniesController))
12 SYSTEMPATH/CodeIgniter.php(361): CodeIgniter\CodeIgniter->handleRequest(null, Object(Config\Cache), false)
13 FCPATH/index.php(79): CodeIgniter\CodeIgniter->run()
14 SYSTEMPATH/Commands/Server/rewrite.php(47): require_once('/Users/tonypeter/Downloads/MMMFret/public/index.php')
INFO - 2023-12-25 02:39:39 --> Session: Class initialized using 'CodeIgniter\Session\Handlers\FileHandler' driver.
INFO - 2023-12-25 02:39:39 --> Session: Class initialized using 'CodeIgniter\Session\Handlers\FileHandler' driver.
INFO - 2023-12-25 02:39:42 --> Session: Class initialized using 'CodeIgniter\Session\Handlers\FileHandler' driver.
INFO - 2023-12-25 02:39:44 --> Session: Class initialized using 'CodeIgniter\Session\Handlers\FileHandler' driver.
INFO - 2023-12-25 02:39:46 --> Session: Class initialized using 'CodeIgniter\Session\Handlers\FileHandler' driver.
CRITICAL - 2023-12-25 02:39:46 --> Attempt to assign property "created_at" on null
in APPPATH/Views/admin/companyViews/_companyFormItems.php on line 211.
 1 SYSTEMPATH/View/View.php(228): include()
 2 SYSTEMPATH/View/View.php(231): CodeIgniter\View\View->CodeIgniter\View\{closure}()
 3 SYSTEMPATH/Common.php(1190): CodeIgniter\View\View->render('admin/companyViews/_companyFormItems', [], true)
 4 APPPATH/Views/admin/companyViews/viewCompanyForm.php(16): view('admin/companyViews/_companyFormItems')
 5 SYSTEMPATH/View/View.php(228): include('/Users/tonypeter/Downloads/MMMFret/app/Views/admin/companyViews/viewCompanyForm.php')
 6 SYSTEMPATH/View/View.php(231): CodeIgniter\View\View->CodeIgniter\View\{closure}()
 7 SYSTEMPATH/Common.php(1190): CodeIgniter\View\View->render('admin/companyViews/viewCompanyForm', [], true)
 8 APPPATH/Controllers/GoBaseController.php(277): view('admin/companyViews/viewCompanyForm', [...])
 9 APPPATH/Controllers/Admin/CompaniesController.php(157): App\Controllers\GoBaseController->displayForm('App\\Controllers\\Admin\\CompaniesController::add')
10 SYSTEMPATH/CodeIgniter.php(942): App\Controllers\Admin\CompaniesController->add()
11 SYSTEMPATH/CodeIgniter.php(502): CodeIgniter\CodeIgniter->runController(Object(App\Controllers\Admin\CompaniesController))
12 SYSTEMPATH/CodeIgniter.php(361): CodeIgniter\CodeIgniter->handleRequest(null, Object(Config\Cache), false)
13 FCPATH/index.php(79): CodeIgniter\CodeIgniter->run()
14 SYSTEMPATH/Commands/Server/rewrite.php(47): require_once('/Users/tonypeter/Downloads/MMMFret/public/index.php')
INFO - 2023-12-25 02:41:15 --> Session: Class initialized using 'CodeIgniter\Session\Handlers\FileHandler' driver.
CRITICAL - 2023-12-25 02:41:15 --> Attempt to assign property "created_at" on null
in APPPATH/Views/admin/companyViews/_companyFormItems.php on line 211.
 1 SYSTEMPATH/View/View.php(228): include()
 2 SYSTEMPATH/View/View.php(231): CodeIgniter\View\View->CodeIgniter\View\{closure}()
 3 SYSTEMPATH/Common.php(1190): CodeIgniter\View\View->render('admin/companyViews/_companyFormItems', [], true)
 4 APPPATH/Views/admin/companyViews/viewCompanyForm.php(16): view('admin/companyViews/_companyFormItems')
 5 SYSTEMPATH/View/View.php(228): include('/Users/tonypeter/Downloads/MMMFret/app/Views/admin/companyViews/viewCompanyForm.php')
 6 SYSTEMPATH/View/View.php(231): CodeIgniter\View\View->CodeIgniter\View\{closure}()
 7 SYSTEMPATH/Common.php(1190): CodeIgniter\View\View->render('admin/companyViews/viewCompanyForm', [], true)
 8 APPPATH/Controllers/GoBaseController.php(277): view('admin/companyViews/viewCompanyForm', [...])
 9 APPPATH/Controllers/Admin/CompaniesController.php(157): App\Controllers\GoBaseController->displayForm('App\\Controllers\\Admin\\CompaniesController::add')
10 SYSTEMPATH/CodeIgniter.php(942): App\Controllers\Admin\CompaniesController->add()
11 SYSTEMPATH/CodeIgniter.php(502): CodeIgniter\CodeIgniter->runController(Object(App\Controllers\Admin\CompaniesController))
12 SYSTEMPATH/CodeIgniter.php(361): CodeIgniter\CodeIgniter->handleRequest(null, Object(Config\Cache), false)
13 FCPATH/index.php(79): CodeIgniter\CodeIgniter->run()
14 SYSTEMPATH/Commands/Server/rewrite.php(47): require_once('/Users/tonypeter/Downloads/MMMFret/public/index.php')
INFO - 2023-12-25 02:41:16 --> Session: Class initialized using 'CodeIgniter\Session\Handlers\FileHandler' driver.
CRITICAL - 2023-12-25 02:41:16 --> Attempt to assign property "created_at" on null
in APPPATH/Views/admin/companyViews/_companyFormItems.php on line 211.
 1 SYSTEMPATH/View/View.php(228): include()
 2 SYSTEMPATH/View/View.php(231): CodeIgniter\View\View->CodeIgniter\View\{closure}()
 3 SYSTEMPATH/Common.php(1190): CodeIgniter\View\View->render('admin/companyViews/_companyFormItems', [], true)
 4 APPPATH/Views/admin/companyViews/viewCompanyForm.php(16): view('admin/companyViews/_companyFormItems')
 5 SYSTEMPATH/View/View.php(228): include('/Users/tonypeter/Downloads/MMMFret/app/Views/admin/companyViews/viewCompanyForm.php')
 6 SYSTEMPATH/View/View.php(231): CodeIgniter\View\View->CodeIgniter\View\{closure}()
 7 SYSTEMPATH/Common.php(1190): CodeIgniter\View\View->render('admin/companyViews/viewCompanyForm', [], true)
 8 APPPATH/Controllers/GoBaseController.php(277): view('admin/companyViews/viewCompanyForm', [...])
 9 APPPATH/Controllers/Admin/CompaniesController.php(157): App\Controllers\GoBaseController->displayForm('App\\Controllers\\Admin\\CompaniesController::add')
10 SYSTEMPATH/CodeIgniter.php(942): App\Controllers\Admin\CompaniesController->add()
11 SYSTEMPATH/CodeIgniter.php(502): CodeIgniter\CodeIgniter->runController(Object(App\Controllers\Admin\CompaniesController))
12 SYSTEMPATH/CodeIgniter.php(361): CodeIgniter\CodeIgniter->handleRequest(null, Object(Config\Cache), false)
13 FCPATH/index.php(79): CodeIgniter\CodeIgniter->run()
14 SYSTEMPATH/Commands/Server/rewrite.php(47): require_once('/Users/tonypeter/Downloads/MMMFret/public/index.php')
INFO - 2023-12-25 02:41:18 --> Session: Class initialized using 'CodeIgniter\Session\Handlers\FileHandler' driver.
INFO - 2023-12-25 02:41:49 --> Session: Class initialized using 'CodeIgniter\Session\Handlers\FileHandler' driver.
CRITICAL - 2023-12-25 02:41:49 --> Attempt to assign property "created_at" on null
in APPPATH/Views/admin/companyViews/_companyFormItems.php on line 211.
 1 SYSTEMPATH/View/View.php(228): include()
 2 SYSTEMPATH/View/View.php(231): CodeIgniter\View\View->CodeIgniter\View\{closure}()
 3 SYSTEMPATH/Common.php(1190): CodeIgniter\View\View->render('admin/companyViews/_companyFormItems', [], true)
 4 APPPATH/Views/admin/companyViews/viewCompanyForm.php(16): view('admin/companyViews/_companyFormItems')
 5 SYSTEMPATH/View/View.php(228): include('/Users/tonypeter/Downloads/MMMFret/app/Views/admin/companyViews/viewCompanyForm.php')
 6 SYSTEMPATH/View/View.php(231): CodeIgniter\View\View->CodeIgniter\View\{closure}()
 7 SYSTEMPATH/Common.php(1190): CodeIgniter\View\View->render('admin/companyViews/viewCompanyForm', [], true)
 8 APPPATH/Controllers/GoBaseController.php(277): view('admin/companyViews/viewCompanyForm', [...])
 9 APPPATH/Controllers/Admin/CompaniesController.php(157): App\Controllers\GoBaseController->displayForm('App\\Controllers\\Admin\\CompaniesController::add')
10 SYSTEMPATH/CodeIgniter.php(942): App\Controllers\Admin\CompaniesController->add()
11 SYSTEMPATH/CodeIgniter.php(502): CodeIgniter\CodeIgniter->runController(Object(App\Controllers\Admin\CompaniesController))
12 SYSTEMPATH/CodeIgniter.php(361): CodeIgniter\CodeIgniter->handleRequest(null, Object(Config\Cache), false)
13 FCPATH/index.php(79): CodeIgniter\CodeIgniter->run()
14 SYSTEMPATH/Commands/Server/rewrite.php(47): require_once('/Users/tonypeter/Downloads/MMMFret/public/index.php')
INFO - 2023-12-25 02:43:18 --> Session: Class initialized using 'CodeIgniter\Session\Handlers\FileHandler' driver.
CRITICAL - 2023-12-25 02:43:18 --> Undefined variable $companies
in APPPATH/Views/admin/companyViews/_companyFormItems.php on line 211.
 1 APPPATH/Views/admin/companyViews/_companyFormItems.php(211): CodeIgniter\Debug\Exceptions->errorHandler(2, 'Undefined variable $companies', '/Users/tonypeter/Downloads/MMMFret/app/Views/admin/companyViews/_companyFormItems.php', 211)
 2 SYSTEMPATH/View/View.php(228): include('/Users/tonypeter/Downloads/MMMFret/app/Views/admin/companyViews/_companyFormItems.php')
 3 SYSTEMPATH/View/View.php(231): CodeIgniter\View\View->CodeIgniter\View\{closure}()
 4 SYSTEMPATH/Common.php(1190): CodeIgniter\View\View->render('admin/companyViews/_companyFormItems', [], true)
 5 APPPATH/Views/admin/companyViews/viewCompanyForm.php(16): view('admin/companyViews/_companyFormItems')
 6 SYSTEMPATH/View/View.php(228): include('/Users/tonypeter/Downloads/MMMFret/app/Views/admin/companyViews/viewCompanyForm.php')
 7 SYSTEMPATH/View/View.php(231): CodeIgniter\View\View->CodeIgniter\View\{closure}()
 8 SYSTEMPATH/Common.php(1190): CodeIgniter\View\View->render('admin/companyViews/viewCompanyForm', [], true)
 9 APPPATH/Controllers/GoBaseController.php(277): view('admin/companyViews/viewCompanyForm', [...])
10 APPPATH/Controllers/Admin/CompaniesController.php(157): App\Controllers\GoBaseController->displayForm('App\\Controllers\\Admin\\CompaniesController::add')
11 SYSTEMPATH/CodeIgniter.php(942): App\Controllers\Admin\CompaniesController->add()
12 SYSTEMPATH/CodeIgniter.php(502): CodeIgniter\CodeIgniter->runController(Object(App\Controllers\Admin\CompaniesController))
13 SYSTEMPATH/CodeIgniter.php(361): CodeIgniter\CodeIgniter->handleRequest(null, Object(Config\Cache), false)
14 FCPATH/index.php(79): CodeIgniter\CodeIgniter->run()
15 SYSTEMPATH/Commands/Server/rewrite.php(47): require_once('/Users/tonypeter/Downloads/MMMFret/public/index.php')
INFO - 2023-12-25 02:47:01 --> Session: Class initialized using 'CodeIgniter\Session\Handlers\FileHandler' driver.
CRITICAL - 2023-12-25 02:47:01 --> Attempt to assign property "created_at" on null
in APPPATH/Views/admin/companyViews/_companyFormItems.php on line 213.
 1 SYSTEMPATH/View/View.php(228): include()
 2 SYSTEMPATH/View/View.php(231): CodeIgniter\View\View->CodeIgniter\View\{closure}()
 3 SYSTEMPATH/Common.php(1190): CodeIgniter\View\View->render('admin/companyViews/_companyFormItems', [], true)
 4 APPPATH/Views/admin/companyViews/viewCompanyForm.php(16): view('admin/companyViews/_companyFormItems')
 5 SYSTEMPATH/View/View.php(228): include('/Users/tonypeter/Downloads/MMMFret/app/Views/admin/companyViews/viewCompanyForm.php')
 6 SYSTEMPATH/View/View.php(231): CodeIgniter\View\View->CodeIgniter\View\{closure}()
 7 SYSTEMPATH/Common.php(1190): CodeIgniter\View\View->render('admin/companyViews/viewCompanyForm', [], true)
 8 APPPATH/Controllers/GoBaseController.php(277): view('admin/companyViews/viewCompanyForm', [...])
 9 APPPATH/Controllers/Admin/CompaniesController.php(157): App\Controllers\GoBaseController->displayForm('App\\Controllers\\Admin\\CompaniesController::add')
10 SYSTEMPATH/CodeIgniter.php(942): App\Controllers\Admin\CompaniesController->add()
11 SYSTEMPATH/CodeIgniter.php(502): CodeIgniter\CodeIgniter->runController(Object(App\Controllers\Admin\CompaniesController))
12 SYSTEMPATH/CodeIgniter.php(361): CodeIgniter\CodeIgniter->handleRequest(null, Object(Config\Cache), false)
13 FCPATH/index.php(79): CodeIgniter\CodeIgniter->run()
14 SYSTEMPATH/Commands/Server/rewrite.php(47): require_once('/Users/tonypeter/Downloads/MMMFret/public/index.php')
INFO - 2023-12-25 03:36:59 --> Session: Class initialized using 'CodeIgniter\Session\Handlers\FileHandler' driver.
CRITICAL - 2023-12-25 03:36:59 --> Attempt to assign property "created_at" on null
in APPPATH/Views/admin/companyViews/_companyFormItems.php on line 211.
 1 SYSTEMPATH/View/View.php(228): include()
 2 SYSTEMPATH/View/View.php(231): CodeIgniter\View\View->CodeIgniter\View\{closure}()
 3 SYSTEMPATH/Common.php(1190): CodeIgniter\View\View->render('admin/companyViews/_companyFormItems', [], true)
 4 APPPATH/Views/admin/companyViews/viewCompanyForm.php(16): view('admin/companyViews/_companyFormItems')
 5 SYSTEMPATH/View/View.php(228): include('/Users/tonypeter/Downloads/MMMFret/app/Views/admin/companyViews/viewCompanyForm.php')
 6 SYSTEMPATH/View/View.php(231): CodeIgniter\View\View->CodeIgniter\View\{closure}()
 7 SYSTEMPATH/Common.php(1190): CodeIgniter\View\View->render('admin/companyViews/viewCompanyForm', [], true)
 8 APPPATH/Controllers/GoBaseController.php(277): view('admin/companyViews/viewCompanyForm', [...])
 9 APPPATH/Controllers/Admin/CompaniesController.php(157): App\Controllers\GoBaseController->displayForm('App\\Controllers\\Admin\\CompaniesController::add')
10 SYSTEMPATH/CodeIgniter.php(942): App\Controllers\Admin\CompaniesController->add()
11 SYSTEMPATH/CodeIgniter.php(502): CodeIgniter\CodeIgniter->runController(Object(App\Controllers\Admin\CompaniesController))
12 SYSTEMPATH/CodeIgniter.php(361): CodeIgniter\CodeIgniter->handleRequest(null, Object(Config\Cache), false)
13 FCPATH/index.php(79): CodeIgniter\CodeIgniter->run()
14 SYSTEMPATH/Commands/Server/rewrite.php(47): require_once('/Users/tonypeter/Downloads/MMMFret/public/index.php')
INFO - 2023-12-25 03:37:00 --> Session: Class initialized using 'CodeIgniter\Session\Handlers\FileHandler' driver.
CRITICAL - 2023-12-25 03:37:00 --> Attempt to assign property "created_at" on null
in APPPATH/Views/admin/companyViews/_companyFormItems.php on line 211.
 1 SYSTEMPATH/View/View.php(228): include()
 2 SYSTEMPATH/View/View.php(231): CodeIgniter\View\View->CodeIgniter\View\{closure}()
 3 SYSTEMPATH/Common.php(1190): CodeIgniter\View\View->render('admin/companyViews/_companyFormItems', [], true)
 4 APPPATH/Views/admin/companyViews/viewCompanyForm.php(16): view('admin/companyViews/_companyFormItems')
 5 SYSTEMPATH/View/View.php(228): include('/Users/tonypeter/Downloads/MMMFret/app/Views/admin/companyViews/viewCompanyForm.php')
 6 SYSTEMPATH/View/View.php(231): CodeIgniter\View\View->CodeIgniter\View\{closure}()
 7 SYSTEMPATH/Common.php(1190): CodeIgniter\View\View->render('admin/companyViews/viewCompanyForm', [], true)
 8 APPPATH/Controllers/GoBaseController.php(277): view('admin/companyViews/viewCompanyForm', [...])
 9 APPPATH/Controllers/Admin/CompaniesController.php(157): App\Controllers\GoBaseController->displayForm('App\\Controllers\\Admin\\CompaniesController::add')
10 SYSTEMPATH/CodeIgniter.php(942): App\Controllers\Admin\CompaniesController->add()
11 SYSTEMPATH/CodeIgniter.php(502): CodeIgniter\CodeIgniter->runController(Object(App\Controllers\Admin\CompaniesController))
12 SYSTEMPATH/CodeIgniter.php(361): CodeIgniter\CodeIgniter->handleRequest(null, Object(Config\Cache), false)
13 FCPATH/index.php(79): CodeIgniter\CodeIgniter->run()
14 SYSTEMPATH/Commands/Server/rewrite.php(47): require_once('/Users/tonypeter/Downloads/MMMFret/public/index.php')
INFO - 2023-12-25 03:37:01 --> Session: Class initialized using 'CodeIgniter\Session\Handlers\FileHandler' driver.
INFO - 2023-12-25 03:37:03 --> Session: Class initialized using 'CodeIgniter\Session\Handlers\FileHandler' driver.
INFO - 2023-12-25 03:37:03 --> Session: Class initialized using 'CodeIgniter\Session\Handlers\FileHandler' driver.
INFO - 2023-12-25 03:37:05 --> Session: Class initialized using 'CodeIgniter\Session\Handlers\FileHandler' driver.
CRITICAL - 2023-12-25 03:37:05 --> Attempt to assign property "created_at" on null
in APPPATH/Views/admin/companyViews/_companyFormItems.php on line 211.
 1 SYSTEMPATH/View/View.php(228): include()
 2 SYSTEMPATH/View/View.php(231): CodeIgniter\View\View->CodeIgniter\View\{closure}()
 3 SYSTEMPATH/Common.php(1190): CodeIgniter\View\View->render('admin/companyViews/_companyFormItems', [], true)
 4 APPPATH/Views/admin/companyViews/viewCompanyForm.php(16): view('admin/companyViews/_companyFormItems')
 5 SYSTEMPATH/View/View.php(228): include('/Users/tonypeter/Downloads/MMMFret/app/Views/admin/companyViews/viewCompanyForm.php')
 6 SYSTEMPATH/View/View.php(231): CodeIgniter\View\View->CodeIgniter\View\{closure}()
 7 SYSTEMPATH/Common.php(1190): CodeIgniter\View\View->render('admin/companyViews/viewCompanyForm', [], true)
 8 APPPATH/Controllers/GoBaseController.php(277): view('admin/companyViews/viewCompanyForm', [...])
 9 APPPATH/Controllers/Admin/CompaniesController.php(157): App\Controllers\GoBaseController->displayForm('App\\Controllers\\Admin\\CompaniesController::add')
10 SYSTEMPATH/CodeIgniter.php(942): App\Controllers\Admin\CompaniesController->add()
11 SYSTEMPATH/CodeIgniter.php(502): CodeIgniter\CodeIgniter->runController(Object(App\Controllers\Admin\CompaniesController))
12 SYSTEMPATH/CodeIgniter.php(361): CodeIgniter\CodeIgniter->handleRequest(null, Object(Config\Cache), false)
13 FCPATH/index.php(79): CodeIgniter\CodeIgniter->run()
14 SYSTEMPATH/Commands/Server/rewrite.php(47): require_once('/Users/tonypeter/Downloads/MMMFret/public/index.php')
INFO - 2023-12-25 03:39:11 --> Session: Class initialized using 'CodeIgniter\Session\Handlers\FileHandler' driver.
CRITICAL - 2023-12-25 03:39:11 --> Attempt to assign property "created_at" on null
in APPPATH/Views/admin/companyViews/_companyFormItems.php on line 211.
 1 SYSTEMPATH/View/View.php(228): include()
 2 SYSTEMPATH/View/View.php(231): CodeIgniter\View\View->CodeIgniter\View\{closure}()
 3 SYSTEMPATH/Common.php(1190): CodeIgniter\View\View->render('admin/companyViews/_companyFormItems', [], true)
 4 APPPATH/Views/admin/companyViews/viewCompanyForm.php(16): view('admin/companyViews/_companyFormItems')
 5 SYSTEMPATH/View/View.php(228): include('/Users/tonypeter/Downloads/MMMFret/app/Views/admin/companyViews/viewCompanyForm.php')
 6 SYSTEMPATH/View/View.php(231): CodeIgniter\View\View->CodeIgniter\View\{closure}()
 7 SYSTEMPATH/Common.php(1190): CodeIgniter\View\View->render('admin/companyViews/viewCompanyForm', [], true)
 8 APPPATH/Controllers/GoBaseController.php(277): view('admin/companyViews/viewCompanyForm', [...])
 9 APPPATH/Controllers/Admin/CompaniesController.php(157): App\Controllers\GoBaseController->displayForm('App\\Controllers\\Admin\\CompaniesController::add')
10 SYSTEMPATH/CodeIgniter.php(942): App\Controllers\Admin\CompaniesController->add()
11 SYSTEMPATH/CodeIgniter.php(502): CodeIgniter\CodeIgniter->runController(Object(App\Controllers\Admin\CompaniesController))
12 SYSTEMPATH/CodeIgniter.php(361): CodeIgniter\CodeIgniter->handleRequest(null, Object(Config\Cache), false)
13 FCPATH/index.php(79): CodeIgniter\CodeIgniter->run()
14 SYSTEMPATH/Commands/Server/rewrite.php(47): require_once('/Users/tonypeter/Downloads/MMMFret/public/index.php')
INFO - 2023-12-25 03:39:11 --> Session: Class initialized using 'CodeIgniter\Session\Handlers\FileHandler' driver.
CRITICAL - 2023-12-25 03:39:11 --> Attempt to assign property "created_at" on null
in APPPATH/Views/admin/companyViews/_companyFormItems.php on line 211.
 1 SYSTEMPATH/View/View.php(228): include()
 2 SYSTEMPATH/View/View.php(231): CodeIgniter\View\View->CodeIgniter\View\{closure}()
 3 SYSTEMPATH/Common.php(1190): CodeIgniter\View\View->render('admin/companyViews/_companyFormItems', [], true)
 4 APPPATH/Views/admin/companyViews/viewCompanyForm.php(16): view('admin/companyViews/_companyFormItems')
 5 SYSTEMPATH/View/View.php(228): include('/Users/tonypeter/Downloads/MMMFret/app/Views/admin/companyViews/viewCompanyForm.php')
 6 SYSTEMPATH/View/View.php(231): CodeIgniter\View\View->CodeIgniter\View\{closure}()
 7 SYSTEMPATH/Common.php(1190): CodeIgniter\View\View->render('admin/companyViews/viewCompanyForm', [], true)
 8 APPPATH/Controllers/GoBaseController.php(277): view('admin/companyViews/viewCompanyForm', [...])
 9 APPPATH/Controllers/Admin/CompaniesController.php(157): App\Controllers\GoBaseController->displayForm('App\\Controllers\\Admin\\CompaniesController::add')
10 SYSTEMPATH/CodeIgniter.php(942): App\Controllers\Admin\CompaniesController->add()
11 SYSTEMPATH/CodeIgniter.php(502): CodeIgniter\CodeIgniter->runController(Object(App\Controllers\Admin\CompaniesController))
12 SYSTEMPATH/CodeIgniter.php(361): CodeIgniter\CodeIgniter->handleRequest(null, Object(Config\Cache), false)
13 FCPATH/index.php(79): CodeIgniter\CodeIgniter->run()
14 SYSTEMPATH/Commands/Server/rewrite.php(47): require_once('/Users/tonypeter/Downloads/MMMFret/public/index.php')
INFO - 2023-12-25 03:45:12 --> Session: Class initialized using 'CodeIgniter\Session\Handlers\FileHandler' driver.
CRITICAL - 2023-12-25 03:45:12 --> Attempt to assign property "created_at" on null
in APPPATH/Views/admin/companyViews/_companyFormItems.php on line 213.
 1 SYSTEMPATH/View/View.php(228): include()
 2 SYSTEMPATH/View/View.php(231): CodeIgniter\View\View->CodeIgniter\View\{closure}()
 3 SYSTEMPATH/Common.php(1190): CodeIgniter\View\View->render('admin/companyViews/_companyFormItems', [], true)
 4 APPPATH/Views/admin/companyViews/viewCompanyForm.php(16): view('admin/companyViews/_companyFormItems')
 5 SYSTEMPATH/View/View.php(228): include('/Users/tonypeter/Downloads/MMMFret/app/Views/admin/companyViews/viewCompanyForm.php')
 6 SYSTEMPATH/View/View.php(231): CodeIgniter\View\View->CodeIgniter\View\{closure}()
 7 SYSTEMPATH/Common.php(1190): CodeIgniter\View\View->render('admin/companyViews/viewCompanyForm', [], true)
 8 APPPATH/Controllers/GoBaseController.php(277): view('admin/companyViews/viewCompanyForm', [...])
 9 APPPATH/Controllers/Admin/CompaniesController.php(157): App\Controllers\GoBaseController->displayForm('App\\Controllers\\Admin\\CompaniesController::add')
10 SYSTEMPATH/CodeIgniter.php(942): App\Controllers\Admin\CompaniesController->add()
11 SYSTEMPATH/CodeIgniter.php(502): CodeIgniter\CodeIgniter->runController(Object(App\Controllers\Admin\CompaniesController))
12 SYSTEMPATH/CodeIgniter.php(361): CodeIgniter\CodeIgniter->handleRequest(null, Object(Config\Cache), false)
13 FCPATH/index.php(79): CodeIgniter\CodeIgniter->run()
14 SYSTEMPATH/Commands/Server/rewrite.php(47): require_once('/Users/tonypeter/Downloads/MMMFret/public/index.php')
INFO - 2023-12-25 03:45:14 --> Session: Class initialized using 'CodeIgniter\Session\Handlers\FileHandler' driver.
INFO - 2023-12-25 03:45:15 --> Session: Class initialized using 'CodeIgniter\Session\Handlers\FileHandler' driver.
INFO - 2023-12-25 03:45:17 --> Session: Class initialized using 'CodeIgniter\Session\Handlers\FileHandler' driver.
CRITICAL - 2023-12-25 03:45:17 --> Attempt to assign property "created_at" on null
in APPPATH/Views/admin/companyViews/_companyFormItems.php on line 213.
 1 SYSTEMPATH/View/View.php(228): include()
 2 SYSTEMPATH/View/View.php(231): CodeIgniter\View\View->CodeIgniter\View\{closure}()
 3 SYSTEMPATH/Common.php(1190): CodeIgniter\View\View->render('admin/companyViews/_companyFormItems', [], true)
 4 APPPATH/Views/admin/companyViews/viewCompanyForm.php(16): view('admin/companyViews/_companyFormItems')
 5 SYSTEMPATH/View/View.php(228): include('/Users/tonypeter/Downloads/MMMFret/app/Views/admin/companyViews/viewCompanyForm.php')
 6 SYSTEMPATH/View/View.php(231): CodeIgniter\View\View->CodeIgniter\View\{closure}()
 7 SYSTEMPATH/Common.php(1190): CodeIgniter\View\View->render('admin/companyViews/viewCompanyForm', [], true)
 8 APPPATH/Controllers/GoBaseController.php(277): view('admin/companyViews/viewCompanyForm', [...])
 9 APPPATH/Controllers/Admin/CompaniesController.php(157): App\Controllers\GoBaseController->displayForm('App\\Controllers\\Admin\\CompaniesController::add')
10 SYSTEMPATH/CodeIgniter.php(942): App\Controllers\Admin\CompaniesController->add()
11 SYSTEMPATH/CodeIgniter.php(502): CodeIgniter\CodeIgniter->runController(Object(App\Controllers\Admin\CompaniesController))
12 SYSTEMPATH/CodeIgniter.php(361): CodeIgniter\CodeIgniter->handleRequest(null, Object(Config\Cache), false)
13 FCPATH/index.php(79): CodeIgniter\CodeIgniter->run()
14 SYSTEMPATH/Commands/Server/rewrite.php(47): require_once('/Users/tonypeter/Downloads/MMMFret/public/index.php')
INFO - 2023-12-25 03:47:46 --> Session: Class initialized using 'CodeIgniter\Session\Handlers\FileHandler' driver.
INFO - 2023-12-25 03:47:52 --> Session: Class initialized using 'CodeIgniter\Session\Handlers\FileHandler' driver.
INFO - 2023-12-25 03:47:53 --> Session: Class initialized using 'CodeIgniter\Session\Handlers\FileHandler' driver.
INFO - 2023-12-25 03:50:27 --> Session: Class initialized using 'CodeIgniter\Session\Handlers\FileHandler' driver.
INFO - 2023-12-25 03:50:37 --> CSRF token verified.
INFO - 2023-12-25 03:50:38 --> Session: Class initialized using 'CodeIgniter\Session\Handlers\FileHandler' driver.
INFO - 2023-12-25 03:50:40 --> CSRF token verified.
INFO - 2023-12-25 03:50:40 --> Session: Class initialized using 'CodeIgniter\Session\Handlers\FileHandler' driver.
INFO - 2023-12-25 03:50:40 --> CSRF token verified.
INFO - 2023-12-25 03:50:40 --> Session: Class initialized using 'CodeIgniter\Session\Handlers\FileHandler' driver.
INFO - 2023-12-25 03:50:40 --> CSRF token verified.
INFO - 2023-12-25 03:50:40 --> Session: Class initialized using 'CodeIgniter\Session\Handlers\FileHandler' driver.
INFO - 2023-12-25 03:50:42 --> CSRF token verified.
INFO - 2023-12-25 03:50:42 --> Session: Class initialized using 'CodeIgniter\Session\Handlers\FileHandler' driver.
INFO - 2023-12-25 03:50:43 --> CSRF token verified.
INFO - 2023-12-25 03:50:43 --> Session: Class initialized using 'CodeIgniter\Session\Handlers\FileHandler' driver.
INFO - 2023-12-25 03:51:21 --> Session: Class initialized using 'CodeIgniter\Session\Handlers\FileHandler' driver.
INFO - 2023-12-25 03:51:23 --> Session: Class initialized using 'CodeIgniter\Session\Handlers\FileHandler' driver.
