INFO - 2023-12-15 08:49:29 --> Session: Class initialized using 'CodeIgniter\Session\Handlers\FileHandler' driver.
INFO - 2023-12-15 08:49:31 --> Session: Class initialized using 'CodeIgniter\Session\Handlers\FileHandler' driver.
INFO - 2023-12-15 08:49:31 --> Session: Class initialized using 'CodeIgniter\Session\Handlers\FileHandler' driver.
INFO - 2023-12-15 08:49:46 --> CSRF token verified.
INFO - 2023-12-15 08:49:46 --> Session: Class initialized using 'CodeIgniter\Session\Handlers\FileHandler' driver.
INFO - 2023-12-15 08:49:46 --> Session: Class initialized using 'CodeIgniter\Session\Handlers\FileHandler' driver.
INFO - 2023-12-15 08:49:48 --> Session: Class initialized using 'CodeIgniter\Session\Handlers\FileHandler' driver.
INFO - 2023-12-15 08:49:51 --> Session: Class initialized using 'CodeIgniter\Session\Handlers\FileHandler' driver.
INFO - 2023-12-15 08:49:56 --> Session: Class initialized using 'CodeIgniter\Session\Handlers\FileHandler' driver.
INFO - 2023-12-15 08:51:28 --> Session: Class initialized using 'CodeIgniter\Session\Handlers\FileHandler' driver.
INFO - 2023-12-15 08:51:42 --> CSRF token verified.
INFO - 2023-12-15 08:51:42 --> Session: Class initialized using 'CodeIgniter\Session\Handlers\FileHandler' driver.
CRITICAL - 2023-12-15 08:51:42 --> Failed to parse time string (15/12/2023 19:51:28) at position 0 (1): Unexpected character
in SYSTEMPATH/I18n/TimeTrait.php on line 101.
 1 SYSTEMPATH/I18n/TimeTrait.php(101): DateTimeImmutable->__construct('15/12/2023 19:51:28', Object(DateTimeZone))
 2 SYSTEMPATH/I18n/TimeTrait.php(132): CodeIgniter\I18n\Time->__construct('15/12/2023 19:51:28', 'UTC', null)
 3 SYSTEMPATH/Entity/Cast/DatetimeCast.php(45): CodeIgniter\I18n\Time::parse('15/12/2023 19:51:28')
 4 SYSTEMPATH/Entity/Entity.php(346): CodeIgniter\Entity\Cast\DatetimeCast::get('15/12/2023 19:51:28')
 5 SYSTEMPATH/Entity/Entity.php(466): CodeIgniter\Entity\Entity->mutateDate('15/12/2023 19:51:28')
 6 SYSTEMPATH/Entity/Entity.php(152): CodeIgniter\Entity\Entity->__set('created_at', '15/12/2023 19:51:28')
 7 SYSTEMPATH/Entity/Entity.php(133): CodeIgniter\Entity\Entity->fill([...])
 8 APPPATH/Controllers/Admin/CropTypesController.php(109): CodeIgniter\Entity\Entity->__construct([...])
 9 SYSTEMPATH/CodeIgniter.php(942): App\Controllers\Admin\CropTypesController->add()
10 SYSTEMPATH/CodeIgniter.php(502): CodeIgniter\CodeIgniter->runController(Object(App\Controllers\Admin\CropTypesController))
11 SYSTEMPATH/CodeIgniter.php(361): CodeIgniter\CodeIgniter->handleRequest(null, Object(Config\Cache), false)
12 FCPATH/index.php(79): CodeIgniter\CodeIgniter->run()
13 SYSTEMPATH/Commands/Server/rewrite.php(47): require_once('/Users/tonypeter/Downloads/MMMFret/public/index.php')
INFO - 2023-12-15 08:51:46 --> Session: Class initialized using 'CodeIgniter\Session\Handlers\FileHandler' driver.
INFO - 2023-12-15 08:52:13 --> Session: Class initialized using 'CodeIgniter\Session\Handlers\FileHandler' driver.
INFO - 2023-12-15 08:52:14 --> Session: Class initialized using 'CodeIgniter\Session\Handlers\FileHandler' driver.
INFO - 2023-12-15 08:52:17 --> Session: Class initialized using 'CodeIgniter\Session\Handlers\FileHandler' driver.
INFO - 2023-12-15 08:53:53 --> Session: Class initialized using 'CodeIgniter\Session\Handlers\FileHandler' driver.
INFO - 2023-12-15 08:53:55 --> Session: Class initialized using 'CodeIgniter\Session\Handlers\FileHandler' driver.
INFO - 2023-12-15 08:54:43 --> Session: Class initialized using 'CodeIgniter\Session\Handlers\FileHandler' driver.
INFO - 2023-12-15 08:54:44 --> Session: Class initialized using 'CodeIgniter\Session\Handlers\FileHandler' driver.
CRITICAL - 2023-12-15 08:54:44 --> Class "App\Libraries\DateTimeLocation" not found
in APPPATH/Views/admin/cropTypeViews/_cropTypeFormItems.php on line 5.
 1 SYSTEMPATH/View/View.php(228): include()
 2 SYSTEMPATH/View/View.php(231): CodeIgniter\View\View->CodeIgniter\View\{closure}()
 3 SYSTEMPATH/Common.php(1190): CodeIgniter\View\View->render('admin/cropTypeViews/_cropTypeFormItems', [], true)
 4 APPPATH/Views/admin/cropTypeViews/viewCropTypeForm.php(17): view('admin/cropTypeViews/_cropTypeFormItems')
 5 SYSTEMPATH/View/View.php(228): include('/Users/tonypeter/Downloads/MMMFret/app/Views/admin/cropTypeViews/viewCropTypeForm.php')
 6 SYSTEMPATH/View/View.php(231): CodeIgniter\View\View->CodeIgniter\View\{closure}()
 7 SYSTEMPATH/Common.php(1190): CodeIgniter\View\View->render('admin/cropTypeViews/viewCropTypeForm', [], true)
 8 APPPATH/Controllers/GoBaseController.php(277): view('admin/cropTypeViews/viewCropTypeForm', [...])
 9 APPPATH/Controllers/Admin/CropTypesController.php(116): App\Controllers\GoBaseController->displayForm('App\\Controllers\\Admin\\CropTypesController::add')
10 SYSTEMPATH/CodeIgniter.php(942): App\Controllers\Admin\CropTypesController->add()
11 SYSTEMPATH/CodeIgniter.php(502): CodeIgniter\CodeIgniter->runController(Object(App\Controllers\Admin\CropTypesController))
12 SYSTEMPATH/CodeIgniter.php(361): CodeIgniter\CodeIgniter->handleRequest(null, Object(Config\Cache), false)
13 FCPATH/index.php(79): CodeIgniter\CodeIgniter->run()
14 SYSTEMPATH/Commands/Server/rewrite.php(47): require_once('/Users/tonypeter/Downloads/MMMFret/public/index.php')
INFO - 2023-12-15 08:54:50 --> Session: Class initialized using 'CodeIgniter\Session\Handlers\FileHandler' driver.
INFO - 2023-12-15 08:54:52 --> Session: Class initialized using 'CodeIgniter\Session\Handlers\FileHandler' driver.
INFO - 2023-12-15 08:54:53 --> Session: Class initialized using 'CodeIgniter\Session\Handlers\FileHandler' driver.
CRITICAL - 2023-12-15 08:54:53 --> Class "App\Libraries\DateTimeLocation" not found
in APPPATH/Views/admin/cropTypeViews/_cropTypeFormItems.php on line 5.
 1 SYSTEMPATH/View/View.php(228): include()
 2 SYSTEMPATH/View/View.php(231): CodeIgniter\View\View->CodeIgniter\View\{closure}()
 3 SYSTEMPATH/Common.php(1190): CodeIgniter\View\View->render('admin/cropTypeViews/_cropTypeFormItems', [], true)
 4 APPPATH/Views/admin/cropTypeViews/viewCropTypeForm.php(17): view('admin/cropTypeViews/_cropTypeFormItems')
 5 SYSTEMPATH/View/View.php(228): include('/Users/tonypeter/Downloads/MMMFret/app/Views/admin/cropTypeViews/viewCropTypeForm.php')
 6 SYSTEMPATH/View/View.php(231): CodeIgniter\View\View->CodeIgniter\View\{closure}()
 7 SYSTEMPATH/Common.php(1190): CodeIgniter\View\View->render('admin/cropTypeViews/viewCropTypeForm', [], true)
 8 APPPATH/Controllers/GoBaseController.php(277): view('admin/cropTypeViews/viewCropTypeForm', [...])
 9 APPPATH/Controllers/Admin/CropTypesController.php(116): App\Controllers\GoBaseController->displayForm('App\\Controllers\\Admin\\CropTypesController::add')
10 SYSTEMPATH/CodeIgniter.php(942): App\Controllers\Admin\CropTypesController->add()
11 SYSTEMPATH/CodeIgniter.php(502): CodeIgniter\CodeIgniter->runController(Object(App\Controllers\Admin\CropTypesController))
12 SYSTEMPATH/CodeIgniter.php(361): CodeIgniter\CodeIgniter->handleRequest(null, Object(Config\Cache), false)
13 FCPATH/index.php(79): CodeIgniter\CodeIgniter->run()
14 SYSTEMPATH/Commands/Server/rewrite.php(47): require_once('/Users/tonypeter/Downloads/MMMFret/public/index.php')
INFO - 2023-12-15 08:55:24 --> Session: Class initialized using 'CodeIgniter\Session\Handlers\FileHandler' driver.
CRITICAL - 2023-12-15 08:55:24 --> Class "App\Libraries\DateTimeLocation" not found
in APPPATH/Views/admin/cropTypeViews/_cropTypeFormItems.php on line 5.
 1 SYSTEMPATH/View/View.php(228): include()
 2 SYSTEMPATH/View/View.php(231): CodeIgniter\View\View->CodeIgniter\View\{closure}()
 3 SYSTEMPATH/Common.php(1190): CodeIgniter\View\View->render('admin/cropTypeViews/_cropTypeFormItems', [], true)
 4 APPPATH/Views/admin/cropTypeViews/viewCropTypeForm.php(17): view('admin/cropTypeViews/_cropTypeFormItems')
 5 SYSTEMPATH/View/View.php(228): include('/Users/tonypeter/Downloads/MMMFret/app/Views/admin/cropTypeViews/viewCropTypeForm.php')
 6 SYSTEMPATH/View/View.php(231): CodeIgniter\View\View->CodeIgniter\View\{closure}()
 7 SYSTEMPATH/Common.php(1190): CodeIgniter\View\View->render('admin/cropTypeViews/viewCropTypeForm', [], true)
 8 APPPATH/Controllers/GoBaseController.php(277): view('admin/cropTypeViews/viewCropTypeForm', [...])
 9 APPPATH/Controllers/Admin/CropTypesController.php(116): App\Controllers\GoBaseController->displayForm('App\\Controllers\\Admin\\CropTypesController::add')
10 SYSTEMPATH/CodeIgniter.php(942): App\Controllers\Admin\CropTypesController->add()
11 SYSTEMPATH/CodeIgniter.php(502): CodeIgniter\CodeIgniter->runController(Object(App\Controllers\Admin\CropTypesController))
12 SYSTEMPATH/CodeIgniter.php(361): CodeIgniter\CodeIgniter->handleRequest(null, Object(Config\Cache), false)
13 FCPATH/index.php(79): CodeIgniter\CodeIgniter->run()
14 SYSTEMPATH/Commands/Server/rewrite.php(47): require_once('/Users/tonypeter/Downloads/MMMFret/public/index.php')
INFO - 2023-12-15 08:55:49 --> Session: Class initialized using 'CodeIgniter\Session\Handlers\FileHandler' driver.
CRITICAL - 2023-12-15 08:55:49 --> Class "App\Libraries\DateTimeLocation" not found
in APPPATH/Views/admin/cropTypeViews/_cropTypeFormItems.php on line 5.
 1 SYSTEMPATH/View/View.php(228): include()
 2 SYSTEMPATH/View/View.php(231): CodeIgniter\View\View->CodeIgniter\View\{closure}()
 3 SYSTEMPATH/Common.php(1190): CodeIgniter\View\View->render('admin/cropTypeViews/_cropTypeFormItems', [], true)
 4 APPPATH/Views/admin/cropTypeViews/viewCropTypeForm.php(17): view('admin/cropTypeViews/_cropTypeFormItems')
 5 SYSTEMPATH/View/View.php(228): include('/Users/tonypeter/Downloads/MMMFret/app/Views/admin/cropTypeViews/viewCropTypeForm.php')
 6 SYSTEMPATH/View/View.php(231): CodeIgniter\View\View->CodeIgniter\View\{closure}()
 7 SYSTEMPATH/Common.php(1190): CodeIgniter\View\View->render('admin/cropTypeViews/viewCropTypeForm', [], true)
 8 APPPATH/Controllers/GoBaseController.php(277): view('admin/cropTypeViews/viewCropTypeForm', [...])
 9 APPPATH/Controllers/Admin/CropTypesController.php(116): App\Controllers\GoBaseController->displayForm('App\\Controllers\\Admin\\CropTypesController::add')
10 SYSTEMPATH/CodeIgniter.php(942): App\Controllers\Admin\CropTypesController->add()
11 SYSTEMPATH/CodeIgniter.php(502): CodeIgniter\CodeIgniter->runController(Object(App\Controllers\Admin\CropTypesController))
12 SYSTEMPATH/CodeIgniter.php(361): CodeIgniter\CodeIgniter->handleRequest(null, Object(Config\Cache), false)
13 FCPATH/index.php(79): CodeIgniter\CodeIgniter->run()
14 SYSTEMPATH/Commands/Server/rewrite.php(47): require_once('/Users/tonypeter/Downloads/MMMFret/public/index.php')
INFO - 2023-12-15 08:55:56 --> Session: Class initialized using 'CodeIgniter\Session\Handlers\FileHandler' driver.
INFO - 2023-12-15 08:55:58 --> Session: Class initialized using 'CodeIgniter\Session\Handlers\FileHandler' driver.
INFO - 2023-12-15 08:56:00 --> Session: Class initialized using 'CodeIgniter\Session\Handlers\FileHandler' driver.
CRITICAL - 2023-12-15 08:56:00 --> Class "App\Libraries\DateTimeLocation" not found
in APPPATH/Views/admin/cropTypeViews/_cropTypeFormItems.php on line 5.
 1 SYSTEMPATH/View/View.php(228): include()
 2 SYSTEMPATH/View/View.php(231): CodeIgniter\View\View->CodeIgniter\View\{closure}()
 3 SYSTEMPATH/Common.php(1190): CodeIgniter\View\View->render('admin/cropTypeViews/_cropTypeFormItems', [], true)
 4 APPPATH/Views/admin/cropTypeViews/viewCropTypeForm.php(17): view('admin/cropTypeViews/_cropTypeFormItems')
 5 SYSTEMPATH/View/View.php(228): include('/Users/tonypeter/Downloads/MMMFret/app/Views/admin/cropTypeViews/viewCropTypeForm.php')
 6 SYSTEMPATH/View/View.php(231): CodeIgniter\View\View->CodeIgniter\View\{closure}()
 7 SYSTEMPATH/Common.php(1190): CodeIgniter\View\View->render('admin/cropTypeViews/viewCropTypeForm', [], true)
 8 APPPATH/Controllers/GoBaseController.php(277): view('admin/cropTypeViews/viewCropTypeForm', [...])
 9 APPPATH/Controllers/Admin/CropTypesController.php(116): App\Controllers\GoBaseController->displayForm('App\\Controllers\\Admin\\CropTypesController::add')
10 SYSTEMPATH/CodeIgniter.php(942): App\Controllers\Admin\CropTypesController->add()
11 SYSTEMPATH/CodeIgniter.php(502): CodeIgniter\CodeIgniter->runController(Object(App\Controllers\Admin\CropTypesController))
12 SYSTEMPATH/CodeIgniter.php(361): CodeIgniter\CodeIgniter->handleRequest(null, Object(Config\Cache), false)
13 FCPATH/index.php(79): CodeIgniter\CodeIgniter->run()
14 SYSTEMPATH/Commands/Server/rewrite.php(47): require_once('/Users/tonypeter/Downloads/MMMFret/public/index.php')
INFO - 2023-12-15 08:56:33 --> Session: Class initialized using 'CodeIgniter\Session\Handlers\FileHandler' driver.
CRITICAL - 2023-12-15 08:56:33 --> Undefined variable $isAustralianUser
in APPPATH/Views/admin/cropTypeViews/_cropTypeFormItems.php on line 25.
 1 APPPATH/Views/admin/cropTypeViews/_cropTypeFormItems.php(25): CodeIgniter\Debug\Exceptions->errorHandler(2, 'Undefined variable $isAustralianUser', '/Users/tonypeter/Downloads/MMMFret/app/Views/admin/cropTypeViews/_cropTypeFormItems.php', 25)
 2 SYSTEMPATH/View/View.php(228): include('/Users/tonypeter/Downloads/MMMFret/app/Views/admin/cropTypeViews/_cropTypeFormItems.php')
 3 SYSTEMPATH/View/View.php(231): CodeIgniter\View\View->CodeIgniter\View\{closure}()
 4 SYSTEMPATH/Common.php(1190): CodeIgniter\View\View->render('admin/cropTypeViews/_cropTypeFormItems', [], true)
 5 APPPATH/Views/admin/cropTypeViews/viewCropTypeForm.php(17): view('admin/cropTypeViews/_cropTypeFormItems')
 6 SYSTEMPATH/View/View.php(228): include('/Users/tonypeter/Downloads/MMMFret/app/Views/admin/cropTypeViews/viewCropTypeForm.php')
 7 SYSTEMPATH/View/View.php(231): CodeIgniter\View\View->CodeIgniter\View\{closure}()
 8 SYSTEMPATH/Common.php(1190): CodeIgniter\View\View->render('admin/cropTypeViews/viewCropTypeForm', [], true)
 9 APPPATH/Controllers/GoBaseController.php(277): view('admin/cropTypeViews/viewCropTypeForm', [...])
10 APPPATH/Controllers/Admin/CropTypesController.php(116): App\Controllers\GoBaseController->displayForm('App\\Controllers\\Admin\\CropTypesController::add')
11 SYSTEMPATH/CodeIgniter.php(942): App\Controllers\Admin\CropTypesController->add()
12 SYSTEMPATH/CodeIgniter.php(502): CodeIgniter\CodeIgniter->runController(Object(App\Controllers\Admin\CropTypesController))
13 SYSTEMPATH/CodeIgniter.php(361): CodeIgniter\CodeIgniter->handleRequest(null, Object(Config\Cache), false)
14 FCPATH/index.php(79): CodeIgniter\CodeIgniter->run()
15 SYSTEMPATH/Commands/Server/rewrite.php(47): require_once('/Users/tonypeter/Downloads/MMMFret/public/index.php')
INFO - 2023-12-15 08:57:15 --> Session: Class initialized using 'CodeIgniter\Session\Handlers\FileHandler' driver.
INFO - 2023-12-15 08:57:52 --> Session: Class initialized using 'CodeIgniter\Session\Handlers\FileHandler' driver.
INFO - 2023-12-15 08:57:54 --> Session: Class initialized using 'CodeIgniter\Session\Handlers\FileHandler' driver.
INFO - 2023-12-15 08:57:56 --> Session: Class initialized using 'CodeIgniter\Session\Handlers\FileHandler' driver.
INFO - 2023-12-15 08:57:56 --> Session: Class initialized using 'CodeIgniter\Session\Handlers\FileHandler' driver.
INFO - 2023-12-15 08:57:58 --> Session: Class initialized using 'CodeIgniter\Session\Handlers\FileHandler' driver.
INFO - 2023-12-15 08:58:53 --> Session: Class initialized using 'CodeIgniter\Session\Handlers\FileHandler' driver.
INFO - 2023-12-15 08:59:07 --> Session: Class initialized using 'CodeIgniter\Session\Handlers\FileHandler' driver.
INFO - 2023-12-15 08:59:09 --> Session: Class initialized using 'CodeIgniter\Session\Handlers\FileHandler' driver.
INFO - 2023-12-15 08:59:11 --> Session: Class initialized using 'CodeIgniter\Session\Handlers\FileHandler' driver.
INFO - 2023-12-15 08:59:39 --> Session: Class initialized using 'CodeIgniter\Session\Handlers\FileHandler' driver.
CRITICAL - 2023-12-15 08:59:39 --> Undefined variable $isAustralianUser
in APPPATH/Views/admin/cropTypeViews/_cropTypeFormItems.php on line 24.
 1 APPPATH/Views/admin/cropTypeViews/_cropTypeFormItems.php(24): CodeIgniter\Debug\Exceptions->errorHandler(2, 'Undefined variable $isAustralianUser', '/Users/tonypeter/Downloads/MMMFret/app/Views/admin/cropTypeViews/_cropTypeFormItems.php', 24)
 2 SYSTEMPATH/View/View.php(228): include('/Users/tonypeter/Downloads/MMMFret/app/Views/admin/cropTypeViews/_cropTypeFormItems.php')
 3 SYSTEMPATH/View/View.php(231): CodeIgniter\View\View->CodeIgniter\View\{closure}()
 4 SYSTEMPATH/Common.php(1190): CodeIgniter\View\View->render('admin/cropTypeViews/_cropTypeFormItems', [], true)
 5 APPPATH/Views/admin/cropTypeViews/viewCropTypeForm.php(17): view('admin/cropTypeViews/_cropTypeFormItems')
 6 SYSTEMPATH/View/View.php(228): include('/Users/tonypeter/Downloads/MMMFret/app/Views/admin/cropTypeViews/viewCropTypeForm.php')
 7 SYSTEMPATH/View/View.php(231): CodeIgniter\View\View->CodeIgniter\View\{closure}()
 8 SYSTEMPATH/Common.php(1190): CodeIgniter\View\View->render('admin/cropTypeViews/viewCropTypeForm', [], true)
 9 APPPATH/Controllers/GoBaseController.php(277): view('admin/cropTypeViews/viewCropTypeForm', [...])
10 APPPATH/Controllers/Admin/CropTypesController.php(199): App\Controllers\GoBaseController->displayForm('App\\Controllers\\Admin\\CropTypesController::edit', '1')
11 SYSTEMPATH/CodeIgniter.php(942): App\Controllers\Admin\CropTypesController->edit('1')
12 SYSTEMPATH/CodeIgniter.php(502): CodeIgniter\CodeIgniter->runController(Object(App\Controllers\Admin\CropTypesController))
13 SYSTEMPATH/CodeIgniter.php(361): CodeIgniter\CodeIgniter->handleRequest(null, Object(Config\Cache), false)
14 FCPATH/index.php(79): CodeIgniter\CodeIgniter->run()
15 SYSTEMPATH/Commands/Server/rewrite.php(47): require_once('/Users/tonypeter/Downloads/MMMFret/public/index.php')
INFO - 2023-12-15 09:01:23 --> Session: Class initialized using 'CodeIgniter\Session\Handlers\FileHandler' driver.
INFO - 2023-12-15 09:01:26 --> Session: Class initialized using 'CodeIgniter\Session\Handlers\FileHandler' driver.
INFO - 2023-12-15 09:01:28 --> Session: Class initialized using 'CodeIgniter\Session\Handlers\FileHandler' driver.
INFO - 2023-12-15 09:01:40 --> CSRF token verified.
INFO - 2023-12-15 09:01:40 --> Session: Class initialized using 'CodeIgniter\Session\Handlers\FileHandler' driver.
INFO - 2023-12-15 09:01:40 --> Session: Class initialized using 'CodeIgniter\Session\Handlers\FileHandler' driver.
INFO - 2023-12-15 09:01:47 --> Session: Class initialized using 'CodeIgniter\Session\Handlers\FileHandler' driver.
ERROR - 2023-12-15 09:01:47 --> 0 
INFO - 2023-12-15 09:01:47 --> Session: Class initialized using 'CodeIgniter\Session\Handlers\FileHandler' driver.
INFO - 2023-12-15 09:03:26 --> Session: Class initialized using 'CodeIgniter\Session\Handlers\FileHandler' driver.
INFO - 2023-12-15 09:03:28 --> Session: Class initialized using 'CodeIgniter\Session\Handlers\FileHandler' driver.
INFO - 2023-12-15 09:03:38 --> CSRF token verified.
INFO - 2023-12-15 09:03:38 --> Session: Class initialized using 'CodeIgniter\Session\Handlers\FileHandler' driver.
INFO - 2023-12-15 09:03:38 --> Session: Class initialized using 'CodeIgniter\Session\Handlers\FileHandler' driver.
INFO - 2023-12-15 09:03:40 --> Session: Class initialized using 'CodeIgniter\Session\Handlers\FileHandler' driver.
INFO - 2023-12-15 09:05:52 --> Session: Class initialized using 'CodeIgniter\Session\Handlers\FileHandler' driver.
INFO - 2023-12-15 09:05:54 --> Session: Class initialized using 'CodeIgniter\Session\Handlers\FileHandler' driver.
INFO - 2023-12-15 09:06:00 --> CSRF token verified.
INFO - 2023-12-15 09:06:00 --> Session: Class initialized using 'CodeIgniter\Session\Handlers\FileHandler' driver.
CRITICAL - 2023-12-15 09:06:00 --> Failed to parse time string (15/12/2023 20:05:54) at position 0 (1): Unexpected character
in SYSTEMPATH/I18n/TimeTrait.php on line 101.
 1 SYSTEMPATH/I18n/TimeTrait.php(101): DateTimeImmutable->__construct('15/12/2023 20:05:54', Object(DateTimeZone))
 2 SYSTEMPATH/I18n/TimeTrait.php(132): CodeIgniter\I18n\Time->__construct('15/12/2023 20:05:54', 'UTC', null)
 3 SYSTEMPATH/Entity/Cast/DatetimeCast.php(45): CodeIgniter\I18n\Time::parse('15/12/2023 20:05:54')
 4 SYSTEMPATH/Entity/Entity.php(346): CodeIgniter\Entity\Cast\DatetimeCast::get('15/12/2023 20:05:54')
 5 SYSTEMPATH/Entity/Entity.php(466): CodeIgniter\Entity\Entity->mutateDate('15/12/2023 20:05:54')
 6 SYSTEMPATH/Entity/Entity.php(152): CodeIgniter\Entity\Entity->__set('created_at', '15/12/2023 20:05:54')
 7 SYSTEMPATH/Entity/Entity.php(133): CodeIgniter\Entity\Entity->fill([...])
 8 APPPATH/Controllers/Admin/CropTypesController.php(109): CodeIgniter\Entity\Entity->__construct([...])
 9 SYSTEMPATH/CodeIgniter.php(942): App\Controllers\Admin\CropTypesController->add()
10 SYSTEMPATH/CodeIgniter.php(502): CodeIgniter\CodeIgniter->runController(Object(App\Controllers\Admin\CropTypesController))
11 SYSTEMPATH/CodeIgniter.php(361): CodeIgniter\CodeIgniter->handleRequest(null, Object(Config\Cache), false)
12 FCPATH/index.php(79): CodeIgniter\CodeIgniter->run()
13 SYSTEMPATH/Commands/Server/rewrite.php(47): require_once('/Users/tonypeter/Downloads/MMMFret/public/index.php')
INFO - 2023-12-15 09:06:35 --> Session: Class initialized using 'CodeIgniter\Session\Handlers\FileHandler' driver.
INFO - 2023-12-15 09:06:37 --> Session: Class initialized using 'CodeIgniter\Session\Handlers\FileHandler' driver.
INFO - 2023-12-15 09:06:38 --> Session: Class initialized using 'CodeIgniter\Session\Handlers\FileHandler' driver.
INFO - 2023-12-15 09:06:43 --> CSRF token verified.
INFO - 2023-12-15 09:06:43 --> Session: Class initialized using 'CodeIgniter\Session\Handlers\FileHandler' driver.
CRITICAL - 2023-12-15 09:06:43 --> Failed to parse time string (15/12/2023 20:06:38) at position 0 (1): Unexpected character
in SYSTEMPATH/I18n/TimeTrait.php on line 101.
 1 SYSTEMPATH/I18n/TimeTrait.php(101): DateTimeImmutable->__construct('15/12/2023 20:06:38', Object(DateTimeZone))
 2 SYSTEMPATH/I18n/TimeTrait.php(132): CodeIgniter\I18n\Time->__construct('15/12/2023 20:06:38', 'UTC', null)
 3 SYSTEMPATH/Entity/Cast/DatetimeCast.php(45): CodeIgniter\I18n\Time::parse('15/12/2023 20:06:38')
 4 SYSTEMPATH/Entity/Entity.php(346): CodeIgniter\Entity\Cast\DatetimeCast::get('15/12/2023 20:06:38')
 5 SYSTEMPATH/Entity/Entity.php(466): CodeIgniter\Entity\Entity->mutateDate('15/12/2023 20:06:38')
 6 SYSTEMPATH/Entity/Entity.php(152): CodeIgniter\Entity\Entity->__set('created_at', '15/12/2023 20:06:38')
 7 SYSTEMPATH/Entity/Entity.php(133): CodeIgniter\Entity\Entity->fill([...])
 8 APPPATH/Controllers/Admin/CropTypesController.php(109): CodeIgniter\Entity\Entity->__construct([...])
 9 SYSTEMPATH/CodeIgniter.php(942): App\Controllers\Admin\CropTypesController->add()
10 SYSTEMPATH/CodeIgniter.php(502): CodeIgniter\CodeIgniter->runController(Object(App\Controllers\Admin\CropTypesController))
11 SYSTEMPATH/CodeIgniter.php(361): CodeIgniter\CodeIgniter->handleRequest(null, Object(Config\Cache), false)
12 FCPATH/index.php(79): CodeIgniter\CodeIgniter->run()
13 SYSTEMPATH/Commands/Server/rewrite.php(47): require_once('/Users/tonypeter/Downloads/MMMFret/public/index.php')
INFO - 2023-12-15 09:11:42 --> Session: Class initialized using 'CodeIgniter\Session\Handlers\FileHandler' driver.
CRITICAL - 2023-12-15 09:11:42 --> Class "Time" not found
in APPPATH/Views/admin/cropTypeViews/_cropTypeFormItems.php on line 29.
 1 SYSTEMPATH/View/View.php(228): include()
 2 SYSTEMPATH/View/View.php(231): CodeIgniter\View\View->CodeIgniter\View\{closure}()
 3 SYSTEMPATH/Common.php(1190): CodeIgniter\View\View->render('admin/cropTypeViews/_cropTypeFormItems', [], true)
 4 APPPATH/Views/admin/cropTypeViews/viewCropTypeForm.php(17): view('admin/cropTypeViews/_cropTypeFormItems')
 5 SYSTEMPATH/View/View.php(228): include('/Users/tonypeter/Downloads/MMMFret/app/Views/admin/cropTypeViews/viewCropTypeForm.php')
 6 SYSTEMPATH/View/View.php(231): CodeIgniter\View\View->CodeIgniter\View\{closure}()
 7 SYSTEMPATH/Common.php(1190): CodeIgniter\View\View->render('admin/cropTypeViews/viewCropTypeForm', [], true)
 8 APPPATH/Controllers/GoBaseController.php(277): view('admin/cropTypeViews/viewCropTypeForm', [...])
 9 APPPATH/Controllers/Admin/CropTypesController.php(116): App\Controllers\GoBaseController->displayForm('App\\Controllers\\Admin\\CropTypesController::add')
10 SYSTEMPATH/CodeIgniter.php(942): App\Controllers\Admin\CropTypesController->add()
11 SYSTEMPATH/CodeIgniter.php(502): CodeIgniter\CodeIgniter->runController(Object(App\Controllers\Admin\CropTypesController))
12 SYSTEMPATH/CodeIgniter.php(361): CodeIgniter\CodeIgniter->handleRequest(null, Object(Config\Cache), false)
13 FCPATH/index.php(79): CodeIgniter\CodeIgniter->run()
14 SYSTEMPATH/Commands/Server/rewrite.php(47): require_once('/Users/tonypeter/Downloads/MMMFret/public/index.php')
INFO - 2023-12-15 09:11:43 --> Session: Class initialized using 'CodeIgniter\Session\Handlers\FileHandler' driver.
INFO - 2023-12-15 09:11:44 --> Session: Class initialized using 'CodeIgniter\Session\Handlers\FileHandler' driver.
INFO - 2023-12-15 09:11:46 --> Session: Class initialized using 'CodeIgniter\Session\Handlers\FileHandler' driver.
CRITICAL - 2023-12-15 09:11:46 --> Class "Time" not found
in APPPATH/Views/admin/cropTypeViews/_cropTypeFormItems.php on line 29.
 1 SYSTEMPATH/View/View.php(228): include()
 2 SYSTEMPATH/View/View.php(231): CodeIgniter\View\View->CodeIgniter\View\{closure}()
 3 SYSTEMPATH/Common.php(1190): CodeIgniter\View\View->render('admin/cropTypeViews/_cropTypeFormItems', [], true)
 4 APPPATH/Views/admin/cropTypeViews/viewCropTypeForm.php(17): view('admin/cropTypeViews/_cropTypeFormItems')
 5 SYSTEMPATH/View/View.php(228): include('/Users/tonypeter/Downloads/MMMFret/app/Views/admin/cropTypeViews/viewCropTypeForm.php')
 6 SYSTEMPATH/View/View.php(231): CodeIgniter\View\View->CodeIgniter\View\{closure}()
 7 SYSTEMPATH/Common.php(1190): CodeIgniter\View\View->render('admin/cropTypeViews/viewCropTypeForm', [], true)
 8 APPPATH/Controllers/GoBaseController.php(277): view('admin/cropTypeViews/viewCropTypeForm', [...])
 9 APPPATH/Controllers/Admin/CropTypesController.php(116): App\Controllers\GoBaseController->displayForm('App\\Controllers\\Admin\\CropTypesController::add')
10 SYSTEMPATH/CodeIgniter.php(942): App\Controllers\Admin\CropTypesController->add()
11 SYSTEMPATH/CodeIgniter.php(502): CodeIgniter\CodeIgniter->runController(Object(App\Controllers\Admin\CropTypesController))
12 SYSTEMPATH/CodeIgniter.php(361): CodeIgniter\CodeIgniter->handleRequest(null, Object(Config\Cache), false)
13 FCPATH/index.php(79): CodeIgniter\CodeIgniter->run()
14 SYSTEMPATH/Commands/Server/rewrite.php(47): require_once('/Users/tonypeter/Downloads/MMMFret/public/index.php')
INFO - 2023-12-15 09:12:46 --> Session: Class initialized using 'CodeIgniter\Session\Handlers\FileHandler' driver.
INFO - 2023-12-15 09:18:39 --> Session: Class initialized using 'CodeIgniter\Session\Handlers\FileHandler' driver.
INFO - 2023-12-15 09:18:40 --> Session: Class initialized using 'CodeIgniter\Session\Handlers\FileHandler' driver.
INFO - 2023-12-15 09:18:41 --> Session: Class initialized using 'CodeIgniter\Session\Handlers\FileHandler' driver.
CRITICAL - 2023-12-15 09:18:41 --> Class "Time" not found
in APPPATH/Views/admin/cropTypeViews/_cropTypeFormItems.php on line 29.
 1 SYSTEMPATH/View/View.php(228): include()
 2 SYSTEMPATH/View/View.php(231): CodeIgniter\View\View->CodeIgniter\View\{closure}()
 3 SYSTEMPATH/Common.php(1190): CodeIgniter\View\View->render('admin/cropTypeViews/_cropTypeFormItems', [], true)
 4 APPPATH/Views/admin/cropTypeViews/viewCropTypeForm.php(17): view('admin/cropTypeViews/_cropTypeFormItems')
 5 SYSTEMPATH/View/View.php(228): include('/Users/tonypeter/Downloads/MMMFret/app/Views/admin/cropTypeViews/viewCropTypeForm.php')
 6 SYSTEMPATH/View/View.php(231): CodeIgniter\View\View->CodeIgniter\View\{closure}()
 7 SYSTEMPATH/Common.php(1190): CodeIgniter\View\View->render('admin/cropTypeViews/viewCropTypeForm', [], true)
 8 APPPATH/Controllers/GoBaseController.php(277): view('admin/cropTypeViews/viewCropTypeForm', [...])
 9 APPPATH/Controllers/Admin/CropTypesController.php(116): App\Controllers\GoBaseController->displayForm('App\\Controllers\\Admin\\CropTypesController::add')
10 SYSTEMPATH/CodeIgniter.php(942): App\Controllers\Admin\CropTypesController->add()
11 SYSTEMPATH/CodeIgniter.php(502): CodeIgniter\CodeIgniter->runController(Object(App\Controllers\Admin\CropTypesController))
12 SYSTEMPATH/CodeIgniter.php(361): CodeIgniter\CodeIgniter->handleRequest(null, Object(Config\Cache), false)
13 FCPATH/index.php(79): CodeIgniter\CodeIgniter->run()
14 SYSTEMPATH/Commands/Server/rewrite.php(47): require_once('/Users/tonypeter/Downloads/MMMFret/public/index.php')
INFO - 2023-12-15 09:19:01 --> Session: Class initialized using 'CodeIgniter\Session\Handlers\FileHandler' driver.
INFO - 2023-12-15 09:19:04 --> Session: Class initialized using 'CodeIgniter\Session\Handlers\FileHandler' driver.
INFO - 2023-12-15 09:19:08 --> Session: Class initialized using 'CodeIgniter\Session\Handlers\FileHandler' driver.
INFO - 2023-12-15 09:19:10 --> Session: Class initialized using 'CodeIgniter\Session\Handlers\FileHandler' driver.
INFO - 2023-12-15 09:19:23 --> Session: Class initialized using 'CodeIgniter\Session\Handlers\FileHandler' driver.
INFO - 2023-12-15 09:19:24 --> Session: Class initialized using 'CodeIgniter\Session\Handlers\FileHandler' driver.
INFO - 2023-12-15 09:19:55 --> Session: Class initialized using 'CodeIgniter\Session\Handlers\FileHandler' driver.
INFO - 2023-12-15 09:20:27 --> Session: Class initialized using 'CodeIgniter\Session\Handlers\FileHandler' driver.
INFO - 2023-12-15 09:20:28 --> Session: Class initialized using 'CodeIgniter\Session\Handlers\FileHandler' driver.
INFO - 2023-12-15 09:20:29 --> Session: Class initialized using 'CodeIgniter\Session\Handlers\FileHandler' driver.
INFO - 2023-12-15 09:22:08 --> Session: Class initialized using 'CodeIgniter\Session\Handlers\FileHandler' driver.
INFO - 2023-12-15 09:22:09 --> Session: Class initialized using 'CodeIgniter\Session\Handlers\FileHandler' driver.
INFO - 2023-12-15 09:22:11 --> Session: Class initialized using 'CodeIgniter\Session\Handlers\FileHandler' driver.
INFO - 2023-12-15 09:25:11 --> Session: Class initialized using 'CodeIgniter\Session\Handlers\FileHandler' driver.
INFO - 2023-12-15 09:25:13 --> Session: Class initialized using 'CodeIgniter\Session\Handlers\FileHandler' driver.
INFO - 2023-12-15 09:25:17 --> Session: Class initialized using 'CodeIgniter\Session\Handlers\FileHandler' driver.
INFO - 2023-12-15 09:25:18 --> Session: Class initialized using 'CodeIgniter\Session\Handlers\FileHandler' driver.
INFO - 2023-12-15 09:26:17 --> Session: Class initialized using 'CodeIgniter\Session\Handlers\FileHandler' driver.
INFO - 2023-12-15 09:26:17 --> Session: Class initialized using 'CodeIgniter\Session\Handlers\FileHandler' driver.
INFO - 2023-12-15 09:26:19 --> Session: Class initialized using 'CodeIgniter\Session\Handlers\FileHandler' driver.
INFO - 2023-12-15 09:26:24 --> Session: Class initialized using 'CodeIgniter\Session\Handlers\FileHandler' driver.
INFO - 2023-12-15 09:26:27 --> Session: Class initialized using 'CodeIgniter\Session\Handlers\FileHandler' driver.
INFO - 2023-12-15 09:26:40 --> Session: Class initialized using 'CodeIgniter\Session\Handlers\FileHandler' driver.
INFO - 2023-12-15 09:26:41 --> Session: Class initialized using 'CodeIgniter\Session\Handlers\FileHandler' driver.
INFO - 2023-12-15 09:28:03 --> Session: Class initialized using 'CodeIgniter\Session\Handlers\FileHandler' driver.
INFO - 2023-12-15 09:28:04 --> Session: Class initialized using 'CodeIgniter\Session\Handlers\FileHandler' driver.
INFO - 2023-12-15 09:30:12 --> Session: Class initialized using 'CodeIgniter\Session\Handlers\FileHandler' driver.
INFO - 2023-12-15 09:30:15 --> Session: Class initialized using 'CodeIgniter\Session\Handlers\FileHandler' driver.
INFO - 2023-12-15 09:30:19 --> Session: Class initialized using 'CodeIgniter\Session\Handlers\FileHandler' driver.
INFO - 2023-12-15 09:30:20 --> Session: Class initialized using 'CodeIgniter\Session\Handlers\FileHandler' driver.
INFO - 2023-12-15 10:52:43 --> Session: Class initialized using 'CodeIgniter\Session\Handlers\FileHandler' driver.
INFO - 2023-12-15 10:52:46 --> Session: Class initialized using 'CodeIgniter\Session\Handlers\FileHandler' driver.
INFO - 2023-12-15 10:53:14 --> Session: Class initialized using 'CodeIgniter\Session\Handlers\FileHandler' driver.
INFO - 2023-12-15 10:57:51 --> Session: Class initialized using 'CodeIgniter\Session\Handlers\FileHandler' driver.
INFO - 2023-12-15 10:58:05 --> CSRF token verified.
INFO - 2023-12-15 10:58:05 --> Session: Class initialized using 'CodeIgniter\Session\Handlers\FileHandler' driver.
INFO - 2023-12-15 10:58:05 --> Session: Class initialized using 'CodeIgniter\Session\Handlers\FileHandler' driver.
INFO - 2023-12-15 10:58:08 --> Session: Class initialized using 'CodeIgniter\Session\Handlers\FileHandler' driver.
INFO - 2023-12-15 10:58:52 --> Session: Class initialized using 'CodeIgniter\Session\Handlers\FileHandler' driver.
INFO - 2023-12-15 10:58:55 --> Session: Class initialized using 'CodeIgniter\Session\Handlers\FileHandler' driver.
INFO - 2023-12-15 10:58:59 --> Session: Class initialized using 'CodeIgniter\Session\Handlers\FileHandler' driver.
INFO - 2023-12-15 10:59:01 --> Session: Class initialized using 'CodeIgniter\Session\Handlers\FileHandler' driver.
INFO - 2023-12-15 10:59:10 --> Session: Class initialized using 'CodeIgniter\Session\Handlers\FileHandler' driver.
INFO - 2023-12-15 10:59:13 --> Session: Class initialized using 'CodeIgniter\Session\Handlers\FileHandler' driver.
INFO - 2023-12-15 11:00:22 --> Session: Class initialized using 'CodeIgniter\Session\Handlers\FileHandler' driver.
INFO - 2023-12-15 11:00:23 --> Session: Class initialized using 'CodeIgniter\Session\Handlers\FileHandler' driver.
INFO - 2023-12-15 11:01:24 --> Session: Class initialized using 'CodeIgniter\Session\Handlers\FileHandler' driver.
INFO - 2023-12-15 11:01:26 --> Session: Class initialized using 'CodeIgniter\Session\Handlers\FileHandler' driver.
INFO - 2023-12-15 11:01:56 --> Session: Class initialized using 'CodeIgniter\Session\Handlers\FileHandler' driver.
INFO - 2023-12-15 11:02:00 --> Session: Class initialized using 'CodeIgniter\Session\Handlers\FileHandler' driver.
INFO - 2023-12-15 11:02:14 --> Session: Class initialized using 'CodeIgniter\Session\Handlers\FileHandler' driver.
INFO - 2023-12-15 11:02:16 --> Session: Class initialized using 'CodeIgniter\Session\Handlers\FileHandler' driver.
INFO - 2023-12-15 11:04:30 --> Session: Class initialized using 'CodeIgniter\Session\Handlers\FileHandler' driver.
INFO - 2023-12-15 11:04:31 --> Session: Class initialized using 'CodeIgniter\Session\Handlers\FileHandler' driver.
INFO - 2023-12-15 11:04:33 --> Session: Class initialized using 'CodeIgniter\Session\Handlers\FileHandler' driver.
INFO - 2023-12-15 11:04:39 --> Session: Class initialized using 'CodeIgniter\Session\Handlers\FileHandler' driver.
INFO - 2023-12-15 11:04:42 --> Session: Class initialized using 'CodeIgniter\Session\Handlers\FileHandler' driver.
INFO - 2023-12-15 11:04:47 --> Session: Class initialized using 'CodeIgniter\Session\Handlers\FileHandler' driver.
INFO - 2023-12-15 11:04:49 --> Session: Class initialized using 'CodeIgniter\Session\Handlers\FileHandler' driver.
INFO - 2023-12-15 11:05:55 --> Session: Class initialized using 'CodeIgniter\Session\Handlers\FileHandler' driver.
INFO - 2023-12-15 11:05:58 --> Session: Class initialized using 'CodeIgniter\Session\Handlers\FileHandler' driver.
INFO - 2023-12-15 11:06:04 --> Session: Class initialized using 'CodeIgniter\Session\Handlers\FileHandler' driver.
INFO - 2023-12-15 11:06:58 --> Session: Class initialized using 'CodeIgniter\Session\Handlers\FileHandler' driver.
INFO - 2023-12-15 11:07:10 --> Session: Class initialized using 'CodeIgniter\Session\Handlers\FileHandler' driver.
INFO - 2023-12-15 11:07:13 --> Session: Class initialized using 'CodeIgniter\Session\Handlers\FileHandler' driver.
INFO - 2023-12-15 11:21:24 --> Session: Class initialized using 'CodeIgniter\Session\Handlers\FileHandler' driver.
INFO - 2023-12-15 11:21:29 --> Session: Class initialized using 'CodeIgniter\Session\Handlers\FileHandler' driver.
INFO - 2023-12-15 11:21:40 --> Session: Class initialized using 'CodeIgniter\Session\Handlers\FileHandler' driver.
INFO - 2023-12-15 11:21:42 --> Session: Class initialized using 'CodeIgniter\Session\Handlers\FileHandler' driver.
INFO - 2023-12-15 11:22:13 --> Session: Class initialized using 'CodeIgniter\Session\Handlers\FileHandler' driver.
INFO - 2023-12-15 11:22:14 --> Session: Class initialized using 'CodeIgniter\Session\Handlers\FileHandler' driver.
INFO - 2023-12-15 11:34:34 --> Session: Class initialized using 'CodeIgniter\Session\Handlers\FileHandler' driver.
INFO - 2023-12-15 11:34:35 --> Session: Class initialized using 'CodeIgniter\Session\Handlers\FileHandler' driver.
INFO - 2023-12-15 11:34:36 --> Session: Class initialized using 'CodeIgniter\Session\Handlers\FileHandler' driver.
INFO - 2023-12-15 11:34:38 --> Session: Class initialized using 'CodeIgniter\Session\Handlers\FileHandler' driver.
INFO - 2023-12-15 11:34:44 --> Session: Class initialized using 'CodeIgniter\Session\Handlers\FileHandler' driver.
INFO - 2023-12-15 11:43:02 --> Session: Class initialized using 'CodeIgniter\Session\Handlers\FileHandler' driver.
INFO - 2023-12-15 11:43:02 --> Session: Class initialized using 'CodeIgniter\Session\Handlers\FileHandler' driver.
CRITICAL - 2023-12-15 11:43:03 --> Cannot use App\Controllers\BaseController as BaseController because the name is already in use
in APPPATH/Controllers/Admin/CropTypesController.php on line 8.
 1 [internal function]: CodeIgniter\Debug\Exceptions->shutdownHandler()
INFO - 2023-12-15 11:43:41 --> Session: Class initialized using 'CodeIgniter\Session\Handlers\FileHandler' driver.
INFO - 2023-12-15 11:43:43 --> Session: Class initialized using 'CodeIgniter\Session\Handlers\FileHandler' driver.
INFO - 2023-12-15 11:43:44 --> Session: Class initialized using 'CodeIgniter\Session\Handlers\FileHandler' driver.
INFO - 2023-12-15 11:43:46 --> Session: Class initialized using 'CodeIgniter\Session\Handlers\FileHandler' driver.
INFO - 2023-12-15 11:43:49 --> Session: Class initialized using 'CodeIgniter\Session\Handlers\FileHandler' driver.
INFO - 2023-12-15 23:44:08 --> Session: Class initialized using 'CodeIgniter\Session\Handlers\FileHandler' driver.
INFO - 2023-12-15 23:44:11 --> Session: Class initialized using 'CodeIgniter\Session\Handlers\FileHandler' driver.
INFO - 2023-12-15 23:44:11 --> Session: Class initialized using 'CodeIgniter\Session\Handlers\FileHandler' driver.
INFO - 2023-12-15 23:44:28 --> CSRF token verified.
INFO - 2023-12-15 23:44:28 --> Session: Class initialized using 'CodeIgniter\Session\Handlers\FileHandler' driver.
INFO - 2023-12-15 23:44:28 --> Session: Class initialized using 'CodeIgniter\Session\Handlers\FileHandler' driver.
INFO - 2023-12-15 23:44:30 --> Session: Class initialized using 'CodeIgniter\Session\Handlers\FileHandler' driver.
INFO - 2023-12-15 23:44:34 --> Session: Class initialized using 'CodeIgniter\Session\Handlers\FileHandler' driver.
INFO - 2023-12-15 23:44:43 --> Session: Class initialized using 'CodeIgniter\Session\Handlers\FileHandler' driver.
INFO - 2023-12-15 23:44:45 --> Session: Class initialized using 'CodeIgniter\Session\Handlers\FileHandler' driver.
INFO - 2023-12-15 23:46:04 --> Session: Class initialized using 'CodeIgniter\Session\Handlers\FileHandler' driver.
INFO - 2023-12-15 23:46:05 --> Session: Class initialized using 'CodeIgniter\Session\Handlers\FileHandler' driver.
INFO - 2023-12-15 23:46:06 --> Session: Class initialized using 'CodeIgniter\Session\Handlers\FileHandler' driver.
CRITICAL - 2023-12-15 23:46:06 --> Undefined property: CodeIgniter\View\View::$timezoneHandler
in APPPATH/Views/admin/cropTypeViews/_cropTypeFormItems.php on line 23.
 1 APPPATH/Views/admin/cropTypeViews/_cropTypeFormItems.php(23): CodeIgniter\Debug\Exceptions->errorHandler(2, 'Undefined property: CodeIgniter\\View\\View::$timezoneHandler', '/Users/tonypeter/Downloads/MMMFret/app/Views/admin/cropTypeViews/_cropTypeFormItems.php', 23)
 2 SYSTEMPATH/View/View.php(228): include('/Users/tonypeter/Downloads/MMMFret/app/Views/admin/cropTypeViews/_cropTypeFormItems.php')
 3 SYSTEMPATH/View/View.php(231): CodeIgniter\View\View->CodeIgniter\View\{closure}()
 4 SYSTEMPATH/Common.php(1190): CodeIgniter\View\View->render('admin/cropTypeViews/_cropTypeFormItems', [], true)
 5 APPPATH/Views/admin/cropTypeViews/viewCropTypeForm.php(16): view('admin/cropTypeViews/_cropTypeFormItems')
 6 SYSTEMPATH/View/View.php(228): include('/Users/tonypeter/Downloads/MMMFret/app/Views/admin/cropTypeViews/viewCropTypeForm.php')
 7 SYSTEMPATH/View/View.php(231): CodeIgniter\View\View->CodeIgniter\View\{closure}()
 8 SYSTEMPATH/Common.php(1190): CodeIgniter\View\View->render('admin/cropTypeViews/viewCropTypeForm', [], true)
 9 APPPATH/Controllers/GoBaseController.php(277): view('admin/cropTypeViews/viewCropTypeForm', [...])
10 APPPATH/Controllers/Admin/CropTypesController.php(141): App\Controllers\GoBaseController->displayForm('App\\Controllers\\Admin\\CropTypesController::add')
11 SYSTEMPATH/CodeIgniter.php(942): App\Controllers\Admin\CropTypesController->add()
12 SYSTEMPATH/CodeIgniter.php(502): CodeIgniter\CodeIgniter->runController(Object(App\Controllers\Admin\CropTypesController))
13 SYSTEMPATH/CodeIgniter.php(361): CodeIgniter\CodeIgniter->handleRequest(null, Object(Config\Cache), false)
14 FCPATH/index.php(79): CodeIgniter\CodeIgniter->run()
15 SYSTEMPATH/Commands/Server/rewrite.php(47): require_once('/Users/tonypeter/Downloads/MMMFret/public/index.php')
INFO - 2023-12-15 23:52:14 --> Session: Class initialized using 'CodeIgniter\Session\Handlers\FileHandler' driver.
CRITICAL - 2023-12-15 23:52:14 --> Undefined property: CodeIgniter\View\View::$timezoneHandler
in APPPATH/Views/admin/cropTypeViews/_cropTypeFormItems.php on line 23.
 1 APPPATH/Views/admin/cropTypeViews/_cropTypeFormItems.php(23): CodeIgniter\Debug\Exceptions->errorHandler(2, 'Undefined property: CodeIgniter\\View\\View::$timezoneHandler', '/Users/tonypeter/Downloads/MMMFret/app/Views/admin/cropTypeViews/_cropTypeFormItems.php', 23)
 2 SYSTEMPATH/View/View.php(228): include('/Users/tonypeter/Downloads/MMMFret/app/Views/admin/cropTypeViews/_cropTypeFormItems.php')
 3 SYSTEMPATH/View/View.php(231): CodeIgniter\View\View->CodeIgniter\View\{closure}()
 4 SYSTEMPATH/Common.php(1190): CodeIgniter\View\View->render('admin/cropTypeViews/_cropTypeFormItems', [], true)
 5 APPPATH/Views/admin/cropTypeViews/viewCropTypeForm.php(16): view('admin/cropTypeViews/_cropTypeFormItems')
 6 SYSTEMPATH/View/View.php(228): include('/Users/tonypeter/Downloads/MMMFret/app/Views/admin/cropTypeViews/viewCropTypeForm.php')
 7 SYSTEMPATH/View/View.php(231): CodeIgniter\View\View->CodeIgniter\View\{closure}()
 8 SYSTEMPATH/Common.php(1190): CodeIgniter\View\View->render('admin/cropTypeViews/viewCropTypeForm', [], true)
 9 APPPATH/Controllers/GoBaseController.php(277): view('admin/cropTypeViews/viewCropTypeForm', [...])
10 APPPATH/Controllers/Admin/CropTypesController.php(141): App\Controllers\GoBaseController->displayForm('App\\Controllers\\Admin\\CropTypesController::add')
11 SYSTEMPATH/CodeIgniter.php(942): App\Controllers\Admin\CropTypesController->add()
12 SYSTEMPATH/CodeIgniter.php(502): CodeIgniter\CodeIgniter->runController(Object(App\Controllers\Admin\CropTypesController))
13 SYSTEMPATH/CodeIgniter.php(361): CodeIgniter\CodeIgniter->handleRequest(null, Object(Config\Cache), false)
14 FCPATH/index.php(79): CodeIgniter\CodeIgniter->run()
15 SYSTEMPATH/Commands/Server/rewrite.php(47): require_once('/Users/tonypeter/Downloads/MMMFret/public/index.php')
INFO - 2023-12-15 23:52:22 --> Session: Class initialized using 'CodeIgniter\Session\Handlers\FileHandler' driver.
INFO - 2023-12-15 23:52:22 --> Session: Class initialized using 'CodeIgniter\Session\Handlers\FileHandler' driver.
INFO - 2023-12-15 23:52:24 --> Session: Class initialized using 'CodeIgniter\Session\Handlers\FileHandler' driver.
CRITICAL - 2023-12-15 23:52:24 --> Undefined property: CodeIgniter\View\View::$timezoneHandler
in APPPATH/Views/admin/cropTypeViews/_cropTypeFormItems.php on line 23.
 1 APPPATH/Views/admin/cropTypeViews/_cropTypeFormItems.php(23): CodeIgniter\Debug\Exceptions->errorHandler(2, 'Undefined property: CodeIgniter\\View\\View::$timezoneHandler', '/Users/tonypeter/Downloads/MMMFret/app/Views/admin/cropTypeViews/_cropTypeFormItems.php', 23)
 2 SYSTEMPATH/View/View.php(228): include('/Users/tonypeter/Downloads/MMMFret/app/Views/admin/cropTypeViews/_cropTypeFormItems.php')
 3 SYSTEMPATH/View/View.php(231): CodeIgniter\View\View->CodeIgniter\View\{closure}()
 4 SYSTEMPATH/Common.php(1190): CodeIgniter\View\View->render('admin/cropTypeViews/_cropTypeFormItems', [], true)
 5 APPPATH/Views/admin/cropTypeViews/viewCropTypeForm.php(16): view('admin/cropTypeViews/_cropTypeFormItems')
 6 SYSTEMPATH/View/View.php(228): include('/Users/tonypeter/Downloads/MMMFret/app/Views/admin/cropTypeViews/viewCropTypeForm.php')
 7 SYSTEMPATH/View/View.php(231): CodeIgniter\View\View->CodeIgniter\View\{closure}()
 8 SYSTEMPATH/Common.php(1190): CodeIgniter\View\View->render('admin/cropTypeViews/viewCropTypeForm', [], true)
 9 APPPATH/Controllers/GoBaseController.php(277): view('admin/cropTypeViews/viewCropTypeForm', [...])
10 APPPATH/Controllers/Admin/CropTypesController.php(141): App\Controllers\GoBaseController->displayForm('App\\Controllers\\Admin\\CropTypesController::add')
11 SYSTEMPATH/CodeIgniter.php(942): App\Controllers\Admin\CropTypesController->add()
12 SYSTEMPATH/CodeIgniter.php(502): CodeIgniter\CodeIgniter->runController(Object(App\Controllers\Admin\CropTypesController))
13 SYSTEMPATH/CodeIgniter.php(361): CodeIgniter\CodeIgniter->handleRequest(null, Object(Config\Cache), false)
14 FCPATH/index.php(79): CodeIgniter\CodeIgniter->run()
15 SYSTEMPATH/Commands/Server/rewrite.php(47): require_once('/Users/tonypeter/Downloads/MMMFret/public/index.php')
INFO - 2023-12-15 23:55:17 --> Session: Class initialized using 'CodeIgniter\Session\Handlers\FileHandler' driver.
CRITICAL - 2023-12-15 23:55:17 --> Undefined property: CodeIgniter\View\View::$timezoneHandler
in APPPATH/Views/admin/cropTypeViews/_cropTypeFormItems.php on line 23.
 1 APPPATH/Views/admin/cropTypeViews/_cropTypeFormItems.php(23): CodeIgniter\Debug\Exceptions->errorHandler(2, 'Undefined property: CodeIgniter\\View\\View::$timezoneHandler', '/Users/tonypeter/Downloads/MMMFret/app/Views/admin/cropTypeViews/_cropTypeFormItems.php', 23)
 2 SYSTEMPATH/View/View.php(228): include('/Users/tonypeter/Downloads/MMMFret/app/Views/admin/cropTypeViews/_cropTypeFormItems.php')
 3 SYSTEMPATH/View/View.php(231): CodeIgniter\View\View->CodeIgniter\View\{closure}()
 4 SYSTEMPATH/Common.php(1190): CodeIgniter\View\View->render('admin/cropTypeViews/_cropTypeFormItems', [], true)
 5 APPPATH/Views/admin/cropTypeViews/viewCropTypeForm.php(16): view('admin/cropTypeViews/_cropTypeFormItems')
 6 SYSTEMPATH/View/View.php(228): include('/Users/tonypeter/Downloads/MMMFret/app/Views/admin/cropTypeViews/viewCropTypeForm.php')
 7 SYSTEMPATH/View/View.php(231): CodeIgniter\View\View->CodeIgniter\View\{closure}()
 8 SYSTEMPATH/Common.php(1190): CodeIgniter\View\View->render('admin/cropTypeViews/viewCropTypeForm', [], true)
 9 APPPATH/Controllers/GoBaseController.php(277): view('admin/cropTypeViews/viewCropTypeForm', [...])
10 APPPATH/Controllers/Admin/CropTypesController.php(147): App\Controllers\GoBaseController->displayForm('App\\Controllers\\Admin\\CropTypesController::add')
11 SYSTEMPATH/CodeIgniter.php(942): App\Controllers\Admin\CropTypesController->add()
12 SYSTEMPATH/CodeIgniter.php(502): CodeIgniter\CodeIgniter->runController(Object(App\Controllers\Admin\CropTypesController))
13 SYSTEMPATH/CodeIgniter.php(361): CodeIgniter\CodeIgniter->handleRequest(null, Object(Config\Cache), false)
14 FCPATH/index.php(79): CodeIgniter\CodeIgniter->run()
15 SYSTEMPATH/Commands/Server/rewrite.php(47): require_once('/Users/tonypeter/Downloads/MMMFret/public/index.php')
INFO - 2023-12-15 23:55:35 --> Session: Class initialized using 'CodeIgniter\Session\Handlers\FileHandler' driver.
INFO - 2023-12-15 23:55:36 --> Session: Class initialized using 'CodeIgniter\Session\Handlers\FileHandler' driver.
CRITICAL - 2023-12-15 23:55:36 --> Undefined property: App\Controllers\Admin\CropTypesController::$timezoneHandler
in APPPATH/Controllers/Admin/CropTypesController.php on line 71.
 1 APPPATH/Controllers/Admin/CropTypesController.php(71): CodeIgniter\Debug\Exceptions->errorHandler(2, 'Undefined property: App\\Controllers\\Admin\\CropTypesController::$timezoneHandler', '/Users/tonypeter/Downloads/MMMFret/app/Controllers/Admin/CropTypesController.php', 71)
 2 SYSTEMPATH/CodeIgniter.php(942): App\Controllers\Admin\CropTypesController->index()
 3 SYSTEMPATH/CodeIgniter.php(502): CodeIgniter\CodeIgniter->runController(Object(App\Controllers\Admin\CropTypesController))
 4 SYSTEMPATH/CodeIgniter.php(361): CodeIgniter\CodeIgniter->handleRequest(null, Object(Config\Cache), false)
 5 FCPATH/index.php(79): CodeIgniter\CodeIgniter->run()
 6 SYSTEMPATH/Commands/Server/rewrite.php(47): require_once('/Users/tonypeter/Downloads/MMMFret/public/index.php')
INFO - 2023-12-15 23:57:05 --> Session: Class initialized using 'CodeIgniter\Session\Handlers\FileHandler' driver.
CRITICAL - 2023-12-15 23:57:05 --> Undefined property: App\Controllers\Admin\CropTypesController::$timezoneHandler
in APPPATH/Controllers/Admin/CropTypesController.php on line 72.
 1 APPPATH/Controllers/Admin/CropTypesController.php(72): CodeIgniter\Debug\Exceptions->errorHandler(2, 'Undefined property: App\\Controllers\\Admin\\CropTypesController::$timezoneHandler', '/Users/tonypeter/Downloads/MMMFret/app/Controllers/Admin/CropTypesController.php', 72)
 2 SYSTEMPATH/CodeIgniter.php(942): App\Controllers\Admin\CropTypesController->index()
 3 SYSTEMPATH/CodeIgniter.php(502): CodeIgniter\CodeIgniter->runController(Object(App\Controllers\Admin\CropTypesController))
 4 SYSTEMPATH/CodeIgniter.php(361): CodeIgniter\CodeIgniter->handleRequest(null, Object(Config\Cache), false)
 5 FCPATH/index.php(79): CodeIgniter\CodeIgniter->run()
 6 SYSTEMPATH/Commands/Server/rewrite.php(47): require_once('/Users/tonypeter/Downloads/MMMFret/public/index.php')
